2024-12-16 20:31:58,346 [INFO] Activator:176 - 


2024-12-16 20:31:58,351 [INFO] Activator:177 - !SESSION log4j initialized
2024-12-16 20:32:01,709 [INFO] LogOutputStream:77 - [STDOUT_REDIRECT] 
2024-12-16 20:32:04,388 [INFO] ApplicationProperties:184 - Using Application install path: C:\ST\STM32CubeIDE_1.16.0\STM32CubeIDE\plugins\com.st.stm32cube.common.mx_6.12.0.202406281431
2024-12-16 20:32:04,405 [INFO] DbMcusXml:78 - Set database path to: C:\ST\STM32CubeIDE_1.16.0\STM32CubeIDE\plugins\com.st.stm32cube.common.mx_6.12.0.202406281431\\db\/mcu/
2024-12-16 20:32:04,405 [INFO] ApiDb:274 - Set plugin database path to: C:\ST\STM32CubeIDE_1.16.0\STM32CubeIDE\plugins\com.st.stm32cube.common.mx_6.12.0.202406281431\\db\/plugins/boardmanager/
2024-12-16 20:32:04,406 [WARN] ApiDb:259 - Overriding images path with different value:  => C:\ST\STM32CubeIDE_1.16.0\STM32CubeIDE\plugins\com.st.stm32cube.common.mx_6.12.0.202406281431\\db\/plugins/mcufinder/images/
2024-12-16 20:32:04,416 [INFO] ApiDb:250 - Set database path to: C:\Users\machi\.stmcufinder\plugins\mcufinder//mcu/
2024-12-16 20:32:04,417 [INFO] DbMcusAds:125 - Set database path to: C:\Users\machi\.stmcufinder\plugins\mcufinder//mcu/
2024-12-16 20:32:04,419 [INFO] CrossReferenceDbSqlite:203 - Set database path to: C:\Users\machi\.stmcufinder\plugins\mcufinder//mcu/cs/
2024-12-16 20:32:04,550 [INFO] RulesReader:64 - Compatibility file has been processed (297 Rules)
2024-12-16 20:32:04,661 [INFO] DbMcusXml:78 - Set database path to: C:\ST\STM32CubeIDE_1.16.0\STM32CubeIDE\plugins\com.st.stm32cube.common.mx_6.12.0.202406281431\\db\/mcu/
2024-12-16 20:32:04,662 [INFO] ApiDb:274 - Set plugin database path to: C:\ST\STM32CubeIDE_1.16.0\STM32CubeIDE\plugins\com.st.stm32cube.common.mx_6.12.0.202406281431\\db\/plugins/boardmanager/
2024-12-16 20:32:04,662 [INFO] ApiDb:261 - Set plugin images path to: C:\ST\STM32CubeIDE_1.16.0\STM32CubeIDE\plugins\com.st.stm32cube.common.mx_6.12.0.202406281431\\db\/plugins/mcufinder/images/
2024-12-16 20:32:04,662 [WARN] DbFile:41 - Overriding database path with different value: C:\Users\machi\.stmcufinder\plugins\mcufinder/ => C:\Users\machi\.stmcufinder\plugins\mcufinder
2024-12-16 20:32:04,662 [INFO] ApiDb:250 - Set database path to: C:\Users\machi\.stmcufinder\plugins\mcufinder//mcu/
2024-12-16 20:32:04,662 [WARN] DbFile:41 - Overriding database path with different value: C:\Users\machi\.stmcufinder\plugins\mcufinder/ => C:\Users\machi\.stmcufinder\plugins\mcufinder
2024-12-16 20:32:04,662 [INFO] DbMcusAds:125 - Set database path to: C:\Users\machi\.stmcufinder\plugins\mcufinder//mcu/
2024-12-16 20:32:04,663 [WARN] DbFile:41 - Overriding database path with different value: C:\Users\machi\.stmcufinder\plugins\mcufinder/ => C:\Users\machi\.stmcufinder\plugins\mcufinder
2024-12-16 20:32:04,663 [WARN] DbFile:41 - Overriding database path with different value: C:\Users\machi\.stmcufinder\plugins\mcufinder/ => C:\Users\machi\.stmcufinder\plugins\mcufinder
2024-12-16 20:32:04,663 [INFO] CrossReferenceDbSqlite:203 - Set database path to: C:\Users\machi\.stmcufinder\plugins\mcufinder//mcu/cs/
2024-12-16 20:32:04,751 [INFO] MainPanel:268 - HeapMemory: 268435456
2024-12-16 20:32:04,822 [INFO] DbMcusXml:78 - Set database path to: C:\ST\STM32CubeIDE_1.16.0\STM32CubeIDE\plugins\com.st.stm32cube.common.mx_6.12.0.202406281431\\db\/mcu/
2024-12-16 20:32:04,823 [INFO] ApiDb:274 - Set plugin database path to: C:\ST\STM32CubeIDE_1.16.0\STM32CubeIDE\plugins\com.st.stm32cube.common.mx_6.12.0.202406281431\\db\/plugins/boardmanager/
2024-12-16 20:32:04,823 [INFO] ApiDb:261 - Set plugin images path to: C:\ST\STM32CubeIDE_1.16.0\STM32CubeIDE\plugins\com.st.stm32cube.common.mx_6.12.0.202406281431\\db\/plugins/mcufinder/images/
2024-12-16 20:32:04,823 [WARN] DbFile:41 - Overriding database path with different value: C:\Users\machi\.stmcufinder\plugins\mcufinder/ => C:\Users\machi\.stmcufinder\plugins\mcufinder
2024-12-16 20:32:04,823 [INFO] ApiDb:250 - Set database path to: C:\Users\machi\.stmcufinder\plugins\mcufinder//mcu/
2024-12-16 20:32:04,823 [WARN] DbFile:41 - Overriding database path with different value: C:\Users\machi\.stmcufinder\plugins\mcufinder/ => C:\Users\machi\.stmcufinder\plugins\mcufinder
2024-12-16 20:32:04,823 [INFO] DbMcusAds:125 - Set database path to: C:\Users\machi\.stmcufinder\plugins\mcufinder//mcu/
2024-12-16 20:32:04,824 [WARN] DbFile:41 - Overriding database path with different value: C:\Users\machi\.stmcufinder\plugins\mcufinder/ => C:\Users\machi\.stmcufinder\plugins\mcufinder
2024-12-16 20:32:04,824 [WARN] DbFile:41 - Overriding database path with different value: C:\Users\machi\.stmcufinder\plugins\mcufinder/ => C:\Users\machi\.stmcufinder\plugins\mcufinder
2024-12-16 20:32:04,824 [INFO] CrossReferenceDbSqlite:203 - Set database path to: C:\Users\machi\.stmcufinder\plugins\mcufinder//mcu/cs/
2024-12-16 20:32:04,843 [INFO] ApplicationProperties:184 - Using Application install path: C:\ST\STM32CubeIDE_1.16.0\STM32CubeIDE\plugins\com.st.stm32cube.common.mx_6.12.0.202406281431
2024-12-16 20:32:04,844 [INFO] PluginManage:196 - Search for loadable plugins [exclusion list=, ]
2024-12-16 20:32:04,846 [INFO] PluginManage:310 - Check plugin analytics
2024-12-16 20:32:05,064 [INFO] AnalyticsPlugin:253 - Accepted Software Licenses: STM32CubeMX.6.8.1,STM32CubeMX.6.10.0,STM32CubeMX.6.11.1,STM32CubeMX.6.12.0
2024-12-16 20:32:05,065 [INFO] AnalyticsPlugin:255 - Accepted CMSIS Pack Licenses: 
2024-12-16 20:32:05,065 [INFO] AnalyticsPlugin:257 - Accepted Firmware Licenses: FW.F4.1.27.0,FW.F4.1.28.0
2024-12-16 20:32:05,070 [INFO] PluginManage:359 - Loaded plugin analytics (category:tool,tabindex:-1)
2024-12-16 20:32:05,070 [INFO] PluginManage:310 - Check plugin cadmodel
2024-12-16 20:32:05,076 [INFO] CADModel:105 - Init CAD model plugin
2024-12-16 20:32:05,076 [INFO] PluginManage:359 - Loaded plugin cadmodel (category:power,tabindex:5)
2024-12-16 20:32:05,076 [INFO] PluginManage:310 - Check plugin clock
2024-12-16 20:32:05,090 [INFO] PluginManage:359 - Loaded plugin clock (category:base,tabindex:2)
2024-12-16 20:32:05,090 [INFO] PluginManage:310 - Check plugin ddr
2024-12-16 20:32:05,095 [INFO] PluginManage:359 - Loaded plugin ddr (category:tool,tabindex:6)
2024-12-16 20:32:05,095 [INFO] PluginManage:310 - Check plugin filemanager
2024-12-16 20:32:05,299 [INFO] PluginManage:359 - Loaded plugin filemanager (category:base,tabindex:10)
2024-12-16 20:32:05,300 [INFO] PluginManage:310 - Check plugin ipmanager
2024-12-16 20:32:05,317 [INFO] PluginManage:359 - Loaded plugin ipmanager (category:base,tabindex:5)
2024-12-16 20:32:05,317 [INFO] PluginManage:310 - Check plugin lpbam
2024-12-16 20:32:05,329 [INFO] PluginManage:359 - Loaded plugin lpbam (category:base,tabindex:0)
2024-12-16 20:32:05,329 [INFO] PluginManage:310 - Check plugin memorymap
2024-12-16 20:32:05,346 [INFO] PluginManage:359 - Loaded plugin memorymap (category:base,tabindex:4)
2024-12-16 20:32:05,346 [INFO] PluginManage:310 - Check plugin pinoutandconfiguration
2024-12-16 20:32:05,359 [INFO] PluginManage:359 - Loaded plugin pinoutandconfiguration (category:base,tabindex:1)
2024-12-16 20:32:05,359 [INFO] PluginManage:310 - Check plugin pinoutconfig
2024-12-16 20:32:05,501 [WARN] SupportedApi:132 - Cannot load RTOS API schema: s4s-elt-must-match.1: The content of 'definitions' must match (annotation?, (simpleType | complexType)?, (unique | key | keyref)*)). A problem was found starting at: attribute.
2024-12-16 20:32:05,722 [INFO] PluginManage:359 - Loaded plugin pinoutconfig (category:base,tabindex:0)
2024-12-16 20:32:05,722 [INFO] PluginManage:310 - Check plugin power
2024-12-16 20:32:05,737 [INFO] PluginManage:359 - Loaded plugin power (category:power,tabindex:4)
2024-12-16 20:32:05,737 [INFO] PluginManage:310 - Check plugin projectmanager
2024-12-16 20:32:05,769 [INFO] PluginManage:359 - Loaded plugin projectmanager (category:projectmanager,tabindex:4)
2024-12-16 20:32:05,770 [INFO] PluginManage:310 - Check plugin rif
2024-12-16 20:32:05,777 [INFO] PluginManage:359 - Loaded plugin rif (category:base,tabindex:3)
2024-12-16 20:32:05,777 [INFO] PluginManage:310 - Check plugin thirdparty
2024-12-16 20:32:06,040 [INFO] PluginManage:359 - Loaded plugin thirdparty (category:base,tabindex:-1)
2024-12-16 20:32:06,040 [WARN] IntegrityCheckThread:84 - waiting for thirdparty lock release [integrity check]
2024-12-16 20:32:06,040 [INFO] PluginManage:310 - Check plugin tools
2024-12-16 20:32:06,040 [INFO] IntegrityCheckThread:86 - entering critical section [integrity check]
2024-12-16 20:32:06,041 [INFO] ThirdPartyUpdaterWithRetryManager:70 - Updater plugin not ready yet. [1/15]
2024-12-16 20:32:06,048 [INFO] PluginManage:359 - Loaded plugin tools (category:base,tabindex:7)
2024-12-16 20:32:06,049 [INFO] PluginManage:310 - Check plugin tutovideos
2024-12-16 20:32:06,286 [INFO] PluginManage:359 - Loaded plugin tutovideos (category:base,tabindex:-1)
2024-12-16 20:32:06,287 [INFO] PluginManage:310 - Check plugin updater
2024-12-16 20:32:06,309 [INFO] PluginManage:359 - Loaded plugin updater (category:base,tabindex:12)
2024-12-16 20:32:06,309 [INFO] PluginManage:310 - Check plugin userauth
2024-12-16 20:32:06,317 [INFO] UserAuth:113 - Init User Auth plugin
2024-12-16 20:32:06,317 [INFO] PluginManage:359 - Loaded plugin userauth (category:base,tabindex:14)
2024-12-16 20:32:06,318 [INFO] PluginManage:283 - PluginManage : Loaded plugins [18]
2024-12-16 20:32:06,596 [INFO] PinOutPanel:1561 - setPackage(No Configuration,No Configuration)
2024-12-16 20:32:06,741 [INFO] CADModel:165 - CPN selected for project level
2024-12-16 20:32:06,741 [INFO] CADModel:114 - Register for checkConnection events
2024-12-16 20:32:06,763 [INFO] IPUIPlugin:80 - create IPUIPlugin
2024-12-16 20:32:06,763 [INFO] PluginManager:220 - loadIPPluginJar : add adc
2024-12-16 20:32:06,768 [INFO] IPUIPlugin:80 - create IPUIPlugin
2024-12-16 20:32:06,769 [INFO] PluginManager:220 - loadIPPluginJar : add aes
2024-12-16 20:32:06,773 [INFO] IPUIPlugin:80 - create IPUIPlugin
2024-12-16 20:32:06,773 [INFO] PluginManager:220 - loadIPPluginJar : add can
2024-12-16 20:32:06,776 [INFO] IPUIPlugin:80 - create IPUIPlugin
2024-12-16 20:32:06,776 [INFO] PluginManager:220 - loadIPPluginJar : add comp
2024-12-16 20:32:06,780 [INFO] IPUIPlugin:80 - create IPUIPlugin
2024-12-16 20:32:06,780 [INFO] PluginManager:220 - loadIPPluginJar : add cryp
2024-12-16 20:32:06,783 [INFO] IPUIPlugin:80 - create IPUIPlugin
2024-12-16 20:32:06,783 [INFO] PluginManager:220 - loadIPPluginJar : add ddr_ctrl_phy
2024-12-16 20:32:06,786 [INFO] IPUIPlugin:80 - create IPUIPlugin
2024-12-16 20:32:06,786 [INFO] PluginManager:220 - loadIPPluginJar : add dfsdm
2024-12-16 20:32:06,791 [INFO] IPUIPlugin:80 - create IPUIPlugin
2024-12-16 20:32:06,792 [INFO] PluginManager:220 - loadIPPluginJar : add dma
2024-12-16 20:32:06,795 [INFO] IPUIPlugin:80 - create IPUIPlugin
2024-12-16 20:32:06,795 [INFO] PluginManager:220 - loadIPPluginJar : add dma3
2024-12-16 20:32:06,799 [INFO] IPUIPlugin:80 - create IPUIPlugin
2024-12-16 20:32:06,799 [INFO] PluginManager:220 - loadIPPluginJar : add extmemmanager
2024-12-16 20:32:06,801 [INFO] IPUIPlugin:80 - create IPUIPlugin
2024-12-16 20:32:06,801 [INFO] PluginManager:220 - loadIPPluginJar : add fatfs
2024-12-16 20:32:06,806 [INFO] IPUIPlugin:80 - create IPUIPlugin
2024-12-16 20:32:06,806 [INFO] PluginManager:220 - loadIPPluginJar : add fmc
2024-12-16 20:32:06,812 [INFO] IPUIPlugin:80 - create IPUIPlugin
2024-12-16 20:32:06,813 [INFO] PluginManager:220 - loadIPPluginJar : add freertos
2024-12-16 20:32:06,816 [INFO] IPUIPlugin:80 - create IPUIPlugin
2024-12-16 20:32:06,816 [INFO] PluginManager:220 - loadIPPluginJar : add genericplugin
2024-12-16 20:32:06,820 [INFO] IPUIPlugin:80 - create IPUIPlugin
2024-12-16 20:32:06,820 [INFO] PluginManager:220 - loadIPPluginJar : add gfxmmu
2024-12-16 20:32:06,827 [INFO] IPUIPlugin:80 - create IPUIPlugin
2024-12-16 20:32:06,827 [INFO] PluginManager:220 - loadIPPluginJar : add gic
2024-12-16 20:32:06,833 [INFO] IPUIPlugin:80 - create IPUIPlugin
2024-12-16 20:32:06,833 [INFO] PluginManager:220 - loadIPPluginJar : add gpio
2024-12-16 20:32:06,838 [INFO] IPUIPlugin:80 - create IPUIPlugin
2024-12-16 20:32:06,838 [INFO] PluginManager:220 - loadIPPluginJar : add gtzc
2024-12-16 20:32:06,843 [INFO] IPUIPlugin:80 - create IPUIPlugin
2024-12-16 20:32:06,843 [INFO] PluginManager:220 - loadIPPluginJar : add hash
2024-12-16 20:32:06,847 [INFO] IPUIPlugin:80 - create IPUIPlugin
2024-12-16 20:32:06,847 [INFO] PluginManager:220 - loadIPPluginJar : add i2c
2024-12-16 20:32:06,851 [INFO] IPUIPlugin:80 - create IPUIPlugin
2024-12-16 20:32:06,851 [INFO] PluginManager:220 - loadIPPluginJar : add i2s
2024-12-16 20:32:06,854 [INFO] IPUIPlugin:80 - create IPUIPlugin
2024-12-16 20:32:06,854 [INFO] PluginManager:220 - loadIPPluginJar : add i3c
2024-12-16 20:32:06,857 [INFO] IPUIPlugin:80 - create IPUIPlugin
2024-12-16 20:32:06,857 [INFO] PluginManager:220 - loadIPPluginJar : add ipddr
2024-12-16 20:32:06,864 [INFO] IPUIPlugin:80 - create IPUIPlugin
2024-12-16 20:32:06,864 [INFO] PluginManager:220 - loadIPPluginJar : add linkedlist
2024-12-16 20:32:06,868 [INFO] IPUIPlugin:80 - create IPUIPlugin
2024-12-16 20:32:06,868 [INFO] PluginManager:220 - loadIPPluginJar : add lorawan
2024-12-16 20:32:06,870 [INFO] IPUIPlugin:80 - create IPUIPlugin
2024-12-16 20:32:06,870 [INFO] PluginManager:220 - loadIPPluginJar : add ltdc
2024-12-16 20:32:06,875 [INFO] IPUIPlugin:80 - create IPUIPlugin
2024-12-16 20:32:06,876 [INFO] PluginManager:220 - loadIPPluginJar : add mdma
2024-12-16 20:32:06,880 [INFO] IPUIPlugin:80 - create IPUIPlugin
2024-12-16 20:32:06,881 [INFO] PluginManager:220 - loadIPPluginJar : add nvic
2024-12-16 20:32:06,885 [INFO] IPUIPlugin:80 - create IPUIPlugin
2024-12-16 20:32:06,885 [INFO] PluginManager:220 - loadIPPluginJar : add opamp
2024-12-16 20:32:06,890 [INFO] IPUIPlugin:80 - create IPUIPlugin
2024-12-16 20:32:06,890 [INFO] PluginManager:220 - loadIPPluginJar : add openamp
2024-12-16 20:32:06,894 [INFO] IPUIPlugin:80 - create IPUIPlugin
2024-12-16 20:32:06,894 [INFO] PluginManager:220 - loadIPPluginJar : add pdm2pcm
2024-12-16 20:32:06,901 [INFO] IPUIPlugin:80 - create IPUIPlugin
2024-12-16 20:32:06,903 [INFO] PluginManager:220 - loadIPPluginJar : add plateformsettings
2024-12-16 20:32:06,906 [INFO] IPUIPlugin:80 - create IPUIPlugin
2024-12-16 20:32:06,906 [INFO] PluginManager:220 - loadIPPluginJar : add quadspi
2024-12-16 20:32:06,909 [INFO] IPUIPlugin:80 - create IPUIPlugin
2024-12-16 20:32:06,910 [INFO] PluginManager:220 - loadIPPluginJar : add radio
2024-12-16 20:32:06,914 [INFO] IPUIPlugin:80 - create IPUIPlugin
2024-12-16 20:32:06,914 [INFO] PluginManager:220 - loadIPPluginJar : add resmgrutility
2024-12-16 20:32:06,917 [INFO] IPUIPlugin:80 - create IPUIPlugin
2024-12-16 20:32:06,918 [INFO] PluginManager:220 - loadIPPluginJar : add sai
2024-12-16 20:32:06,921 [INFO] IPUIPlugin:80 - create IPUIPlugin
2024-12-16 20:32:06,921 [INFO] PluginManager:220 - loadIPPluginJar : add spi
2024-12-16 20:32:06,926 [INFO] IPUIPlugin:80 - create IPUIPlugin
2024-12-16 20:32:06,926 [INFO] PluginManager:220 - loadIPPluginJar : add stm32_wpan
2024-12-16 20:32:06,928 [INFO] IPUIPlugin:80 - create IPUIPlugin
2024-12-16 20:32:06,928 [INFO] PluginManager:220 - loadIPPluginJar : add tim
2024-12-16 20:32:06,932 [INFO] IPUIPlugin:80 - create IPUIPlugin
2024-12-16 20:32:06,932 [INFO] PluginManager:220 - loadIPPluginJar : add touchsensing
2024-12-16 20:32:06,935 [INFO] IPUIPlugin:80 - create IPUIPlugin
2024-12-16 20:32:06,935 [INFO] PluginManager:220 - loadIPPluginJar : add tracer_emb
2024-12-16 20:32:06,938 [INFO] IPUIPlugin:80 - create IPUIPlugin
2024-12-16 20:32:06,938 [INFO] PluginManager:220 - loadIPPluginJar : add ts
2024-12-16 20:32:06,941 [INFO] IPUIPlugin:80 - create IPUIPlugin
2024-12-16 20:32:06,941 [INFO] PluginManager:220 - loadIPPluginJar : add tsc
2024-12-16 20:32:06,944 [INFO] IPUIPlugin:80 - create IPUIPlugin
2024-12-16 20:32:06,946 [INFO] PluginManager:220 - loadIPPluginJar : add ucpd
2024-12-16 20:32:06,948 [INFO] IPUIPlugin:80 - create IPUIPlugin
2024-12-16 20:32:06,948 [INFO] PluginManager:220 - loadIPPluginJar : add usart
2024-12-16 20:32:06,951 [INFO] IPUIPlugin:80 - create IPUIPlugin
2024-12-16 20:32:06,952 [INFO] PluginManager:220 - loadIPPluginJar : add usbx
2024-12-16 20:32:07,100 [INFO] CADModel:165 - CPN selected for project level
2024-12-16 20:32:07,101 [INFO] CADModel:114 - Register for checkConnection events
2024-12-16 20:32:07,101 [FATAL] Updater:334 - Updater called before beeing initialized
2024-12-16 20:32:07,101 [ERROR] CADModel:125 - Updater not yet initialized, retry later 
2024-12-16 20:32:07,231 [INFO] CADModel:165 - CPN selected for project level
2024-12-16 20:32:07,231 [INFO] CADModel:114 - Register for checkConnection events
2024-12-16 20:32:07,231 [FATAL] Updater:334 - Updater called before beeing initialized
2024-12-16 20:32:07,231 [ERROR] CADModel:125 - Updater not yet initialized, retry later 
2024-12-16 20:32:07,234 [FATAL] Updater:334 - Updater called before beeing initialized
2024-12-16 20:32:07,379 [FATAL] Updater:334 - Updater called before beeing initialized
2024-12-16 20:32:07,383 [INFO] DbMcusAds:53 - JSON generation date=Fri Sep 20 22:04:23 KST 2024 (1726837463113)
2024-12-16 20:32:07,383 [FATAL] Updater:334 - Updater called before beeing initialized
2024-12-16 20:32:07,427 [WARN] DetailPanel:346 - Failed to get advertising image, set to default
2024-12-16 20:32:07,611 [FATAL] Updater:334 - Updater called before beeing initialized
2024-12-16 20:32:07,613 [FATAL] Updater:334 - Updater called before beeing initialized
2024-12-16 20:32:07,613 [FATAL] Updater:334 - Updater called before beeing initialized
2024-12-16 20:32:07,613 [WARN] DetailPanel:346 - Failed to get advertising image, set to default
2024-12-16 20:32:07,614 [FATAL] Updater:334 - Updater called before beeing initialized
2024-12-16 20:32:07,674 [ERROR] Updater:1164 - MainUpdater not yet initialized. External WinMGr cannot be set.
2024-12-16 20:32:07,677 [INFO] Updater:1100 - Updater Version found : 6.12.0
2024-12-16 20:32:07,697 [INFO] ApplicationProperties:184 - Using Application install path: C:\ST\STM32CubeIDE_1.16.0\STM32CubeIDE\plugins\com.st.stm32cube.common.mx_6.12.0.202406281431
2024-12-16 20:32:08,279 [INFO] MainUpdater:2873 - connection check result : 10
2024-12-16 20:32:08,280 [INFO] MainUpdater:290 - Updater Check For Update Now.
2024-12-16 20:32:08,280 [INFO] MicroXplorer:498 - Change Database Version : DB.6.0.120
2024-12-16 20:32:08,287 [INFO] McuFinderGlobals:63 - Set McuFinder mode to 2 (CubeIDE integrated)
2024-12-16 20:32:08,288 [INFO] UserAuth:179 - activating auth plugin
2024-12-16 20:32:08,291 [INFO] UserAuth:417 - Internet connection configuration mode: 1
2024-12-16 20:32:08,317 [INFO] JxBrowserEngine:152 - Initiate JxBrowser Engine with user profile folder
2024-12-16 20:32:08,514 [INFO] CheckServerUpdateThread:120 - End of CheckServer Thread
2024-12-16 20:32:09,512 [INFO] WebApp:167 - Instantiating new browser for Auth
2024-12-16 20:32:10,197 [WARN] PackLoader:240 - Cannot read IP mode file for STMicroelectronics.FP-SNS-MOTENVWB1.1.4.0
2024-12-16 20:32:10,214 [WARN] PackLoader:240 - Cannot read IP mode file for STMicroelectronics.FP-ATR-ASTRA1.2.0.1
2024-12-16 20:32:10,230 [WARN] PackLoader:240 - Cannot read IP mode file for STMicroelectronics.X-CUBE-SMBUS.2.1.0
2024-12-16 20:32:10,244 [WARN] PackLoader:240 - Cannot read IP mode file for STMicroelectronics.X-CUBE-WB05N.1.1.0
2024-12-16 20:32:10,257 [WARN] PackLoader:240 - Cannot read IP mode file for STMicroelectronics.X-CUBE-TOUCHGFX.4.23.1
2024-12-16 20:32:10,262 [WARN] PackLoader:240 - Cannot read IP mode file for STMicroelectronics.X-CUBE-TOUCHGFX.4.23.0
2024-12-16 20:32:10,267 [WARN] PackLoader:240 - Cannot read IP mode file for STMicroelectronics.X-CUBE-TOUCHGFX.4.23.2
2024-12-16 20:32:10,322 [WARN] PackLoader:240 - Cannot read IP mode file for STMicroelectronics.X-CUBE-AZRTOS-F7.1.1.0
2024-12-16 20:32:10,353 [WARN] PackLoader:240 - Cannot read IP mode file for STMicroelectronics.FP-SNS-MOTENV1.4.3.2
2024-12-16 20:32:10,366 [ERROR] RealEvaluatedCondition:428 - Found unsupported composite condition: GROUP='STM32_MetaDataManager' CLASS='Data Exchange'
2024-12-16 20:32:10,366 [ERROR] RealEvaluatedCondition:428 - Found unsupported composite condition: GROUP='STM32_MetaDataManager' CLASS='Data Exchange'
2024-12-16 20:32:10,369 [WARN] PackLoader:240 - Cannot read IP mode file for STMicroelectronics.FP-SNS-MOTENV1.4.3.1
2024-12-16 20:32:10,384 [WARN] PackLoader:240 - Cannot read IP mode file for STMicroelectronics.FP-SNS-FLIGHT1.5.0.1
2024-12-16 20:32:10,524 [WARN] PackLoader:240 - Cannot read IP mode file for STMicroelectronics.X-CUBE-MEMS1.11.0.0
2024-12-16 20:32:10,894 [WARN] PackLoader:240 - Cannot read IP mode file for STMicroelectronics.X-CUBE-BLE1.6.2.4
2024-12-16 20:32:10,904 [WARN] PackLoader:240 - Cannot read IP mode file for STMicroelectronics.FP-SNS-FLIGHT1.5.0.2
2024-12-16 20:32:10,918 [WARN] PackLoader:240 - Cannot read IP mode file for STMicroelectronics.X-CUBE-DISPLAY.3.0.0
2024-12-16 20:32:10,930 [WARN] PackLoader:240 - Cannot read IP mode file for STMicroelectronics.X-CUBE-BLE1.7.0.0
2024-12-16 20:32:10,937 [INFO] WebApp:448 - Apply proxy settings
2024-12-16 20:32:10,938 [INFO] WebApp:533 - Chromium requires no authentication
2024-12-16 20:32:10,944 [WARN] PackLoader:240 - Cannot read IP mode file for STMicroelectronics.X-CUBE-NFC10.1.0.0
2024-12-16 20:32:10,951 [INFO] WebApp:476 - Direct internet connection detected
2024-12-16 20:32:10,964 [WARN] PackLoader:240 - Cannot read IP mode file for STMicroelectronics.X-CUBE-BLEMGR.4.0.0
2024-12-16 20:32:10,973 [WARN] PackLoader:240 - Cannot read IP mode file for STMicroelectronics.X-CUBE-TOUCHGFX.4.22.1
2024-12-16 20:32:10,987 [WARN] PackLoader:240 - Cannot read IP mode file for STMicroelectronics.X-CUBE-BLEMGR.3.1.0
2024-12-16 20:32:10,999 [WARN] PackLoader:240 - Cannot read IP mode file for STMicroelectronics.FP-SNS-SMARTAG2.1.2.0
2024-12-16 20:32:11,001 [INFO] WebApp:869 - Register for checkConnection events
2024-12-16 20:32:11,002 [INFO] WebApp:448 - Apply proxy settings
2024-12-16 20:32:11,002 [INFO] WebApp:533 - Chromium requires no authentication
2024-12-16 20:32:11,003 [INFO] WebApp:476 - Direct internet connection detected
2024-12-16 20:32:11,015 [INFO] LogOutputStream:77 - [STDOUT_REDIRECT] 1 : Invalid condition id : UX_CORESTACK_Condition cause : null
2024-12-16 20:32:11,016 [INFO] LogOutputStream:77 - [STDOUT_REDIRECT] 1 : Invalid condition id : UX_CORESTACK_Condition cause : null
2024-12-16 20:32:11,018 [INFO] LogOutputStream:77 - [STDOUT_REDIRECT] 1 : Invalid condition id : UX_CORESTACK_Condition cause : null
2024-12-16 20:32:11,020 [INFO] LogOutputStream:77 - [STDOUT_REDIRECT] 1 : Invalid condition id : UX_CORESTACK_Condition cause : null
2024-12-16 20:32:11,022 [INFO] LogOutputStream:77 - [STDOUT_REDIRECT] 1 : Invalid condition id : UX_CORESTACK_Condition cause : null
2024-12-16 20:32:11,027 [WARN] PackLoader:240 - Cannot read IP mode file for STMicroelectronics.X-CUBE-AZRTOS-WL.2.0.0
2024-12-16 20:32:11,036 [WARN] PackLoader:240 - Cannot read IP mode file for STMicroelectronics.FP-SNS-MOTENV1.5.0.0
2024-12-16 20:32:11,048 [WARN] PackLoader:240 - Cannot read IP mode file for wolfSSL.I-CUBE-wolfMQTT.1.19.0
2024-12-16 20:32:11,062 [WARN] PackLoader:240 - Cannot read IP mode file for WES.I-CUBE-Cesium.1.3.0
2024-12-16 20:32:11,070 [WARN] PackLoader:240 - Cannot read IP mode file for STMicroelectronics.X-CUBE-BLE2.3.3.0
2024-12-16 20:32:11,081 [WARN] PackLoader:240 - Cannot read IP mode file for STMicroelectronics.X-CUBE-NFC9.1.0.0
2024-12-16 20:32:11,095 [WARN] PackLoader:240 - Cannot read IP mode file for STMicroelectronics.X-CUBE-TCPP.4.1.0
2024-12-16 20:32:11,103 [WARN] PackLoader:240 - Cannot read IP mode file for STMicroelectronics.X-CUBE-TOUCHGFX.4.21.4
2024-12-16 20:32:11,114 [WARN] PackLoader:240 - Cannot read IP mode file for STMicroelectronics.X-CUBE-ALGOBUILD.1.3.0
2024-12-16 20:32:11,139 [WARN] PackLoader:240 - Cannot read IP mode file for STMicroelectronics.X-CUBE-AZRTOS-G0.1.1.0
2024-12-16 20:32:11,155 [WARN] PackLoader:240 - Cannot read IP mode file for STMicroelectronics.X-CUBE-SAFEA1.1.2.2
2024-12-16 20:32:11,166 [WARN] PackLoader:240 - Cannot read IP mode file for STMicroelectronics.X-CUBE-NFC4.3.0.0
2024-12-16 20:32:11,173 [WARN] PackLoader:240 - Cannot read IP mode file for wolfSSL.I-CUBE-wolfMQTT.1.18.0
2024-12-16 20:32:11,189 [WARN] PackLoader:240 - Cannot read IP mode file for EmbeddedOffice.I-CUBE-FS-RTOS.1.0.1
2024-12-16 20:32:11,190 [ERROR] ConditionMgr:805 - Attr not supported : Dmpu
2024-12-16 20:32:11,190 [ERROR] ConditionMgr:805 - Attr not supported : Dmpu
2024-12-16 20:32:11,190 [ERROR] ConditionMgr:805 - Attr not supported : Dmpu
2024-12-16 20:32:11,191 [ERROR] ConditionMgr:805 - Attr not supported : Dmpu
2024-12-16 20:32:11,191 [ERROR] ConditionMgr:805 - Attr not supported : Dmpu
2024-12-16 20:32:11,191 [ERROR] ConditionMgr:805 - Attr not supported : Dmpu
2024-12-16 20:32:11,191 [ERROR] ConditionMgr:805 - Attr not supported : Dmpu
2024-12-16 20:32:11,191 [ERROR] ConditionMgr:805 - Attr not supported : Dmpu
2024-12-16 20:32:11,193 [ERROR] ConditionMgr:805 - Attr not supported : Dmpu
2024-12-16 20:32:11,193 [ERROR] ConditionMgr:805 - Attr not supported : Dmpu
2024-12-16 20:32:11,193 [ERROR] ConditionMgr:805 - Attr not supported : Dmpu
2024-12-16 20:32:11,193 [ERROR] ConditionMgr:805 - Attr not supported : Dmpu
2024-12-16 20:32:11,193 [ERROR] ConditionMgr:805 - Attr not supported : Dmpu
2024-12-16 20:32:11,194 [ERROR] ConditionMgr:805 - Attr not supported : Dmpu
2024-12-16 20:32:11,194 [ERROR] ConditionMgr:805 - Attr not supported : Dmpu
2024-12-16 20:32:11,194 [ERROR] ConditionMgr:805 - Attr not supported : Dmpu
2024-12-16 20:32:11,194 [ERROR] ConditionMgr:805 - Attr not supported : Dmpu
2024-12-16 20:32:11,194 [ERROR] ConditionMgr:805 - Attr not supported : Dmpu
2024-12-16 20:32:11,194 [ERROR] ConditionMgr:805 - Attr not supported : Dmpu
2024-12-16 20:32:11,195 [ERROR] ConditionMgr:805 - Attr not supported : Dmpu
2024-12-16 20:32:11,195 [ERROR] ConditionMgr:805 - Attr not supported : Dmpu
2024-12-16 20:32:11,195 [ERROR] ConditionMgr:805 - Attr not supported : Dmpu
2024-12-16 20:32:11,195 [ERROR] ConditionMgr:805 - Attr not supported : Dmpu
2024-12-16 20:32:11,195 [ERROR] ConditionMgr:805 - Attr not supported : Dmpu
2024-12-16 20:32:11,196 [ERROR] ConditionMgr:805 - Attr not supported : Dmpu
2024-12-16 20:32:11,196 [ERROR] ConditionMgr:805 - Attr not supported : Dmpu
2024-12-16 20:32:11,196 [ERROR] ConditionMgr:805 - Attr not supported : Dmpu
2024-12-16 20:32:11,196 [ERROR] ConditionMgr:805 - Attr not supported : Dmpu
2024-12-16 20:32:11,196 [ERROR] ConditionMgr:805 - Attr not supported : Dmpu
2024-12-16 20:32:11,196 [ERROR] ConditionMgr:805 - Attr not supported : Dmpu
2024-12-16 20:32:11,197 [ERROR] ConditionMgr:805 - Attr not supported : Dmpu
2024-12-16 20:32:11,197 [ERROR] ConditionMgr:805 - Attr not supported : Dmpu
2024-12-16 20:32:11,197 [ERROR] ConditionMgr:805 - Attr not supported : Dmpu
2024-12-16 20:32:11,197 [ERROR] ConditionMgr:805 - Attr not supported : Dmpu
2024-12-16 20:32:11,198 [ERROR] ConditionMgr:805 - Attr not supported : Dmpu
2024-12-16 20:32:11,198 [ERROR] ConditionMgr:805 - Attr not supported : Dmpu
2024-12-16 20:32:11,198 [ERROR] ConditionMgr:805 - Attr not supported : Dmpu
2024-12-16 20:32:11,198 [ERROR] ConditionMgr:805 - Attr not supported : Dmpu
2024-12-16 20:32:11,198 [ERROR] ConditionMgr:805 - Attr not supported : Dmpu
2024-12-16 20:32:11,198 [ERROR] ConditionMgr:805 - Attr not supported : Dmpu
2024-12-16 20:32:11,198 [ERROR] ConditionMgr:805 - Attr not supported : Dmpu
2024-12-16 20:32:11,199 [ERROR] ConditionMgr:805 - Attr not supported : Dmpu
2024-12-16 20:32:11,199 [ERROR] ConditionMgr:805 - Attr not supported : Dmpu
2024-12-16 20:32:11,199 [ERROR] ConditionMgr:805 - Attr not supported : Dmpu
2024-12-16 20:32:11,199 [ERROR] ConditionMgr:805 - Attr not supported : Dmpu
2024-12-16 20:32:11,200 [ERROR] ConditionMgr:805 - Attr not supported : Dmpu
2024-12-16 20:32:11,200 [ERROR] ConditionMgr:805 - Attr not supported : Dmpu
2024-12-16 20:32:11,200 [ERROR] ConditionMgr:805 - Attr not supported : Dmpu
2024-12-16 20:32:11,200 [ERROR] ConditionMgr:805 - Attr not supported : Dmpu
2024-12-16 20:32:11,201 [ERROR] ConditionMgr:805 - Attr not supported : Dmpu
2024-12-16 20:32:11,201 [ERROR] ConditionMgr:805 - Attr not supported : Dmpu
2024-12-16 20:32:11,201 [ERROR] ConditionMgr:805 - Attr not supported : Dmpu
2024-12-16 20:32:11,202 [ERROR] ConditionMgr:805 - Attr not supported : Dmpu
2024-12-16 20:32:11,202 [ERROR] ConditionMgr:805 - Attr not supported : Dmpu
2024-12-16 20:32:11,202 [ERROR] ConditionMgr:805 - Attr not supported : Dmpu
2024-12-16 20:32:11,202 [ERROR] ConditionMgr:805 - Attr not supported : Dmpu
2024-12-16 20:32:11,203 [ERROR] ConditionMgr:805 - Attr not supported : Dmpu
2024-12-16 20:32:11,203 [ERROR] ConditionMgr:805 - Attr not supported : Dmpu
2024-12-16 20:32:11,203 [ERROR] ConditionMgr:805 - Attr not supported : Dmpu
2024-12-16 20:32:11,203 [ERROR] ConditionMgr:805 - Attr not supported : Dmpu
2024-12-16 20:32:11,203 [ERROR] ConditionMgr:805 - Attr not supported : Dmpu
2024-12-16 20:32:11,204 [ERROR] ConditionMgr:805 - Attr not supported : Dmpu
2024-12-16 20:32:11,204 [ERROR] ConditionMgr:805 - Attr not supported : Dmpu
2024-12-16 20:32:11,205 [ERROR] ConditionMgr:805 - Attr not supported : Dmpu
2024-12-16 20:32:11,220 [WARN] PackLoader:240 - Cannot read IP mode file for STMicroelectronics.X-CUBE-BLEMGR.3.0.0
2024-12-16 20:32:11,232 [ERROR] Engine:466 - C:\Users\machi\.stm32cubemx\thirdparties\pdsc\STMicroelectronics.X-CUBE-TCPP.4.2.0.pdsc: PDSC version is not supported
2024-12-16 20:32:11,249 [WARN] PackLoader:240 - Cannot read IP mode file for RealThread.X-CUBE-RT-Thread_Nano.4.1.1
2024-12-16 20:32:11,263 [WARN] PackLoader:240 - Cannot read IP mode file for STMicroelectronics.FP-ATR-SIGFOX1.3.2.0
2024-12-16 20:32:11,270 [INFO] WebApp:186 - Connection restablished
2024-12-16 20:32:11,277 [WARN] ConditionMgr:438 - getConditionDescription Invalid condition id : Cortex-A Device cause : null
2024-12-16 20:32:11,308 [WARN] ConditionMgr:1039 - genDependencies : Invalid condition id : Cortex-A Device cause : null
2024-12-16 20:32:11,308 [WARN] ConditionMgr:1039 - genDependencies : Invalid condition id : Cortex-A Device cause : null
2024-12-16 20:32:11,309 [WARN] ConditionMgr:1039 - genDependencies : Invalid condition id : Cortex-A Device cause : null
2024-12-16 20:32:11,325 [WARN] PackLoader:240 - Cannot read IP mode file for STMicroelectronics.X-CUBE-EEPRMA1.5.1.0
2024-12-16 20:32:11,411 [INFO] WebApp:220 - Starting web application
2024-12-16 20:32:11,412 [INFO] WebApp:578 - Web application path used C:\ST\STM32CubeIDE_1.16.0\STM32CubeIDE\plugins\com.st.stm32cube.common.mx_6.12.0.202406281431\db\plugins\mcufinder\reactClient1\index.html
2024-12-16 20:32:11,466 [WARN] PackLoader:240 - Cannot read IP mode file for SEGGER.I-CUBE-embOS.1.3.1
2024-12-16 20:32:11,544 [WARN] PackLoader:240 - Cannot read IP mode file for STMicroelectronics.X-CUBE-ALGOBUILD.1.4.0
2024-12-16 20:32:11,557 [WARN] PackLoader:240 - Cannot read IP mode file for STMicroelectronics.X-CUBE-AI.9.1.0
2024-12-16 20:32:11,579 [WARN] PackLoader:240 - Cannot read IP mode file for STMicroelectronics.X-CUBE-GNSS1.6.0.0
2024-12-16 20:32:11,611 [WARN] PackLoader:240 - Cannot read IP mode file for STMicroelectronics.X-CUBE-AZRTOS-F4.1.1.0
2024-12-16 20:32:11,624 [WARN] PackLoader:240 - Cannot read IP mode file for wolfSSL.I-CUBE-wolfSSL.5.6.0
2024-12-16 20:32:11,642 [WARN] PackLoader:240 - Cannot read IP mode file for STMicroelectronics.X-CUBE-ISPU.2.1.0
2024-12-16 20:32:11,658 [WARN] PackLoader:240 - Cannot read IP mode file for STMicroelectronics.X-CUBE-FREERTOS.1.2.0
2024-12-16 20:32:11,689 [WARN] PackLoader:240 - Cannot read IP mode file for STMicroelectronics.X-CUBE-AZRTOS-L5.2.0.0
2024-12-16 20:32:11,762 [WARN] PackLoader:240 - Cannot read IP mode file for STMicroelectronics.X-CUBE-MEMS1.9.6.0
2024-12-16 20:32:11,967 [WARN] PackLoader:240 - Cannot read IP mode file for STMicroelectronics.X-CUBE-EEPRMA1.4.2.0
2024-12-16 20:32:11,978 [WARN] PackLoader:240 - Cannot read IP mode file for STMicroelectronics.X-CUBE-NFC6.3.1.0
2024-12-16 20:32:11,991 [WARN] PackLoader:240 - Cannot read IP mode file for ITTIA_DB.I-CUBE-ITTIADB.8.8.0
2024-12-16 20:32:12,005 [WARN] PackLoader:240 - Cannot read IP mode file for emotas.I-CUBE-CANOPEN.1.1.3
2024-12-16 20:32:12,016 [WARN] PackLoader:240 - Cannot read IP mode file for STMicroelectronics.X-CUBE-BLEMGR.2.0.0
2024-12-16 20:32:12,028 [WARN] PackLoader:240 - Cannot read IP mode file for STMicroelectronics.X-CUBE-DPower.1.2.0
2024-12-16 20:32:12,035 [WARN] PackLoader:240 - Cannot read IP mode file for STMicroelectronics.X-CUBE-AI.9.0.0
2024-12-16 20:32:12,058 [WARN] ConditionMgr:438 - getConditionDescription Invalid condition id : UX DEVICE CLASS RTOS Condition cause : null
2024-12-16 20:32:12,058 [WARN] ConditionMgr:438 - getConditionDescription Invalid condition id : UX DEVICE CLASS RTOS Condition cause : null
2024-12-16 20:32:12,062 [WARN] PackLoader:240 - Cannot read IP mode file for STMicroelectronics.X-CUBE-AZRTOS-H7.3.1.0
2024-12-16 20:32:12,063 [WARN] ConditionMgr:1039 - genDependencies : Invalid condition id : UX DEVICE CLASS RTOS Condition cause : null
2024-12-16 20:32:12,063 [WARN] ConditionMgr:1039 - genDependencies : Invalid condition id : UX DEVICE CLASS RTOS Condition cause : null
2024-12-16 20:32:12,064 [WARN] ConditionMgr:1039 - genDependencies : Invalid condition id : UX DEVICE CLASS RTOS Condition cause : null
2024-12-16 20:32:12,064 [WARN] ConditionMgr:1039 - genDependencies : Invalid condition id : UX DEVICE CLASS RTOS Condition cause : null
2024-12-16 20:32:12,064 [WARN] ConditionMgr:1039 - genDependencies : Invalid condition id : UX DEVICE CLASS RTOS Condition cause : null
2024-12-16 20:32:12,074 [WARN] PackLoader:240 - Cannot read IP mode file for STMicroelectronics.X-CUBE-FREERTOS.1.3.0
2024-12-16 20:32:12,086 [WARN] PackLoader:240 - Cannot read IP mode file for STMicroelectronics.X-CUBE-NFC7.1.0.1
2024-12-16 20:32:12,097 [WARN] PackLoader:240 - Cannot read IP mode file for wolfSSL.I-CUBE-wolfTPM.3.2.0
2024-12-16 20:32:12,107 [WARN] PackLoader:240 - Cannot read IP mode file for STMicroelectronics.X-CUBE-NFC6.3.0.0
2024-12-16 20:32:12,119 [WARN] PackLoader:240 - Cannot read IP mode file for STMicroelectronics.X-CUBE-EEPRMA1.4.1.0
2024-12-16 20:32:12,134 [WARN] PackLoader:240 - Cannot read IP mode file for STMicroelectronics.X-CUBE-AI.8.1.0
2024-12-16 20:32:12,159 [WARN] ConditionMgr:438 - getConditionDescription Invalid condition id : LAN8742 Phy interface Condition cause : null
2024-12-16 20:32:12,160 [WARN] PackLoader:240 - Cannot read IP mode file for STMicroelectronics.X-CUBE-AZRTOS-L4.2.0.0
2024-12-16 20:32:12,162 [WARN] ConditionMgr:1039 - genDependencies : Invalid condition id : LAN8742 Phy interface Condition cause : null
2024-12-16 20:32:12,162 [WARN] ConditionMgr:1039 - genDependencies : Invalid condition id : LAN8742 Phy interface Condition cause : null
2024-12-16 20:32:12,163 [WARN] ConditionMgr:1039 - genDependencies : Invalid condition id : LAN8742 Phy interface Condition cause : null
2024-12-16 20:32:12,176 [WARN] PackLoader:240 - Cannot read IP mode file for STMicroelectronics.X-CUBE-SFXS2LP1.4.0.0
2024-12-16 20:32:12,183 [WARN] PackLoader:240 - Cannot read IP mode file for STMicroelectronics.X-CUBE-ISPU.1.1.0
2024-12-16 20:32:12,215 [WARN] PackLoader:240 - Cannot read IP mode file for STMicroelectronics.X-CUBE-AZRTOS-H7.3.3.0
2024-12-16 20:32:12,249 [WARN] PackLoader:240 - Cannot read IP mode file for STMicroelectronics.X-CUBE-IPS.3.0.0
2024-12-16 20:32:12,280 [WARN] ConditionMgr:438 - getConditionDescription Invalid condition id : UX DEVICE CLASS RTOS Condition cause : null
2024-12-16 20:32:12,280 [WARN] ConditionMgr:438 - getConditionDescription Invalid condition id : UX DEVICE CLASS RTOS Condition cause : null
2024-12-16 20:32:12,284 [WARN] PackLoader:240 - Cannot read IP mode file for STMicroelectronics.X-CUBE-AZRTOS-WB.2.0.0
2024-12-16 20:32:12,284 [WARN] ConditionMgr:1039 - genDependencies : Invalid condition id : UX DEVICE CLASS RTOS Condition cause : null
2024-12-16 20:32:12,285 [WARN] ConditionMgr:1039 - genDependencies : Invalid condition id : UX DEVICE CLASS RTOS Condition cause : null
2024-12-16 20:32:12,286 [WARN] ConditionMgr:1039 - genDependencies : Invalid condition id : UX DEVICE CLASS RTOS Condition cause : null
2024-12-16 20:32:12,286 [WARN] ConditionMgr:1039 - genDependencies : Invalid condition id : UX DEVICE CLASS RTOS Condition cause : null
2024-12-16 20:32:12,287 [WARN] ConditionMgr:1039 - genDependencies : Invalid condition id : UX DEVICE CLASS RTOS Condition cause : null
2024-12-16 20:32:12,296 [WARN] PackLoader:240 - Cannot read IP mode file for STMicroelectronics.X-CUBE-FREERTOS.1.0.1
2024-12-16 20:32:12,304 [WARN] PackLoader:240 - Cannot read IP mode file for STMicroelectronics.X-CUBE-GNSS1.7.0.0
2024-12-16 20:32:12,318 [WARN] PackLoader:240 - Cannot read IP mode file for STMicroelectronics.FP-SNS-STBOX1.2.0.0
2024-12-16 20:32:12,344 [WARN] PackLoader:240 - Cannot read IP mode file for STMicroelectronics.X-CUBE-AZRTOS-L5.1.1.0
2024-12-16 20:32:12,354 [WARN] PackLoader:240 - Cannot read IP mode file for STMicroelectronics.X-CUBE-AI.8.0.1
2024-12-16 20:32:12,371 [WARN] PackLoader:240 - Cannot read IP mode file for STMicroelectronics.X-CUBE-SUBG2.5.0.0
2024-12-16 20:32:12,387 [WARN] PackLoader:240 - Cannot read IP mode file for Cesanta.I-CUBE-Mongoose.7.13.0
2024-12-16 20:32:12,412 [WARN] PackLoader:240 - Cannot read IP mode file for STMicroelectronics.X-CUBE-AZRTOS-G4.2.0.0
2024-12-16 20:32:12,432 [WARN] PackLoader:240 - Cannot read IP mode file for STMicroelectronics.X-CUBE-TOF1.3.3.0
2024-12-16 20:32:12,467 [WARN] PackLoader:240 - Cannot read IP mode file for Infineon.AIROC-Wi-Fi-Bluetooth-STM32.1.5.1
2024-12-16 20:32:12,487 [WARN] PackLoader:240 - Cannot read IP mode file for STMicroelectronics.FP-SNS-MOTENVWB1.1.3.0
2024-12-16 20:32:12,497 [WARN] PackLoader:240 - Cannot read IP mode file for STMicroelectronics.FP-SNS-MOTENVWB1.1.3.1
2024-12-16 20:32:12,505 [WARN] PackLoader:240 - Cannot read IP mode file for STMicroelectronics.X-CUBE-ISPU.2.0.0
2024-12-16 20:32:12,515 [WARN] PackLoader:240 - Cannot read IP mode file for STMicroelectronics.X-CUBE-ALS.1.0.2
2024-12-16 20:32:12,572 [WARN] PackLoader:240 - Cannot read IP mode file for STMicroelectronics.X-CUBE-MEMS1.10.0.0
2024-12-16 20:32:12,691 [WARN] PackLoader:240 - Cannot read IP mode file for STMicroelectronics.X-CUBE-FREERTOS.1.1.0
2024-12-16 20:32:12,696 [WARN] PackLoader:240 - Cannot read IP mode file for STMicroelectronics.X-CUBE-TOUCHGFX.4.24.0
2024-12-16 20:32:12,701 [WARN] PackLoader:240 - Cannot read IP mode file for STMicroelectronics.X-CUBE-TOUCHGFX.4.24.1
2024-12-16 20:32:12,713 [WARN] PackLoader:240 - Cannot read IP mode file for portGmbH.I-Cube-SoM-uGOAL.1.1.0
2024-12-16 20:32:12,719 [WARN] PackLoader:240 - Cannot read IP mode file for STMicroelectronics.X-CUBE-ALS.1.0.1
2024-12-16 20:32:12,741 [WARN] PackLoader:240 - Cannot read IP mode file for STMicroelectronics.X-CUBE-AZRTOS-WB.1.1.0
2024-12-16 20:32:12,769 [WARN] PackLoader:240 - Cannot read IP mode file for STMicroelectronics.X-CUBE-AZRTOS-H7RS.1.0.0
2024-12-16 20:32:12,777 [WARN] PackLoader:240 - Cannot read IP mode file for STMicroelectronics.FP-ATR-ASTRA1.2.0.0
2024-12-16 20:32:12,793 [WARN] PackLoader:240 - Cannot read IP mode file for STMicroelectronics.X-CUBE-TOF1.3.4.2
2024-12-16 20:32:12,816 [WARN] PackLoader:240 - Cannot read IP mode file for STMicroelectronics.X-CUBE-TOF1.3.4.0
2024-12-16 20:32:12,846 [WARN] PackLoader:240 - Cannot read IP mode file for STMicroelectronics.X-CUBE-TOF1.3.4.1
2024-12-16 20:32:12,875 [WARN] PackLoader:240 - Cannot read IP mode file for STMicroelectronics.X-CUBE-AZRTOS-H7.3.2.0
2024-12-16 20:32:12,886 [WARN] PackLoader:240 - Cannot read IP mode file for wolfSSL.I-CUBE-wolfSSH.1.4.17
2024-12-16 20:32:12,886 [INFO] ThirdParty:978 - Integrity check success = true
2024-12-16 20:32:12,887 [INFO] IntegrityCheckThread:100 - exiting critical section [integrity check]
2024-12-16 20:32:12,887 [INFO] IntegrityCheckThread:103 - End integrity checks thread
2024-12-16 20:34:29,531 [ERROR] LogOutputStream:75 - [STDERR_REDIRECT] 
2024-12-16 20:35:12,148 [INFO] Activator:176 - 


2024-12-16 20:35:12,150 [INFO] Activator:177 - !SESSION log4j initialized
2024-12-16 20:35:15,997 [INFO] LogOutputStream:77 - [STDOUT_REDIRECT] 
2024-12-16 20:35:18,732 [INFO] ApplicationProperties:184 - Using Application install path: C:\ST\STM32CubeIDE_1.16.0\STM32CubeIDE\plugins\com.st.stm32cube.common.mx_6.12.0.202406281431
2024-12-16 20:35:18,749 [INFO] DbMcusXml:78 - Set database path to: C:\ST\STM32CubeIDE_1.16.0\STM32CubeIDE\plugins\com.st.stm32cube.common.mx_6.12.0.202406281431\\db\/mcu/
2024-12-16 20:35:18,750 [INFO] ApiDb:274 - Set plugin database path to: C:\ST\STM32CubeIDE_1.16.0\STM32CubeIDE\plugins\com.st.stm32cube.common.mx_6.12.0.202406281431\\db\/plugins/boardmanager/
2024-12-16 20:35:18,750 [WARN] ApiDb:259 - Overriding images path with different value:  => C:\ST\STM32CubeIDE_1.16.0\STM32CubeIDE\plugins\com.st.stm32cube.common.mx_6.12.0.202406281431\\db\/plugins/mcufinder/images/
2024-12-16 20:35:18,760 [INFO] ApiDb:250 - Set database path to: C:\Users\machi\.stmcufinder\plugins\mcufinder//mcu/
2024-12-16 20:35:18,761 [INFO] DbMcusAds:125 - Set database path to: C:\Users\machi\.stmcufinder\plugins\mcufinder//mcu/
2024-12-16 20:35:18,763 [INFO] CrossReferenceDbSqlite:203 - Set database path to: C:\Users\machi\.stmcufinder\plugins\mcufinder//mcu/cs/
2024-12-16 20:35:18,902 [INFO] RulesReader:64 - Compatibility file has been processed (297 Rules)
2024-12-16 20:35:19,036 [INFO] DbMcusXml:78 - Set database path to: C:\ST\STM32CubeIDE_1.16.0\STM32CubeIDE\plugins\com.st.stm32cube.common.mx_6.12.0.202406281431\\db\/mcu/
2024-12-16 20:35:19,036 [INFO] ApiDb:274 - Set plugin database path to: C:\ST\STM32CubeIDE_1.16.0\STM32CubeIDE\plugins\com.st.stm32cube.common.mx_6.12.0.202406281431\\db\/plugins/boardmanager/
2024-12-16 20:35:19,036 [INFO] ApiDb:261 - Set plugin images path to: C:\ST\STM32CubeIDE_1.16.0\STM32CubeIDE\plugins\com.st.stm32cube.common.mx_6.12.0.202406281431\\db\/plugins/mcufinder/images/
2024-12-16 20:35:19,036 [WARN] DbFile:41 - Overriding database path with different value: C:\Users\machi\.stmcufinder\plugins\mcufinder/ => C:\Users\machi\.stmcufinder\plugins\mcufinder
2024-12-16 20:35:19,037 [INFO] ApiDb:250 - Set database path to: C:\Users\machi\.stmcufinder\plugins\mcufinder//mcu/
2024-12-16 20:35:19,037 [WARN] DbFile:41 - Overriding database path with different value: C:\Users\machi\.stmcufinder\plugins\mcufinder/ => C:\Users\machi\.stmcufinder\plugins\mcufinder
2024-12-16 20:35:19,037 [INFO] DbMcusAds:125 - Set database path to: C:\Users\machi\.stmcufinder\plugins\mcufinder//mcu/
2024-12-16 20:35:19,037 [WARN] DbFile:41 - Overriding database path with different value: C:\Users\machi\.stmcufinder\plugins\mcufinder/ => C:\Users\machi\.stmcufinder\plugins\mcufinder
2024-12-16 20:35:19,037 [WARN] DbFile:41 - Overriding database path with different value: C:\Users\machi\.stmcufinder\plugins\mcufinder/ => C:\Users\machi\.stmcufinder\plugins\mcufinder
2024-12-16 20:35:19,037 [INFO] CrossReferenceDbSqlite:203 - Set database path to: C:\Users\machi\.stmcufinder\plugins\mcufinder//mcu/cs/
2024-12-16 20:35:19,133 [INFO] MainPanel:268 - HeapMemory: 268435456
2024-12-16 20:35:19,217 [INFO] DbMcusXml:78 - Set database path to: C:\ST\STM32CubeIDE_1.16.0\STM32CubeIDE\plugins\com.st.stm32cube.common.mx_6.12.0.202406281431\\db\/mcu/
2024-12-16 20:35:19,218 [INFO] ApiDb:274 - Set plugin database path to: C:\ST\STM32CubeIDE_1.16.0\STM32CubeIDE\plugins\com.st.stm32cube.common.mx_6.12.0.202406281431\\db\/plugins/boardmanager/
2024-12-16 20:35:19,218 [INFO] ApiDb:261 - Set plugin images path to: C:\ST\STM32CubeIDE_1.16.0\STM32CubeIDE\plugins\com.st.stm32cube.common.mx_6.12.0.202406281431\\db\/plugins/mcufinder/images/
2024-12-16 20:35:19,219 [WARN] DbFile:41 - Overriding database path with different value: C:\Users\machi\.stmcufinder\plugins\mcufinder/ => C:\Users\machi\.stmcufinder\plugins\mcufinder
2024-12-16 20:35:19,219 [INFO] ApiDb:250 - Set database path to: C:\Users\machi\.stmcufinder\plugins\mcufinder//mcu/
2024-12-16 20:35:19,219 [WARN] DbFile:41 - Overriding database path with different value: C:\Users\machi\.stmcufinder\plugins\mcufinder/ => C:\Users\machi\.stmcufinder\plugins\mcufinder
2024-12-16 20:35:19,219 [INFO] DbMcusAds:125 - Set database path to: C:\Users\machi\.stmcufinder\plugins\mcufinder//mcu/
2024-12-16 20:35:19,219 [WARN] DbFile:41 - Overriding database path with different value: C:\Users\machi\.stmcufinder\plugins\mcufinder/ => C:\Users\machi\.stmcufinder\plugins\mcufinder
2024-12-16 20:35:19,219 [WARN] DbFile:41 - Overriding database path with different value: C:\Users\machi\.stmcufinder\plugins\mcufinder/ => C:\Users\machi\.stmcufinder\plugins\mcufinder
2024-12-16 20:35:19,220 [INFO] CrossReferenceDbSqlite:203 - Set database path to: C:\Users\machi\.stmcufinder\plugins\mcufinder//mcu/cs/
2024-12-16 20:35:19,240 [INFO] ApplicationProperties:184 - Using Application install path: C:\ST\STM32CubeIDE_1.16.0\STM32CubeIDE\plugins\com.st.stm32cube.common.mx_6.12.0.202406281431
2024-12-16 20:35:19,242 [INFO] PluginManage:196 - Search for loadable plugins [exclusion list=, ]
2024-12-16 20:35:19,243 [INFO] PluginManage:310 - Check plugin analytics
2024-12-16 20:35:19,478 [INFO] AnalyticsPlugin:253 - Accepted Software Licenses: STM32CubeMX.6.8.1,STM32CubeMX.6.10.0,STM32CubeMX.6.11.1,STM32CubeMX.6.12.0
2024-12-16 20:35:19,478 [INFO] AnalyticsPlugin:255 - Accepted CMSIS Pack Licenses: 
2024-12-16 20:35:19,478 [INFO] AnalyticsPlugin:257 - Accepted Firmware Licenses: FW.F4.1.27.0,FW.F4.1.28.0
2024-12-16 20:35:19,481 [INFO] PluginManage:359 - Loaded plugin analytics (category:tool,tabindex:-1)
2024-12-16 20:35:19,482 [INFO] PluginManage:310 - Check plugin cadmodel
2024-12-16 20:35:19,487 [INFO] CADModel:105 - Init CAD model plugin
2024-12-16 20:35:19,488 [INFO] PluginManage:359 - Loaded plugin cadmodel (category:power,tabindex:5)
2024-12-16 20:35:19,488 [INFO] PluginManage:310 - Check plugin clock
2024-12-16 20:35:19,501 [INFO] PluginManage:359 - Loaded plugin clock (category:base,tabindex:2)
2024-12-16 20:35:19,501 [INFO] PluginManage:310 - Check plugin ddr
2024-12-16 20:35:19,504 [INFO] PluginManage:359 - Loaded plugin ddr (category:tool,tabindex:6)
2024-12-16 20:35:19,504 [INFO] PluginManage:310 - Check plugin filemanager
2024-12-16 20:35:19,680 [INFO] PluginManage:359 - Loaded plugin filemanager (category:base,tabindex:10)
2024-12-16 20:35:19,680 [INFO] PluginManage:310 - Check plugin ipmanager
2024-12-16 20:35:19,710 [INFO] PluginManage:359 - Loaded plugin ipmanager (category:base,tabindex:5)
2024-12-16 20:35:19,711 [INFO] PluginManage:310 - Check plugin lpbam
2024-12-16 20:35:19,731 [INFO] PluginManage:359 - Loaded plugin lpbam (category:base,tabindex:0)
2024-12-16 20:35:19,731 [INFO] PluginManage:310 - Check plugin memorymap
2024-12-16 20:35:19,750 [INFO] PluginManage:359 - Loaded plugin memorymap (category:base,tabindex:4)
2024-12-16 20:35:19,750 [INFO] PluginManage:310 - Check plugin pinoutandconfiguration
2024-12-16 20:35:19,760 [INFO] PluginManage:359 - Loaded plugin pinoutandconfiguration (category:base,tabindex:1)
2024-12-16 20:35:19,761 [INFO] PluginManage:310 - Check plugin pinoutconfig
2024-12-16 20:35:19,873 [WARN] SupportedApi:132 - Cannot load RTOS API schema: s4s-elt-must-match.1: The content of 'definitions' must match (annotation?, (simpleType | complexType)?, (unique | key | keyref)*)). A problem was found starting at: attribute.
2024-12-16 20:35:20,018 [INFO] PluginManage:359 - Loaded plugin pinoutconfig (category:base,tabindex:0)
2024-12-16 20:35:20,018 [INFO] PluginManage:310 - Check plugin power
2024-12-16 20:35:20,030 [INFO] PluginManage:359 - Loaded plugin power (category:power,tabindex:4)
2024-12-16 20:35:20,030 [INFO] PluginManage:310 - Check plugin projectmanager
2024-12-16 20:35:20,053 [INFO] PluginManage:359 - Loaded plugin projectmanager (category:projectmanager,tabindex:4)
2024-12-16 20:35:20,054 [INFO] PluginManage:310 - Check plugin rif
2024-12-16 20:35:20,061 [INFO] PluginManage:359 - Loaded plugin rif (category:base,tabindex:3)
2024-12-16 20:35:20,061 [INFO] PluginManage:310 - Check plugin thirdparty
2024-12-16 20:35:20,226 [WARN] IntegrityCheckThread:84 - waiting for thirdparty lock release [integrity check]
2024-12-16 20:35:20,226 [INFO] IntegrityCheckThread:86 - entering critical section [integrity check]
2024-12-16 20:35:20,227 [INFO] PluginManage:359 - Loaded plugin thirdparty (category:base,tabindex:-1)
2024-12-16 20:35:20,227 [INFO] PluginManage:310 - Check plugin tools
2024-12-16 20:35:20,227 [INFO] ThirdPartyUpdaterWithRetryManager:70 - Updater plugin not ready yet. [1/15]
2024-12-16 20:35:20,232 [INFO] PluginManage:359 - Loaded plugin tools (category:base,tabindex:7)
2024-12-16 20:35:20,233 [INFO] PluginManage:310 - Check plugin tutovideos
2024-12-16 20:35:20,421 [INFO] PluginManage:359 - Loaded plugin tutovideos (category:base,tabindex:-1)
2024-12-16 20:35:20,421 [INFO] PluginManage:310 - Check plugin updater
2024-12-16 20:35:20,440 [INFO] PluginManage:359 - Loaded plugin updater (category:base,tabindex:12)
2024-12-16 20:35:20,440 [INFO] PluginManage:310 - Check plugin userauth
2024-12-16 20:35:20,447 [INFO] UserAuth:113 - Init User Auth plugin
2024-12-16 20:35:20,447 [INFO] PluginManage:359 - Loaded plugin userauth (category:base,tabindex:14)
2024-12-16 20:35:20,449 [INFO] PluginManage:283 - PluginManage : Loaded plugins [18]
2024-12-16 20:35:20,699 [INFO] PinOutPanel:1561 - setPackage(No Configuration,No Configuration)
2024-12-16 20:35:20,817 [INFO] CADModel:165 - CPN selected for project level
2024-12-16 20:35:20,818 [INFO] CADModel:114 - Register for checkConnection events
2024-12-16 20:35:20,835 [INFO] IPUIPlugin:80 - create IPUIPlugin
2024-12-16 20:35:20,835 [INFO] PluginManager:220 - loadIPPluginJar : add adc
2024-12-16 20:35:20,839 [INFO] IPUIPlugin:80 - create IPUIPlugin
2024-12-16 20:35:20,839 [INFO] PluginManager:220 - loadIPPluginJar : add aes
2024-12-16 20:35:20,844 [INFO] IPUIPlugin:80 - create IPUIPlugin
2024-12-16 20:35:20,845 [INFO] PluginManager:220 - loadIPPluginJar : add can
2024-12-16 20:35:20,848 [INFO] IPUIPlugin:80 - create IPUIPlugin
2024-12-16 20:35:20,848 [INFO] PluginManager:220 - loadIPPluginJar : add comp
2024-12-16 20:35:20,851 [INFO] IPUIPlugin:80 - create IPUIPlugin
2024-12-16 20:35:20,852 [INFO] PluginManager:220 - loadIPPluginJar : add cryp
2024-12-16 20:35:20,854 [INFO] IPUIPlugin:80 - create IPUIPlugin
2024-12-16 20:35:20,854 [INFO] PluginManager:220 - loadIPPluginJar : add ddr_ctrl_phy
2024-12-16 20:35:20,857 [INFO] IPUIPlugin:80 - create IPUIPlugin
2024-12-16 20:35:20,857 [INFO] PluginManager:220 - loadIPPluginJar : add dfsdm
2024-12-16 20:35:20,863 [INFO] IPUIPlugin:80 - create IPUIPlugin
2024-12-16 20:35:20,863 [INFO] PluginManager:220 - loadIPPluginJar : add dma
2024-12-16 20:35:20,868 [INFO] IPUIPlugin:80 - create IPUIPlugin
2024-12-16 20:35:20,868 [INFO] PluginManager:220 - loadIPPluginJar : add dma3
2024-12-16 20:35:20,872 [INFO] IPUIPlugin:80 - create IPUIPlugin
2024-12-16 20:35:20,872 [INFO] PluginManager:220 - loadIPPluginJar : add extmemmanager
2024-12-16 20:35:20,874 [INFO] IPUIPlugin:80 - create IPUIPlugin
2024-12-16 20:35:20,874 [INFO] PluginManager:220 - loadIPPluginJar : add fatfs
2024-12-16 20:35:20,880 [INFO] IPUIPlugin:80 - create IPUIPlugin
2024-12-16 20:35:20,880 [INFO] PluginManager:220 - loadIPPluginJar : add fmc
2024-12-16 20:35:20,886 [INFO] IPUIPlugin:80 - create IPUIPlugin
2024-12-16 20:35:20,886 [INFO] PluginManager:220 - loadIPPluginJar : add freertos
2024-12-16 20:35:20,888 [INFO] IPUIPlugin:80 - create IPUIPlugin
2024-12-16 20:35:20,889 [INFO] PluginManager:220 - loadIPPluginJar : add genericplugin
2024-12-16 20:35:20,892 [INFO] IPUIPlugin:80 - create IPUIPlugin
2024-12-16 20:35:20,892 [INFO] PluginManager:220 - loadIPPluginJar : add gfxmmu
2024-12-16 20:35:20,898 [INFO] IPUIPlugin:80 - create IPUIPlugin
2024-12-16 20:35:20,898 [INFO] PluginManager:220 - loadIPPluginJar : add gic
2024-12-16 20:35:20,904 [INFO] IPUIPlugin:80 - create IPUIPlugin
2024-12-16 20:35:20,904 [INFO] PluginManager:220 - loadIPPluginJar : add gpio
2024-12-16 20:35:20,908 [INFO] IPUIPlugin:80 - create IPUIPlugin
2024-12-16 20:35:20,908 [INFO] PluginManager:220 - loadIPPluginJar : add gtzc
2024-12-16 20:35:20,912 [INFO] IPUIPlugin:80 - create IPUIPlugin
2024-12-16 20:35:20,913 [INFO] PluginManager:220 - loadIPPluginJar : add hash
2024-12-16 20:35:20,917 [INFO] IPUIPlugin:80 - create IPUIPlugin
2024-12-16 20:35:20,917 [INFO] PluginManager:220 - loadIPPluginJar : add i2c
2024-12-16 20:35:20,921 [INFO] IPUIPlugin:80 - create IPUIPlugin
2024-12-16 20:35:20,922 [INFO] PluginManager:220 - loadIPPluginJar : add i2s
2024-12-16 20:35:20,926 [INFO] IPUIPlugin:80 - create IPUIPlugin
2024-12-16 20:35:20,926 [INFO] PluginManager:220 - loadIPPluginJar : add i3c
2024-12-16 20:35:20,930 [INFO] IPUIPlugin:80 - create IPUIPlugin
2024-12-16 20:35:20,930 [INFO] PluginManager:220 - loadIPPluginJar : add ipddr
2024-12-16 20:35:20,938 [INFO] IPUIPlugin:80 - create IPUIPlugin
2024-12-16 20:35:20,938 [INFO] PluginManager:220 - loadIPPluginJar : add linkedlist
2024-12-16 20:35:20,942 [INFO] IPUIPlugin:80 - create IPUIPlugin
2024-12-16 20:35:20,943 [INFO] PluginManager:220 - loadIPPluginJar : add lorawan
2024-12-16 20:35:20,945 [INFO] IPUIPlugin:80 - create IPUIPlugin
2024-12-16 20:35:20,945 [INFO] PluginManager:220 - loadIPPluginJar : add ltdc
2024-12-16 20:35:20,952 [INFO] IPUIPlugin:80 - create IPUIPlugin
2024-12-16 20:35:20,953 [INFO] PluginManager:220 - loadIPPluginJar : add mdma
2024-12-16 20:35:20,957 [INFO] IPUIPlugin:80 - create IPUIPlugin
2024-12-16 20:35:20,957 [INFO] PluginManager:220 - loadIPPluginJar : add nvic
2024-12-16 20:35:20,961 [INFO] IPUIPlugin:80 - create IPUIPlugin
2024-12-16 20:35:20,961 [INFO] PluginManager:220 - loadIPPluginJar : add opamp
2024-12-16 20:35:20,966 [INFO] IPUIPlugin:80 - create IPUIPlugin
2024-12-16 20:35:20,966 [INFO] PluginManager:220 - loadIPPluginJar : add openamp
2024-12-16 20:35:20,971 [INFO] IPUIPlugin:80 - create IPUIPlugin
2024-12-16 20:35:20,971 [INFO] PluginManager:220 - loadIPPluginJar : add pdm2pcm
2024-12-16 20:35:20,982 [INFO] IPUIPlugin:80 - create IPUIPlugin
2024-12-16 20:35:20,984 [INFO] PluginManager:220 - loadIPPluginJar : add plateformsettings
2024-12-16 20:35:20,988 [INFO] IPUIPlugin:80 - create IPUIPlugin
2024-12-16 20:35:20,988 [INFO] PluginManager:220 - loadIPPluginJar : add quadspi
2024-12-16 20:35:20,990 [INFO] IPUIPlugin:80 - create IPUIPlugin
2024-12-16 20:35:20,992 [INFO] PluginManager:220 - loadIPPluginJar : add radio
2024-12-16 20:35:20,997 [INFO] IPUIPlugin:80 - create IPUIPlugin
2024-12-16 20:35:20,997 [INFO] PluginManager:220 - loadIPPluginJar : add resmgrutility
2024-12-16 20:35:21,002 [INFO] IPUIPlugin:80 - create IPUIPlugin
2024-12-16 20:35:21,002 [INFO] PluginManager:220 - loadIPPluginJar : add sai
2024-12-16 20:35:21,007 [INFO] IPUIPlugin:80 - create IPUIPlugin
2024-12-16 20:35:21,007 [INFO] PluginManager:220 - loadIPPluginJar : add spi
2024-12-16 20:35:21,014 [INFO] IPUIPlugin:80 - create IPUIPlugin
2024-12-16 20:35:21,014 [INFO] PluginManager:220 - loadIPPluginJar : add stm32_wpan
2024-12-16 20:35:21,018 [INFO] IPUIPlugin:80 - create IPUIPlugin
2024-12-16 20:35:21,018 [INFO] PluginManager:220 - loadIPPluginJar : add tim
2024-12-16 20:35:21,023 [INFO] IPUIPlugin:80 - create IPUIPlugin
2024-12-16 20:35:21,023 [INFO] PluginManager:220 - loadIPPluginJar : add touchsensing
2024-12-16 20:35:21,028 [INFO] IPUIPlugin:80 - create IPUIPlugin
2024-12-16 20:35:21,028 [INFO] PluginManager:220 - loadIPPluginJar : add tracer_emb
2024-12-16 20:35:21,032 [INFO] IPUIPlugin:80 - create IPUIPlugin
2024-12-16 20:35:21,032 [INFO] PluginManager:220 - loadIPPluginJar : add ts
2024-12-16 20:35:21,036 [INFO] IPUIPlugin:80 - create IPUIPlugin
2024-12-16 20:35:21,036 [INFO] PluginManager:220 - loadIPPluginJar : add tsc
2024-12-16 20:35:21,040 [INFO] IPUIPlugin:80 - create IPUIPlugin
2024-12-16 20:35:21,040 [INFO] PluginManager:220 - loadIPPluginJar : add ucpd
2024-12-16 20:35:21,044 [INFO] IPUIPlugin:80 - create IPUIPlugin
2024-12-16 20:35:21,044 [INFO] PluginManager:220 - loadIPPluginJar : add usart
2024-12-16 20:35:21,049 [INFO] IPUIPlugin:80 - create IPUIPlugin
2024-12-16 20:35:21,049 [INFO] PluginManager:220 - loadIPPluginJar : add usbx
2024-12-16 20:35:21,204 [INFO] CADModel:165 - CPN selected for project level
2024-12-16 20:35:21,204 [INFO] CADModel:114 - Register for checkConnection events
2024-12-16 20:35:21,204 [FATAL] Updater:334 - Updater called before beeing initialized
2024-12-16 20:35:21,204 [ERROR] CADModel:125 - Updater not yet initialized, retry later 
2024-12-16 20:35:21,344 [INFO] CADModel:165 - CPN selected for project level
2024-12-16 20:35:21,344 [INFO] CADModel:114 - Register for checkConnection events
2024-12-16 20:35:21,345 [FATAL] Updater:334 - Updater called before beeing initialized
2024-12-16 20:35:21,345 [ERROR] CADModel:125 - Updater not yet initialized, retry later 
2024-12-16 20:35:21,348 [FATAL] Updater:334 - Updater called before beeing initialized
2024-12-16 20:35:21,484 [FATAL] Updater:334 - Updater called before beeing initialized
2024-12-16 20:35:21,488 [INFO] DbMcusAds:53 - JSON generation date=Fri Sep 20 22:04:23 KST 2024 (1726837463113)
2024-12-16 20:35:21,488 [FATAL] Updater:334 - Updater called before beeing initialized
2024-12-16 20:35:21,537 [WARN] DetailPanel:346 - Failed to get advertising image, set to default
2024-12-16 20:35:21,751 [FATAL] Updater:334 - Updater called before beeing initialized
2024-12-16 20:35:21,752 [FATAL] Updater:334 - Updater called before beeing initialized
2024-12-16 20:35:21,753 [FATAL] Updater:334 - Updater called before beeing initialized
2024-12-16 20:35:21,753 [WARN] DetailPanel:346 - Failed to get advertising image, set to default
2024-12-16 20:35:21,754 [FATAL] Updater:334 - Updater called before beeing initialized
2024-12-16 20:35:21,821 [ERROR] Updater:1164 - MainUpdater not yet initialized. External WinMGr cannot be set.
2024-12-16 20:35:21,825 [INFO] Updater:1100 - Updater Version found : 6.12.0
2024-12-16 20:35:21,846 [INFO] ApplicationProperties:184 - Using Application install path: C:\ST\STM32CubeIDE_1.16.0\STM32CubeIDE\plugins\com.st.stm32cube.common.mx_6.12.0.202406281431
2024-12-16 20:35:22,302 [INFO] MainUpdater:2873 - connection check result : 10
2024-12-16 20:35:22,303 [INFO] MainUpdater:290 - Updater Check For Update Now.
2024-12-16 20:35:22,304 [INFO] MicroXplorer:498 - Change Database Version : DB.6.0.120
2024-12-16 20:35:22,316 [INFO] McuFinderGlobals:63 - Set McuFinder mode to 2 (CubeIDE integrated)
2024-12-16 20:35:22,317 [INFO] UserAuth:179 - activating auth plugin
2024-12-16 20:35:22,319 [INFO] UserAuth:417 - Internet connection configuration mode: 1
2024-12-16 20:35:22,349 [INFO] JxBrowserEngine:152 - Initiate JxBrowser Engine with user profile folder
2024-12-16 20:35:22,493 [INFO] CheckServerUpdateThread:120 - End of CheckServer Thread
2024-12-16 20:35:23,418 [INFO] WebApp:167 - Instantiating new browser for Auth
2024-12-16 20:35:24,189 [WARN] PackLoader:240 - Cannot read IP mode file for STMicroelectronics.FP-SNS-MOTENVWB1.1.4.0
2024-12-16 20:35:24,469 [INFO] WebApp:448 - Apply proxy settings
2024-12-16 20:35:24,469 [INFO] WebApp:533 - Chromium requires no authentication
2024-12-16 20:35:24,478 [INFO] WebApp:476 - Direct internet connection detected
2024-12-16 20:35:24,499 [INFO] WebApp:869 - Register for checkConnection events
2024-12-16 20:35:24,500 [INFO] WebApp:448 - Apply proxy settings
2024-12-16 20:35:24,500 [INFO] WebApp:533 - Chromium requires no authentication
2024-12-16 20:35:24,500 [INFO] WebApp:476 - Direct internet connection detected
2024-12-16 20:35:24,652 [INFO] WebApp:220 - Starting web application
2024-12-16 20:35:24,652 [INFO] WebApp:578 - Web application path used C:\ST\STM32CubeIDE_1.16.0\STM32CubeIDE\plugins\com.st.stm32cube.common.mx_6.12.0.202406281431\db\plugins\mcufinder\reactClient1\index.html
2024-12-16 20:35:24,926 [INFO] WebApp:186 - Connection restablished
2024-12-16 20:35:25,210 [WARN] PackLoader:240 - Cannot read IP mode file for STMicroelectronics.FP-ATR-ASTRA1.2.0.1
2024-12-16 20:35:25,224 [WARN] PackLoader:240 - Cannot read IP mode file for STMicroelectronics.X-CUBE-SMBUS.2.1.0
2024-12-16 20:35:25,239 [WARN] PackLoader:240 - Cannot read IP mode file for STMicroelectronics.X-CUBE-WB05N.1.1.0
2024-12-16 20:35:25,251 [WARN] PackLoader:240 - Cannot read IP mode file for STMicroelectronics.X-CUBE-TOUCHGFX.4.23.1
2024-12-16 20:35:25,258 [WARN] PackLoader:240 - Cannot read IP mode file for STMicroelectronics.X-CUBE-TOUCHGFX.4.23.0
2024-12-16 20:35:25,264 [WARN] PackLoader:240 - Cannot read IP mode file for STMicroelectronics.X-CUBE-TOUCHGFX.4.23.2
2024-12-16 20:35:25,325 [WARN] PackLoader:240 - Cannot read IP mode file for STMicroelectronics.X-CUBE-AZRTOS-F7.1.1.0
2024-12-16 20:35:25,348 [WARN] PackLoader:240 - Cannot read IP mode file for STMicroelectronics.FP-SNS-MOTENV1.4.3.2
2024-12-16 20:35:25,359 [ERROR] RealEvaluatedCondition:428 - Found unsupported composite condition: GROUP='STM32_MetaDataManager' CLASS='Data Exchange'
2024-12-16 20:35:25,360 [ERROR] RealEvaluatedCondition:428 - Found unsupported composite condition: CLASS='Data Exchange' GROUP='STM32_MetaDataManager'
2024-12-16 20:35:25,363 [WARN] PackLoader:240 - Cannot read IP mode file for STMicroelectronics.FP-SNS-MOTENV1.4.3.1
2024-12-16 20:35:25,381 [WARN] PackLoader:240 - Cannot read IP mode file for STMicroelectronics.FP-SNS-FLIGHT1.5.0.1
2024-12-16 20:35:25,488 [WARN] PackLoader:240 - Cannot read IP mode file for STMicroelectronics.X-CUBE-MEMS1.11.0.0
2024-12-16 20:35:25,725 [WARN] PackLoader:240 - Cannot read IP mode file for STMicroelectronics.X-CUBE-BLE1.6.2.4
2024-12-16 20:35:25,732 [WARN] PackLoader:240 - Cannot read IP mode file for STMicroelectronics.FP-SNS-FLIGHT1.5.0.2
2024-12-16 20:35:25,742 [WARN] PackLoader:240 - Cannot read IP mode file for STMicroelectronics.X-CUBE-DISPLAY.3.0.0
2024-12-16 20:35:25,753 [WARN] PackLoader:240 - Cannot read IP mode file for STMicroelectronics.X-CUBE-BLE1.7.0.0
2024-12-16 20:35:25,762 [WARN] PackLoader:240 - Cannot read IP mode file for STMicroelectronics.X-CUBE-NFC10.1.0.0
2024-12-16 20:35:25,780 [WARN] PackLoader:240 - Cannot read IP mode file for STMicroelectronics.X-CUBE-BLEMGR.4.0.0
2024-12-16 20:35:25,790 [WARN] PackLoader:240 - Cannot read IP mode file for STMicroelectronics.X-CUBE-TOUCHGFX.4.22.1
2024-12-16 20:35:25,804 [WARN] PackLoader:240 - Cannot read IP mode file for STMicroelectronics.X-CUBE-BLEMGR.3.1.0
2024-12-16 20:35:25,817 [WARN] PackLoader:240 - Cannot read IP mode file for STMicroelectronics.FP-SNS-SMARTAG2.1.2.0
2024-12-16 20:35:25,831 [INFO] LogOutputStream:77 - [STDOUT_REDIRECT] 1 : Invalid condition id : UX_CORESTACK_Condition cause : null
2024-12-16 20:35:25,831 [INFO] LogOutputStream:77 - [STDOUT_REDIRECT] 1 : Invalid condition id : UX_CORESTACK_Condition cause : null
2024-12-16 20:35:25,833 [INFO] LogOutputStream:77 - [STDOUT_REDIRECT] 1 : Invalid condition id : UX_CORESTACK_Condition cause : null
2024-12-16 20:35:25,835 [INFO] LogOutputStream:77 - [STDOUT_REDIRECT] 1 : Invalid condition id : UX_CORESTACK_Condition cause : null
2024-12-16 20:35:25,837 [INFO] LogOutputStream:77 - [STDOUT_REDIRECT] 1 : Invalid condition id : UX_CORESTACK_Condition cause : null
2024-12-16 20:35:25,841 [WARN] PackLoader:240 - Cannot read IP mode file for STMicroelectronics.X-CUBE-AZRTOS-WL.2.0.0
2024-12-16 20:35:25,848 [WARN] PackLoader:240 - Cannot read IP mode file for STMicroelectronics.FP-SNS-MOTENV1.5.0.0
2024-12-16 20:35:25,857 [WARN] PackLoader:240 - Cannot read IP mode file for wolfSSL.I-CUBE-wolfMQTT.1.19.0
2024-12-16 20:35:25,871 [WARN] PackLoader:240 - Cannot read IP mode file for WES.I-CUBE-Cesium.1.3.0
2024-12-16 20:35:25,885 [WARN] PackLoader:240 - Cannot read IP mode file for STMicroelectronics.X-CUBE-BLE2.3.3.0
2024-12-16 20:35:25,896 [WARN] PackLoader:240 - Cannot read IP mode file for STMicroelectronics.X-CUBE-NFC9.1.0.0
2024-12-16 20:35:25,907 [WARN] PackLoader:240 - Cannot read IP mode file for STMicroelectronics.X-CUBE-TCPP.4.1.0
2024-12-16 20:35:25,916 [WARN] PackLoader:240 - Cannot read IP mode file for STMicroelectronics.X-CUBE-TOUCHGFX.4.21.4
2024-12-16 20:35:25,925 [WARN] PackLoader:240 - Cannot read IP mode file for STMicroelectronics.X-CUBE-ALGOBUILD.1.3.0
2024-12-16 20:35:25,947 [WARN] PackLoader:240 - Cannot read IP mode file for STMicroelectronics.X-CUBE-AZRTOS-G0.1.1.0
2024-12-16 20:35:25,957 [WARN] PackLoader:240 - Cannot read IP mode file for STMicroelectronics.X-CUBE-SAFEA1.1.2.2
2024-12-16 20:35:25,966 [WARN] PackLoader:240 - Cannot read IP mode file for STMicroelectronics.X-CUBE-NFC4.3.0.0
2024-12-16 20:35:25,972 [WARN] PackLoader:240 - Cannot read IP mode file for wolfSSL.I-CUBE-wolfMQTT.1.18.0
2024-12-16 20:35:25,988 [WARN] PackLoader:240 - Cannot read IP mode file for EmbeddedOffice.I-CUBE-FS-RTOS.1.0.1
2024-12-16 20:35:25,988 [ERROR] ConditionMgr:805 - Attr not supported : Dmpu
2024-12-16 20:35:25,988 [ERROR] ConditionMgr:805 - Attr not supported : Dmpu
2024-12-16 20:35:25,989 [ERROR] ConditionMgr:805 - Attr not supported : Dmpu
2024-12-16 20:35:25,989 [ERROR] ConditionMgr:805 - Attr not supported : Dmpu
2024-12-16 20:35:25,989 [ERROR] ConditionMgr:805 - Attr not supported : Dmpu
2024-12-16 20:35:25,989 [ERROR] ConditionMgr:805 - Attr not supported : Dmpu
2024-12-16 20:35:25,989 [ERROR] ConditionMgr:805 - Attr not supported : Dmpu
2024-12-16 20:35:25,989 [ERROR] ConditionMgr:805 - Attr not supported : Dmpu
2024-12-16 20:35:25,989 [ERROR] ConditionMgr:805 - Attr not supported : Dmpu
2024-12-16 20:35:25,990 [ERROR] ConditionMgr:805 - Attr not supported : Dmpu
2024-12-16 20:35:25,990 [ERROR] ConditionMgr:805 - Attr not supported : Dmpu
2024-12-16 20:35:25,990 [ERROR] ConditionMgr:805 - Attr not supported : Dmpu
2024-12-16 20:35:25,990 [ERROR] ConditionMgr:805 - Attr not supported : Dmpu
2024-12-16 20:35:25,990 [ERROR] ConditionMgr:805 - Attr not supported : Dmpu
2024-12-16 20:35:25,990 [ERROR] ConditionMgr:805 - Attr not supported : Dmpu
2024-12-16 20:35:25,991 [ERROR] ConditionMgr:805 - Attr not supported : Dmpu
2024-12-16 20:35:25,991 [ERROR] ConditionMgr:805 - Attr not supported : Dmpu
2024-12-16 20:35:25,991 [ERROR] ConditionMgr:805 - Attr not supported : Dmpu
2024-12-16 20:35:25,992 [ERROR] ConditionMgr:805 - Attr not supported : Dmpu
2024-12-16 20:35:25,992 [ERROR] ConditionMgr:805 - Attr not supported : Dmpu
2024-12-16 20:35:25,992 [ERROR] ConditionMgr:805 - Attr not supported : Dmpu
2024-12-16 20:35:25,992 [ERROR] ConditionMgr:805 - Attr not supported : Dmpu
2024-12-16 20:35:25,993 [ERROR] ConditionMgr:805 - Attr not supported : Dmpu
2024-12-16 20:35:25,993 [ERROR] ConditionMgr:805 - Attr not supported : Dmpu
2024-12-16 20:35:25,993 [ERROR] ConditionMgr:805 - Attr not supported : Dmpu
2024-12-16 20:35:25,993 [ERROR] ConditionMgr:805 - Attr not supported : Dmpu
2024-12-16 20:35:25,993 [ERROR] ConditionMgr:805 - Attr not supported : Dmpu
2024-12-16 20:35:25,994 [ERROR] ConditionMgr:805 - Attr not supported : Dmpu
2024-12-16 20:35:25,994 [ERROR] ConditionMgr:805 - Attr not supported : Dmpu
2024-12-16 20:35:25,994 [ERROR] ConditionMgr:805 - Attr not supported : Dmpu
2024-12-16 20:35:25,994 [ERROR] ConditionMgr:805 - Attr not supported : Dmpu
2024-12-16 20:35:25,994 [ERROR] ConditionMgr:805 - Attr not supported : Dmpu
2024-12-16 20:35:25,994 [ERROR] ConditionMgr:805 - Attr not supported : Dmpu
2024-12-16 20:35:25,994 [ERROR] ConditionMgr:805 - Attr not supported : Dmpu
2024-12-16 20:35:25,994 [ERROR] ConditionMgr:805 - Attr not supported : Dmpu
2024-12-16 20:35:25,995 [ERROR] ConditionMgr:805 - Attr not supported : Dmpu
2024-12-16 20:35:25,995 [ERROR] ConditionMgr:805 - Attr not supported : Dmpu
2024-12-16 20:35:25,995 [ERROR] ConditionMgr:805 - Attr not supported : Dmpu
2024-12-16 20:35:25,995 [ERROR] ConditionMgr:805 - Attr not supported : Dmpu
2024-12-16 20:35:25,995 [ERROR] ConditionMgr:805 - Attr not supported : Dmpu
2024-12-16 20:35:25,996 [ERROR] ConditionMgr:805 - Attr not supported : Dmpu
2024-12-16 20:35:25,996 [ERROR] ConditionMgr:805 - Attr not supported : Dmpu
2024-12-16 20:35:25,996 [ERROR] ConditionMgr:805 - Attr not supported : Dmpu
2024-12-16 20:35:25,996 [ERROR] ConditionMgr:805 - Attr not supported : Dmpu
2024-12-16 20:35:25,997 [ERROR] ConditionMgr:805 - Attr not supported : Dmpu
2024-12-16 20:35:25,997 [ERROR] ConditionMgr:805 - Attr not supported : Dmpu
2024-12-16 20:35:25,997 [ERROR] ConditionMgr:805 - Attr not supported : Dmpu
2024-12-16 20:35:25,997 [ERROR] ConditionMgr:805 - Attr not supported : Dmpu
2024-12-16 20:35:25,997 [ERROR] ConditionMgr:805 - Attr not supported : Dmpu
2024-12-16 20:35:25,997 [ERROR] ConditionMgr:805 - Attr not supported : Dmpu
2024-12-16 20:35:25,997 [ERROR] ConditionMgr:805 - Attr not supported : Dmpu
2024-12-16 20:35:25,998 [ERROR] ConditionMgr:805 - Attr not supported : Dmpu
2024-12-16 20:35:25,998 [ERROR] ConditionMgr:805 - Attr not supported : Dmpu
2024-12-16 20:35:25,998 [ERROR] ConditionMgr:805 - Attr not supported : Dmpu
2024-12-16 20:35:25,998 [ERROR] ConditionMgr:805 - Attr not supported : Dmpu
2024-12-16 20:35:25,999 [ERROR] ConditionMgr:805 - Attr not supported : Dmpu
2024-12-16 20:35:25,999 [ERROR] ConditionMgr:805 - Attr not supported : Dmpu
2024-12-16 20:35:25,999 [ERROR] ConditionMgr:805 - Attr not supported : Dmpu
2024-12-16 20:35:25,999 [ERROR] ConditionMgr:805 - Attr not supported : Dmpu
2024-12-16 20:35:25,999 [ERROR] ConditionMgr:805 - Attr not supported : Dmpu
2024-12-16 20:35:25,999 [ERROR] ConditionMgr:805 - Attr not supported : Dmpu
2024-12-16 20:35:25,999 [ERROR] ConditionMgr:805 - Attr not supported : Dmpu
2024-12-16 20:35:26,000 [ERROR] ConditionMgr:805 - Attr not supported : Dmpu
2024-12-16 20:35:26,000 [ERROR] ConditionMgr:805 - Attr not supported : Dmpu
2024-12-16 20:35:26,008 [WARN] PackLoader:240 - Cannot read IP mode file for STMicroelectronics.X-CUBE-BLEMGR.3.0.0
2024-12-16 20:35:26,016 [ERROR] Engine:466 - C:\Users\machi\.stm32cubemx\thirdparties\pdsc\STMicroelectronics.X-CUBE-TCPP.4.2.0.pdsc: PDSC version is not supported
2024-12-16 20:35:26,026 [WARN] PackLoader:240 - Cannot read IP mode file for RealThread.X-CUBE-RT-Thread_Nano.4.1.1
2024-12-16 20:35:26,034 [WARN] PackLoader:240 - Cannot read IP mode file for STMicroelectronics.FP-ATR-SIGFOX1.3.2.0
2024-12-16 20:35:26,043 [WARN] ConditionMgr:438 - getConditionDescription Invalid condition id : Cortex-A Device cause : null
2024-12-16 20:35:26,060 [WARN] ConditionMgr:1039 - genDependencies : Invalid condition id : Cortex-A Device cause : null
2024-12-16 20:35:26,061 [WARN] ConditionMgr:1039 - genDependencies : Invalid condition id : Cortex-A Device cause : null
2024-12-16 20:35:26,061 [WARN] ConditionMgr:1039 - genDependencies : Invalid condition id : Cortex-A Device cause : null
2024-12-16 20:35:26,071 [WARN] PackLoader:240 - Cannot read IP mode file for STMicroelectronics.X-CUBE-EEPRMA1.5.1.0
2024-12-16 20:35:26,112 [WARN] PackLoader:240 - Cannot read IP mode file for SEGGER.I-CUBE-embOS.1.3.1
2024-12-16 20:35:26,165 [WARN] PackLoader:240 - Cannot read IP mode file for STMicroelectronics.X-CUBE-ALGOBUILD.1.4.0
2024-12-16 20:35:26,174 [WARN] PackLoader:240 - Cannot read IP mode file for STMicroelectronics.X-CUBE-AI.9.1.0
2024-12-16 20:35:26,183 [WARN] PackLoader:240 - Cannot read IP mode file for STMicroelectronics.X-CUBE-GNSS1.6.0.0
2024-12-16 20:35:26,205 [WARN] PackLoader:240 - Cannot read IP mode file for STMicroelectronics.X-CUBE-AZRTOS-F4.1.1.0
2024-12-16 20:35:26,219 [WARN] PackLoader:240 - Cannot read IP mode file for wolfSSL.I-CUBE-wolfSSL.5.6.0
2024-12-16 20:35:26,231 [WARN] PackLoader:240 - Cannot read IP mode file for STMicroelectronics.X-CUBE-ISPU.2.1.0
2024-12-16 20:35:26,242 [WARN] PackLoader:240 - Cannot read IP mode file for STMicroelectronics.X-CUBE-FREERTOS.1.2.0
2024-12-16 20:35:26,265 [WARN] PackLoader:240 - Cannot read IP mode file for STMicroelectronics.X-CUBE-AZRTOS-L5.2.0.0
2024-12-16 20:35:26,314 [WARN] PackLoader:240 - Cannot read IP mode file for STMicroelectronics.X-CUBE-MEMS1.9.6.0
2024-12-16 20:35:26,486 [WARN] PackLoader:240 - Cannot read IP mode file for STMicroelectronics.X-CUBE-EEPRMA1.4.2.0
2024-12-16 20:35:26,500 [WARN] PackLoader:240 - Cannot read IP mode file for STMicroelectronics.X-CUBE-NFC6.3.1.0
2024-12-16 20:35:26,515 [WARN] PackLoader:240 - Cannot read IP mode file for ITTIA_DB.I-CUBE-ITTIADB.8.8.0
2024-12-16 20:35:26,532 [WARN] PackLoader:240 - Cannot read IP mode file for emotas.I-CUBE-CANOPEN.1.1.3
2024-12-16 20:35:26,543 [WARN] PackLoader:240 - Cannot read IP mode file for STMicroelectronics.X-CUBE-BLEMGR.2.0.0
2024-12-16 20:35:26,554 [WARN] PackLoader:240 - Cannot read IP mode file for STMicroelectronics.X-CUBE-DPower.1.2.0
2024-12-16 20:35:26,559 [WARN] PackLoader:240 - Cannot read IP mode file for STMicroelectronics.X-CUBE-AI.9.0.0
2024-12-16 20:35:26,586 [WARN] ConditionMgr:438 - getConditionDescription Invalid condition id : UX DEVICE CLASS RTOS Condition cause : null
2024-12-16 20:35:26,586 [WARN] ConditionMgr:438 - getConditionDescription Invalid condition id : UX DEVICE CLASS RTOS Condition cause : null
2024-12-16 20:35:26,589 [WARN] PackLoader:240 - Cannot read IP mode file for STMicroelectronics.X-CUBE-AZRTOS-H7.3.1.0
2024-12-16 20:35:26,590 [WARN] ConditionMgr:1039 - genDependencies : Invalid condition id : UX DEVICE CLASS RTOS Condition cause : null
2024-12-16 20:35:26,590 [WARN] ConditionMgr:1039 - genDependencies : Invalid condition id : UX DEVICE CLASS RTOS Condition cause : null
2024-12-16 20:35:26,590 [WARN] ConditionMgr:1039 - genDependencies : Invalid condition id : UX DEVICE CLASS RTOS Condition cause : null
2024-12-16 20:35:26,592 [WARN] ConditionMgr:1039 - genDependencies : Invalid condition id : UX DEVICE CLASS RTOS Condition cause : null
2024-12-16 20:35:26,592 [WARN] ConditionMgr:1039 - genDependencies : Invalid condition id : UX DEVICE CLASS RTOS Condition cause : null
2024-12-16 20:35:26,599 [WARN] PackLoader:240 - Cannot read IP mode file for STMicroelectronics.X-CUBE-FREERTOS.1.3.0
2024-12-16 20:35:26,607 [WARN] PackLoader:240 - Cannot read IP mode file for STMicroelectronics.X-CUBE-NFC7.1.0.1
2024-12-16 20:35:26,615 [WARN] PackLoader:240 - Cannot read IP mode file for wolfSSL.I-CUBE-wolfTPM.3.2.0
2024-12-16 20:35:26,623 [WARN] PackLoader:240 - Cannot read IP mode file for STMicroelectronics.X-CUBE-NFC6.3.0.0
2024-12-16 20:35:26,631 [WARN] PackLoader:240 - Cannot read IP mode file for STMicroelectronics.X-CUBE-EEPRMA1.4.1.0
2024-12-16 20:35:26,636 [WARN] PackLoader:240 - Cannot read IP mode file for STMicroelectronics.X-CUBE-AI.8.1.0
2024-12-16 20:35:26,661 [WARN] ConditionMgr:438 - getConditionDescription Invalid condition id : LAN8742 Phy interface Condition cause : null
2024-12-16 20:35:26,662 [WARN] PackLoader:240 - Cannot read IP mode file for STMicroelectronics.X-CUBE-AZRTOS-L4.2.0.0
2024-12-16 20:35:26,664 [WARN] ConditionMgr:1039 - genDependencies : Invalid condition id : LAN8742 Phy interface Condition cause : null
2024-12-16 20:35:26,664 [WARN] ConditionMgr:1039 - genDependencies : Invalid condition id : LAN8742 Phy interface Condition cause : null
2024-12-16 20:35:26,664 [WARN] ConditionMgr:1039 - genDependencies : Invalid condition id : LAN8742 Phy interface Condition cause : null
2024-12-16 20:35:26,674 [WARN] PackLoader:240 - Cannot read IP mode file for STMicroelectronics.X-CUBE-SFXS2LP1.4.0.0
2024-12-16 20:35:26,680 [WARN] PackLoader:240 - Cannot read IP mode file for STMicroelectronics.X-CUBE-ISPU.1.1.0
2024-12-16 20:35:26,701 [WARN] PackLoader:240 - Cannot read IP mode file for STMicroelectronics.X-CUBE-AZRTOS-H7.3.3.0
2024-12-16 20:35:26,716 [WARN] PackLoader:240 - Cannot read IP mode file for STMicroelectronics.X-CUBE-IPS.3.0.0
2024-12-16 20:35:26,733 [WARN] ConditionMgr:438 - getConditionDescription Invalid condition id : UX DEVICE CLASS RTOS Condition cause : null
2024-12-16 20:35:26,733 [WARN] ConditionMgr:438 - getConditionDescription Invalid condition id : UX DEVICE CLASS RTOS Condition cause : null
2024-12-16 20:35:26,735 [WARN] PackLoader:240 - Cannot read IP mode file for STMicroelectronics.X-CUBE-AZRTOS-WB.2.0.0
2024-12-16 20:35:26,736 [WARN] ConditionMgr:1039 - genDependencies : Invalid condition id : UX DEVICE CLASS RTOS Condition cause : null
2024-12-16 20:35:26,736 [WARN] ConditionMgr:1039 - genDependencies : Invalid condition id : UX DEVICE CLASS RTOS Condition cause : null
2024-12-16 20:35:26,737 [WARN] ConditionMgr:1039 - genDependencies : Invalid condition id : UX DEVICE CLASS RTOS Condition cause : null
2024-12-16 20:35:26,737 [WARN] ConditionMgr:1039 - genDependencies : Invalid condition id : UX DEVICE CLASS RTOS Condition cause : null
2024-12-16 20:35:26,737 [WARN] ConditionMgr:1039 - genDependencies : Invalid condition id : UX DEVICE CLASS RTOS Condition cause : null
2024-12-16 20:35:26,742 [WARN] PackLoader:240 - Cannot read IP mode file for STMicroelectronics.X-CUBE-FREERTOS.1.0.1
2024-12-16 20:35:26,748 [WARN] PackLoader:240 - Cannot read IP mode file for STMicroelectronics.X-CUBE-GNSS1.7.0.0
2024-12-16 20:35:26,759 [WARN] PackLoader:240 - Cannot read IP mode file for STMicroelectronics.FP-SNS-STBOX1.2.0.0
2024-12-16 20:35:26,774 [WARN] PackLoader:240 - Cannot read IP mode file for STMicroelectronics.X-CUBE-AZRTOS-L5.1.1.0
2024-12-16 20:35:26,779 [WARN] PackLoader:240 - Cannot read IP mode file for STMicroelectronics.X-CUBE-AI.8.0.1
2024-12-16 20:35:26,789 [WARN] PackLoader:240 - Cannot read IP mode file for STMicroelectronics.X-CUBE-SUBG2.5.0.0
2024-12-16 20:35:26,799 [WARN] PackLoader:240 - Cannot read IP mode file for Cesanta.I-CUBE-Mongoose.7.13.0
2024-12-16 20:35:26,814 [WARN] PackLoader:240 - Cannot read IP mode file for STMicroelectronics.X-CUBE-AZRTOS-G4.2.0.0
2024-12-16 20:35:26,828 [WARN] PackLoader:240 - Cannot read IP mode file for STMicroelectronics.X-CUBE-TOF1.3.3.0
2024-12-16 20:35:26,849 [WARN] PackLoader:240 - Cannot read IP mode file for Infineon.AIROC-Wi-Fi-Bluetooth-STM32.1.5.1
2024-12-16 20:35:26,856 [WARN] PackLoader:240 - Cannot read IP mode file for STMicroelectronics.FP-SNS-MOTENVWB1.1.3.0
2024-12-16 20:35:26,861 [WARN] PackLoader:240 - Cannot read IP mode file for STMicroelectronics.FP-SNS-MOTENVWB1.1.3.1
2024-12-16 20:35:26,866 [WARN] PackLoader:240 - Cannot read IP mode file for STMicroelectronics.X-CUBE-ISPU.2.0.0
2024-12-16 20:35:26,873 [WARN] PackLoader:240 - Cannot read IP mode file for STMicroelectronics.X-CUBE-ALS.1.0.2
2024-12-16 20:35:26,914 [WARN] PackLoader:240 - Cannot read IP mode file for STMicroelectronics.X-CUBE-MEMS1.10.0.0
2024-12-16 20:35:27,008 [WARN] PackLoader:240 - Cannot read IP mode file for STMicroelectronics.X-CUBE-FREERTOS.1.1.0
2024-12-16 20:35:27,012 [WARN] PackLoader:240 - Cannot read IP mode file for STMicroelectronics.X-CUBE-TOUCHGFX.4.24.0
2024-12-16 20:35:27,016 [WARN] PackLoader:240 - Cannot read IP mode file for STMicroelectronics.X-CUBE-TOUCHGFX.4.24.1
2024-12-16 20:35:27,024 [WARN] PackLoader:240 - Cannot read IP mode file for portGmbH.I-Cube-SoM-uGOAL.1.1.0
2024-12-16 20:35:27,028 [WARN] PackLoader:240 - Cannot read IP mode file for STMicroelectronics.X-CUBE-ALS.1.0.1
2024-12-16 20:35:27,040 [WARN] PackLoader:240 - Cannot read IP mode file for STMicroelectronics.X-CUBE-AZRTOS-WB.1.1.0
2024-12-16 20:35:27,059 [WARN] PackLoader:240 - Cannot read IP mode file for STMicroelectronics.X-CUBE-AZRTOS-H7RS.1.0.0
2024-12-16 20:35:27,065 [WARN] PackLoader:240 - Cannot read IP mode file for STMicroelectronics.FP-ATR-ASTRA1.2.0.0
2024-12-16 20:35:27,076 [WARN] PackLoader:240 - Cannot read IP mode file for STMicroelectronics.X-CUBE-TOF1.3.4.2
2024-12-16 20:35:27,099 [WARN] PackLoader:240 - Cannot read IP mode file for STMicroelectronics.X-CUBE-TOF1.3.4.0
2024-12-16 20:35:27,116 [WARN] PackLoader:240 - Cannot read IP mode file for STMicroelectronics.X-CUBE-TOF1.3.4.1
2024-12-16 20:35:27,141 [WARN] PackLoader:240 - Cannot read IP mode file for STMicroelectronics.X-CUBE-AZRTOS-H7.3.2.0
2024-12-16 20:35:27,149 [WARN] PackLoader:240 - Cannot read IP mode file for wolfSSL.I-CUBE-wolfSSH.1.4.17
2024-12-16 20:35:27,150 [INFO] ThirdParty:978 - Integrity check success = true
2024-12-16 20:35:27,150 [INFO] IntegrityCheckThread:100 - exiting critical section [integrity check]
2024-12-16 20:35:27,150 [INFO] IntegrityCheckThread:103 - End integrity checks thread
2024-12-16 20:51:25,672 [ERROR] LogOutputStream:75 - [STDERR_REDIRECT] 
