2024-12-19 19:11:28,367 [INFO] Activator:176 - 


2024-12-19 19:11:28,377 [INFO] Activator:177 - !SESSION log4j initialized
2024-12-19 19:11:37,249 [INFO] LogOutputStream:77 - [STDOUT_REDIRECT] 
2024-12-19 19:11:40,026 [INFO] ApplicationProperties:184 - Using Application install path: C:\ST\STM32CubeIDE_1.16.0\STM32CubeIDE\plugins\com.st.stm32cube.common.mx_6.12.0.202406281431
2024-12-19 19:11:40,049 [INFO] DbMcusXml:78 - Set database path to: C:\ST\STM32CubeIDE_1.16.0\STM32CubeIDE\plugins\com.st.stm32cube.common.mx_6.12.0.202406281431\\db\/mcu/
2024-12-19 19:11:40,050 [INFO] ApiDb:274 - Set plugin database path to: C:\ST\STM32CubeIDE_1.16.0\STM32CubeIDE\plugins\com.st.stm32cube.common.mx_6.12.0.202406281431\\db\/plugins/boardmanager/
2024-12-19 19:11:40,050 [WARN] ApiDb:259 - Overriding images path with different value:  => C:\ST\STM32CubeIDE_1.16.0\STM32CubeIDE\plugins\com.st.stm32cube.common.mx_6.12.0.202406281431\\db\/plugins/mcufinder/images/
2024-12-19 19:11:40,067 [INFO] ApiDb:250 - Set database path to: C:\Users\machi\.stmcufinder\plugins\mcufinder//mcu/
2024-12-19 19:11:40,068 [INFO] DbMcusAds:125 - Set database path to: C:\Users\machi\.stmcufinder\plugins\mcufinder//mcu/
2024-12-19 19:11:40,072 [INFO] CrossReferenceDbSqlite:203 - Set database path to: C:\Users\machi\.stmcufinder\plugins\mcufinder//mcu/cs/
2024-12-19 19:11:40,238 [INFO] RulesReader:64 - Compatibility file has been processed (297 Rules)
2024-12-19 19:11:40,443 [INFO] DbMcusXml:78 - Set database path to: C:\ST\STM32CubeIDE_1.16.0\STM32CubeIDE\plugins\com.st.stm32cube.common.mx_6.12.0.202406281431\\db\/mcu/
2024-12-19 19:11:40,443 [INFO] ApiDb:274 - Set plugin database path to: C:\ST\STM32CubeIDE_1.16.0\STM32CubeIDE\plugins\com.st.stm32cube.common.mx_6.12.0.202406281431\\db\/plugins/boardmanager/
2024-12-19 19:11:40,443 [INFO] ApiDb:261 - Set plugin images path to: C:\ST\STM32CubeIDE_1.16.0\STM32CubeIDE\plugins\com.st.stm32cube.common.mx_6.12.0.202406281431\\db\/plugins/mcufinder/images/
2024-12-19 19:11:40,444 [WARN] DbFile:41 - Overriding database path with different value: C:\Users\machi\.stmcufinder\plugins\mcufinder/ => C:\Users\machi\.stmcufinder\plugins\mcufinder
2024-12-19 19:11:40,444 [INFO] ApiDb:250 - Set database path to: C:\Users\machi\.stmcufinder\plugins\mcufinder//mcu/
2024-12-19 19:11:40,444 [WARN] DbFile:41 - Overriding database path with different value: C:\Users\machi\.stmcufinder\plugins\mcufinder/ => C:\Users\machi\.stmcufinder\plugins\mcufinder
2024-12-19 19:11:40,445 [INFO] DbMcusAds:125 - Set database path to: C:\Users\machi\.stmcufinder\plugins\mcufinder//mcu/
2024-12-19 19:11:40,445 [WARN] DbFile:41 - Overriding database path with different value: C:\Users\machi\.stmcufinder\plugins\mcufinder/ => C:\Users\machi\.stmcufinder\plugins\mcufinder
2024-12-19 19:11:40,445 [WARN] DbFile:41 - Overriding database path with different value: C:\Users\machi\.stmcufinder\plugins\mcufinder/ => C:\Users\machi\.stmcufinder\plugins\mcufinder
2024-12-19 19:11:40,446 [INFO] CrossReferenceDbSqlite:203 - Set database path to: C:\Users\machi\.stmcufinder\plugins\mcufinder//mcu/cs/
2024-12-19 19:11:40,589 [INFO] MainPanel:268 - HeapMemory: 268435456
2024-12-19 19:11:40,736 [INFO] DbMcusXml:78 - Set database path to: C:\ST\STM32CubeIDE_1.16.0\STM32CubeIDE\plugins\com.st.stm32cube.common.mx_6.12.0.202406281431\\db\/mcu/
2024-12-19 19:11:40,736 [INFO] ApiDb:274 - Set plugin database path to: C:\ST\STM32CubeIDE_1.16.0\STM32CubeIDE\plugins\com.st.stm32cube.common.mx_6.12.0.202406281431\\db\/plugins/boardmanager/
2024-12-19 19:11:40,736 [INFO] ApiDb:261 - Set plugin images path to: C:\ST\STM32CubeIDE_1.16.0\STM32CubeIDE\plugins\com.st.stm32cube.common.mx_6.12.0.202406281431\\db\/plugins/mcufinder/images/
2024-12-19 19:11:40,737 [WARN] DbFile:41 - Overriding database path with different value: C:\Users\machi\.stmcufinder\plugins\mcufinder/ => C:\Users\machi\.stmcufinder\plugins\mcufinder
2024-12-19 19:11:40,737 [INFO] ApiDb:250 - Set database path to: C:\Users\machi\.stmcufinder\plugins\mcufinder//mcu/
2024-12-19 19:11:40,737 [WARN] DbFile:41 - Overriding database path with different value: C:\Users\machi\.stmcufinder\plugins\mcufinder/ => C:\Users\machi\.stmcufinder\plugins\mcufinder
2024-12-19 19:11:40,738 [INFO] DbMcusAds:125 - Set database path to: C:\Users\machi\.stmcufinder\plugins\mcufinder//mcu/
2024-12-19 19:11:40,738 [WARN] DbFile:41 - Overriding database path with different value: C:\Users\machi\.stmcufinder\plugins\mcufinder/ => C:\Users\machi\.stmcufinder\plugins\mcufinder
2024-12-19 19:11:40,738 [WARN] DbFile:41 - Overriding database path with different value: C:\Users\machi\.stmcufinder\plugins\mcufinder/ => C:\Users\machi\.stmcufinder\plugins\mcufinder
2024-12-19 19:11:40,738 [INFO] CrossReferenceDbSqlite:203 - Set database path to: C:\Users\machi\.stmcufinder\plugins\mcufinder//mcu/cs/
2024-12-19 19:11:40,771 [INFO] ApplicationProperties:184 - Using Application install path: C:\ST\STM32CubeIDE_1.16.0\STM32CubeIDE\plugins\com.st.stm32cube.common.mx_6.12.0.202406281431
2024-12-19 19:11:40,773 [INFO] PluginManage:196 - Search for loadable plugins [exclusion list=, ]
2024-12-19 19:11:40,776 [INFO] PluginManage:310 - Check plugin analytics
2024-12-19 19:11:41,073 [INFO] AnalyticsPlugin:253 - Accepted Software Licenses: STM32CubeMX.6.8.1,STM32CubeMX.6.10.0,STM32CubeMX.6.11.1,STM32CubeMX.6.12.0
2024-12-19 19:11:41,074 [INFO] AnalyticsPlugin:255 - Accepted CMSIS Pack Licenses: 
2024-12-19 19:11:41,074 [INFO] AnalyticsPlugin:257 - Accepted Firmware Licenses: FW.F4.1.27.0,FW.F4.1.28.0
2024-12-19 19:11:41,078 [INFO] PluginManage:359 - Loaded plugin analytics (category:tool,tabindex:-1)
2024-12-19 19:11:41,079 [INFO] PluginManage:310 - Check plugin cadmodel
2024-12-19 19:11:41,088 [INFO] CADModel:105 - Init CAD model plugin
2024-12-19 19:11:41,089 [INFO] PluginManage:359 - Loaded plugin cadmodel (category:power,tabindex:5)
2024-12-19 19:11:41,089 [INFO] PluginManage:310 - Check plugin clock
2024-12-19 19:11:41,106 [INFO] PluginManage:359 - Loaded plugin clock (category:base,tabindex:2)
2024-12-19 19:11:41,107 [INFO] PluginManage:310 - Check plugin ddr
2024-12-19 19:11:41,110 [INFO] PluginManage:359 - Loaded plugin ddr (category:tool,tabindex:6)
2024-12-19 19:11:41,111 [INFO] PluginManage:310 - Check plugin filemanager
2024-12-19 19:11:41,296 [INFO] PluginManage:359 - Loaded plugin filemanager (category:base,tabindex:10)
2024-12-19 19:11:41,296 [INFO] PluginManage:310 - Check plugin ipmanager
2024-12-19 19:11:41,309 [INFO] PluginManage:359 - Loaded plugin ipmanager (category:base,tabindex:5)
2024-12-19 19:11:41,309 [INFO] PluginManage:310 - Check plugin lpbam
2024-12-19 19:11:41,321 [INFO] PluginManage:359 - Loaded plugin lpbam (category:base,tabindex:0)
2024-12-19 19:11:41,322 [INFO] PluginManage:310 - Check plugin memorymap
2024-12-19 19:11:41,343 [INFO] PluginManage:359 - Loaded plugin memorymap (category:base,tabindex:4)
2024-12-19 19:11:41,343 [INFO] PluginManage:310 - Check plugin pinoutandconfiguration
2024-12-19 19:11:41,358 [INFO] PluginManage:359 - Loaded plugin pinoutandconfiguration (category:base,tabindex:1)
2024-12-19 19:11:41,358 [INFO] PluginManage:310 - Check plugin pinoutconfig
2024-12-19 19:11:41,466 [WARN] SupportedApi:132 - Cannot load RTOS API schema: s4s-elt-must-match.1: The content of 'definitions' must match (annotation?, (simpleType | complexType)?, (unique | key | keyref)*)). A problem was found starting at: attribute.
2024-12-19 19:11:41,614 [INFO] PluginManage:359 - Loaded plugin pinoutconfig (category:base,tabindex:0)
2024-12-19 19:11:41,614 [INFO] PluginManage:310 - Check plugin power
2024-12-19 19:11:41,627 [INFO] PluginManage:359 - Loaded plugin power (category:power,tabindex:4)
2024-12-19 19:11:41,628 [INFO] PluginManage:310 - Check plugin projectmanager
2024-12-19 19:11:41,649 [INFO] PluginManage:359 - Loaded plugin projectmanager (category:projectmanager,tabindex:4)
2024-12-19 19:11:41,650 [INFO] PluginManage:310 - Check plugin rif
2024-12-19 19:11:41,659 [INFO] PluginManage:359 - Loaded plugin rif (category:base,tabindex:3)
2024-12-19 19:11:41,660 [INFO] PluginManage:310 - Check plugin thirdparty
2024-12-19 19:11:41,839 [WARN] IntegrityCheckThread:84 - waiting for thirdparty lock release [integrity check]
2024-12-19 19:11:41,840 [INFO] PluginManage:359 - Loaded plugin thirdparty (category:base,tabindex:-1)
2024-12-19 19:11:41,840 [INFO] IntegrityCheckThread:86 - entering critical section [integrity check]
2024-12-19 19:11:41,840 [INFO] PluginManage:310 - Check plugin tools
2024-12-19 19:11:41,841 [INFO] ThirdPartyUpdaterWithRetryManager:70 - Updater plugin not ready yet. [1/15]
2024-12-19 19:11:41,846 [INFO] PluginManage:359 - Loaded plugin tools (category:base,tabindex:7)
2024-12-19 19:11:41,846 [INFO] PluginManage:310 - Check plugin tutovideos
2024-12-19 19:11:42,051 [INFO] PluginManage:359 - Loaded plugin tutovideos (category:base,tabindex:-1)
2024-12-19 19:11:42,051 [INFO] PluginManage:310 - Check plugin updater
2024-12-19 19:11:42,071 [INFO] PluginManage:359 - Loaded plugin updater (category:base,tabindex:12)
2024-12-19 19:11:42,072 [INFO] PluginManage:310 - Check plugin userauth
2024-12-19 19:11:42,078 [INFO] UserAuth:113 - Init User Auth plugin
2024-12-19 19:11:42,079 [INFO] PluginManage:359 - Loaded plugin userauth (category:base,tabindex:14)
2024-12-19 19:11:42,079 [INFO] PluginManage:283 - PluginManage : Loaded plugins [18]
2024-12-19 19:11:42,401 [INFO] PinOutPanel:1561 - setPackage(No Configuration,No Configuration)
2024-12-19 19:11:42,516 [INFO] CADModel:165 - CPN selected for project level
2024-12-19 19:11:42,516 [INFO] CADModel:114 - Register for checkConnection events
2024-12-19 19:11:42,541 [INFO] IPUIPlugin:80 - create IPUIPlugin
2024-12-19 19:11:42,542 [INFO] PluginManager:220 - loadIPPluginJar : add adc
2024-12-19 19:11:42,546 [INFO] IPUIPlugin:80 - create IPUIPlugin
2024-12-19 19:11:42,547 [INFO] PluginManager:220 - loadIPPluginJar : add aes
2024-12-19 19:11:42,551 [INFO] IPUIPlugin:80 - create IPUIPlugin
2024-12-19 19:11:42,552 [INFO] PluginManager:220 - loadIPPluginJar : add can
2024-12-19 19:11:42,556 [INFO] IPUIPlugin:80 - create IPUIPlugin
2024-12-19 19:11:42,557 [INFO] PluginManager:220 - loadIPPluginJar : add comp
2024-12-19 19:11:42,562 [INFO] IPUIPlugin:80 - create IPUIPlugin
2024-12-19 19:11:42,562 [INFO] PluginManager:220 - loadIPPluginJar : add cryp
2024-12-19 19:11:42,567 [INFO] IPUIPlugin:80 - create IPUIPlugin
2024-12-19 19:11:42,567 [INFO] PluginManager:220 - loadIPPluginJar : add ddr_ctrl_phy
2024-12-19 19:11:42,571 [INFO] IPUIPlugin:80 - create IPUIPlugin
2024-12-19 19:11:42,571 [INFO] PluginManager:220 - loadIPPluginJar : add dfsdm
2024-12-19 19:11:42,578 [INFO] IPUIPlugin:80 - create IPUIPlugin
2024-12-19 19:11:42,578 [INFO] PluginManager:220 - loadIPPluginJar : add dma
2024-12-19 19:11:42,584 [INFO] IPUIPlugin:80 - create IPUIPlugin
2024-12-19 19:11:42,584 [INFO] PluginManager:220 - loadIPPluginJar : add dma3
2024-12-19 19:11:42,590 [INFO] IPUIPlugin:80 - create IPUIPlugin
2024-12-19 19:11:42,590 [INFO] PluginManager:220 - loadIPPluginJar : add extmemmanager
2024-12-19 19:11:42,594 [INFO] IPUIPlugin:80 - create IPUIPlugin
2024-12-19 19:11:42,594 [INFO] PluginManager:220 - loadIPPluginJar : add fatfs
2024-12-19 19:11:42,601 [INFO] IPUIPlugin:80 - create IPUIPlugin
2024-12-19 19:11:42,601 [INFO] PluginManager:220 - loadIPPluginJar : add fmc
2024-12-19 19:11:42,609 [INFO] IPUIPlugin:80 - create IPUIPlugin
2024-12-19 19:11:42,609 [INFO] PluginManager:220 - loadIPPluginJar : add freertos
2024-12-19 19:11:42,611 [INFO] IPUIPlugin:80 - create IPUIPlugin
2024-12-19 19:11:42,612 [INFO] PluginManager:220 - loadIPPluginJar : add genericplugin
2024-12-19 19:11:42,617 [INFO] IPUIPlugin:80 - create IPUIPlugin
2024-12-19 19:11:42,617 [INFO] PluginManager:220 - loadIPPluginJar : add gfxmmu
2024-12-19 19:11:42,623 [INFO] IPUIPlugin:80 - create IPUIPlugin
2024-12-19 19:11:42,624 [INFO] PluginManager:220 - loadIPPluginJar : add gic
2024-12-19 19:11:42,630 [INFO] IPUIPlugin:80 - create IPUIPlugin
2024-12-19 19:11:42,630 [INFO] PluginManager:220 - loadIPPluginJar : add gpio
2024-12-19 19:11:42,635 [INFO] IPUIPlugin:80 - create IPUIPlugin
2024-12-19 19:11:42,635 [INFO] PluginManager:220 - loadIPPluginJar : add gtzc
2024-12-19 19:11:42,639 [INFO] IPUIPlugin:80 - create IPUIPlugin
2024-12-19 19:11:42,640 [INFO] PluginManager:220 - loadIPPluginJar : add hash
2024-12-19 19:11:42,644 [INFO] IPUIPlugin:80 - create IPUIPlugin
2024-12-19 19:11:42,645 [INFO] PluginManager:220 - loadIPPluginJar : add i2c
2024-12-19 19:11:42,649 [INFO] IPUIPlugin:80 - create IPUIPlugin
2024-12-19 19:11:42,649 [INFO] PluginManager:220 - loadIPPluginJar : add i2s
2024-12-19 19:11:42,654 [INFO] IPUIPlugin:80 - create IPUIPlugin
2024-12-19 19:11:42,655 [INFO] PluginManager:220 - loadIPPluginJar : add i3c
2024-12-19 19:11:42,659 [INFO] IPUIPlugin:80 - create IPUIPlugin
2024-12-19 19:11:42,659 [INFO] PluginManager:220 - loadIPPluginJar : add ipddr
2024-12-19 19:11:42,669 [INFO] IPUIPlugin:80 - create IPUIPlugin
2024-12-19 19:11:42,669 [INFO] PluginManager:220 - loadIPPluginJar : add linkedlist
2024-12-19 19:11:42,675 [INFO] IPUIPlugin:80 - create IPUIPlugin
2024-12-19 19:11:42,675 [INFO] PluginManager:220 - loadIPPluginJar : add lorawan
2024-12-19 19:11:42,679 [INFO] IPUIPlugin:80 - create IPUIPlugin
2024-12-19 19:11:42,679 [INFO] PluginManager:220 - loadIPPluginJar : add ltdc
2024-12-19 19:11:42,687 [INFO] IPUIPlugin:80 - create IPUIPlugin
2024-12-19 19:11:42,687 [INFO] PluginManager:220 - loadIPPluginJar : add mdma
2024-12-19 19:11:42,693 [INFO] IPUIPlugin:80 - create IPUIPlugin
2024-12-19 19:11:42,693 [INFO] PluginManager:220 - loadIPPluginJar : add nvic
2024-12-19 19:11:42,698 [INFO] IPUIPlugin:80 - create IPUIPlugin
2024-12-19 19:11:42,699 [INFO] PluginManager:220 - loadIPPluginJar : add opamp
2024-12-19 19:11:42,704 [INFO] IPUIPlugin:80 - create IPUIPlugin
2024-12-19 19:11:42,705 [INFO] PluginManager:220 - loadIPPluginJar : add openamp
2024-12-19 19:11:42,710 [INFO] IPUIPlugin:80 - create IPUIPlugin
2024-12-19 19:11:42,710 [INFO] PluginManager:220 - loadIPPluginJar : add pdm2pcm
2024-12-19 19:11:42,720 [INFO] IPUIPlugin:80 - create IPUIPlugin
2024-12-19 19:11:42,732 [INFO] PluginManager:220 - loadIPPluginJar : add plateformsettings
2024-12-19 19:11:42,737 [INFO] IPUIPlugin:80 - create IPUIPlugin
2024-12-19 19:11:42,737 [INFO] PluginManager:220 - loadIPPluginJar : add quadspi
2024-12-19 19:11:42,742 [INFO] IPUIPlugin:80 - create IPUIPlugin
2024-12-19 19:11:42,743 [INFO] PluginManager:220 - loadIPPluginJar : add radio
2024-12-19 19:11:42,751 [INFO] IPUIPlugin:80 - create IPUIPlugin
2024-12-19 19:11:42,751 [INFO] PluginManager:220 - loadIPPluginJar : add resmgrutility
2024-12-19 19:11:42,760 [INFO] IPUIPlugin:80 - create IPUIPlugin
2024-12-19 19:11:42,760 [INFO] PluginManager:220 - loadIPPluginJar : add sai
2024-12-19 19:11:42,767 [INFO] IPUIPlugin:80 - create IPUIPlugin
2024-12-19 19:11:42,767 [INFO] PluginManager:220 - loadIPPluginJar : add spi
2024-12-19 19:11:42,776 [INFO] IPUIPlugin:80 - create IPUIPlugin
2024-12-19 19:11:42,777 [INFO] PluginManager:220 - loadIPPluginJar : add stm32_wpan
2024-12-19 19:11:42,782 [INFO] IPUIPlugin:80 - create IPUIPlugin
2024-12-19 19:11:42,783 [INFO] PluginManager:220 - loadIPPluginJar : add tim
2024-12-19 19:11:42,791 [INFO] IPUIPlugin:80 - create IPUIPlugin
2024-12-19 19:11:42,792 [INFO] PluginManager:220 - loadIPPluginJar : add touchsensing
2024-12-19 19:11:42,798 [INFO] IPUIPlugin:80 - create IPUIPlugin
2024-12-19 19:11:42,798 [INFO] PluginManager:220 - loadIPPluginJar : add tracer_emb
2024-12-19 19:11:42,822 [INFO] IPUIPlugin:80 - create IPUIPlugin
2024-12-19 19:11:42,822 [INFO] PluginManager:220 - loadIPPluginJar : add ts
2024-12-19 19:11:42,827 [INFO] IPUIPlugin:80 - create IPUIPlugin
2024-12-19 19:11:42,828 [INFO] PluginManager:220 - loadIPPluginJar : add tsc
2024-12-19 19:11:42,833 [INFO] IPUIPlugin:80 - create IPUIPlugin
2024-12-19 19:11:42,834 [INFO] PluginManager:220 - loadIPPluginJar : add ucpd
2024-12-19 19:11:42,842 [INFO] IPUIPlugin:80 - create IPUIPlugin
2024-12-19 19:11:42,842 [INFO] PluginManager:220 - loadIPPluginJar : add usart
2024-12-19 19:11:42,848 [INFO] IPUIPlugin:80 - create IPUIPlugin
2024-12-19 19:11:42,848 [INFO] PluginManager:220 - loadIPPluginJar : add usbx
2024-12-19 19:11:43,007 [INFO] CADModel:165 - CPN selected for project level
2024-12-19 19:11:43,007 [INFO] CADModel:114 - Register for checkConnection events
2024-12-19 19:11:43,007 [FATAL] Updater:334 - Updater called before beeing initialized
2024-12-19 19:11:43,008 [ERROR] CADModel:125 - Updater not yet initialized, retry later 
2024-12-19 19:11:43,156 [INFO] CADModel:165 - CPN selected for project level
2024-12-19 19:11:43,156 [INFO] CADModel:114 - Register for checkConnection events
2024-12-19 19:11:43,156 [FATAL] Updater:334 - Updater called before beeing initialized
2024-12-19 19:11:43,156 [ERROR] CADModel:125 - Updater not yet initialized, retry later 
2024-12-19 19:11:43,160 [FATAL] Updater:334 - Updater called before beeing initialized
2024-12-19 19:11:43,311 [FATAL] Updater:334 - Updater called before beeing initialized
2024-12-19 19:11:43,316 [INFO] DbMcusAds:53 - JSON generation date=Fri Sep 20 22:04:23 KST 2024 (1726837463113)
2024-12-19 19:11:43,316 [FATAL] Updater:334 - Updater called before beeing initialized
2024-12-19 19:11:43,403 [WARN] DetailPanel:346 - Failed to get advertising image, set to default
2024-12-19 19:11:43,599 [FATAL] Updater:334 - Updater called before beeing initialized
2024-12-19 19:11:43,601 [FATAL] Updater:334 - Updater called before beeing initialized
2024-12-19 19:11:43,601 [FATAL] Updater:334 - Updater called before beeing initialized
2024-12-19 19:11:43,601 [WARN] DetailPanel:346 - Failed to get advertising image, set to default
2024-12-19 19:11:43,602 [FATAL] Updater:334 - Updater called before beeing initialized
2024-12-19 19:11:43,663 [ERROR] Updater:1164 - MainUpdater not yet initialized. External WinMGr cannot be set.
2024-12-19 19:11:43,668 [INFO] Updater:1100 - Updater Version found : 6.12.0
2024-12-19 19:11:43,683 [INFO] ApplicationProperties:184 - Using Application install path: C:\ST\STM32CubeIDE_1.16.0\STM32CubeIDE\plugins\com.st.stm32cube.common.mx_6.12.0.202406281431
2024-12-19 19:11:44,243 [INFO] MainUpdater:2873 - connection check result : 10
2024-12-19 19:11:44,243 [INFO] MainUpdater:3567 - Updater definition file requires update
2024-12-19 19:11:44,245 [INFO] MainUpdater:290 - Updater Check For Update Now.
2024-12-19 19:11:44,245 [INFO] MicroXplorer:498 - Change Database Version : DB.6.0.120
2024-12-19 19:11:44,261 [INFO] McuFinderGlobals:63 - Set McuFinder mode to 2 (CubeIDE integrated)
2024-12-19 19:11:44,262 [INFO] UserAuth:179 - activating auth plugin
2024-12-19 19:11:44,265 [INFO] UserAuth:417 - Internet connection configuration mode: 1
2024-12-19 19:11:44,299 [INFO] JxBrowserEngine:152 - Initiate JxBrowser Engine with user profile folder
2024-12-19 19:11:44,308 [INFO] ServerAccessManage:473 - Download File updaters.zip
2024-12-19 19:11:44,493 [INFO] FileExtend:240 - Unzip File : updaters.zip
2024-12-19 19:11:44,493 [INFO] FileExtend:255 - Standard Zip Deflate
2024-12-19 19:11:44,843 [WARN] MainUpdater:1194 - Updater busy. Cannot search thirdparties
2024-12-19 19:11:44,843 [INFO] ThirdPartyUpdaterWithRetryManager:96 - Updater plugin is busy. [1/15]
2024-12-19 19:11:45,528 [INFO] ServerAccessManage:473 - Download File PacksControlFlags.xml
2024-12-19 19:11:45,657 [INFO] ServerAccessManage:473 - Download File cubemx.pidx
2024-12-19 19:11:46,416 [INFO] ServerAccessManage:473 - Download File STMicroelectronics.X-CUBE-GNSS1.pdsc
2024-12-19 19:11:47,844 [WARN] MainUpdater:1194 - Updater busy. Cannot search thirdparties
2024-12-19 19:11:47,844 [INFO] ThirdPartyUpdaterWithRetryManager:96 - Updater plugin is busy. [2/15]
2024-12-19 19:11:48,315 [INFO] WebApp:167 - Instantiating new browser for Auth
2024-12-19 19:11:49,642 [INFO] WebApp:448 - Apply proxy settings
2024-12-19 19:11:49,643 [INFO] WebApp:533 - Chromium requires no authentication
2024-12-19 19:11:49,654 [INFO] WebApp:476 - Direct internet connection detected
2024-12-19 19:11:49,685 [INFO] WebApp:869 - Register for checkConnection events
2024-12-19 19:11:49,685 [INFO] WebApp:448 - Apply proxy settings
2024-12-19 19:11:49,685 [INFO] WebApp:533 - Chromium requires no authentication
2024-12-19 19:11:49,687 [INFO] WebApp:476 - Direct internet connection detected
2024-12-19 19:11:49,908 [INFO] WebApp:220 - Starting web application
2024-12-19 19:11:49,908 [INFO] WebApp:578 - Web application path used C:\ST\STM32CubeIDE_1.16.0\STM32CubeIDE\plugins\com.st.stm32cube.common.mx_6.12.0.202406281431\db\plugins\mcufinder\reactClient1\index.html
2024-12-19 19:11:49,964 [INFO] WebApp:186 - Connection restablished
2024-12-19 19:11:50,848 [WARN] MainUpdater:1194 - Updater busy. Cannot search thirdparties
2024-12-19 19:11:50,848 [INFO] ThirdPartyUpdaterWithRetryManager:96 - Updater plugin is busy. [3/15]
2024-12-19 19:11:51,210 [ERROR] ServerAccessManage:1089 - Problem, file not found on Server
2024-12-19 19:11:51,683 [ERROR] ServerAccessManage:1089 - Problem, file not found on Server
2024-12-19 19:11:52,507 [ERROR] ServerAccessManage:1089 - Problem, file not found on Server
2024-12-19 19:11:53,389 [ERROR] ServerAccessManage:1089 - Problem, file not found on Server
2024-12-19 19:11:53,850 [WARN] MainUpdater:1194 - Updater busy. Cannot search thirdparties
2024-12-19 19:11:53,850 [INFO] ThirdPartyUpdaterWithRetryManager:96 - Updater plugin is busy. [4/15]
2024-12-19 19:11:53,990 [ERROR] ServerAccessManage:1089 - Problem, file not found on Server
2024-12-19 19:11:54,967 [ERROR] ServerAccessManage:1089 - Problem, file not found on Server
2024-12-19 19:11:55,177 [INFO] ServerAccessManage:473 - Download File STMicroelectronics.X-CUBE-MEMS1.pdsc
2024-12-19 19:11:56,851 [WARN] MainUpdater:1194 - Updater busy. Cannot search thirdparties
2024-12-19 19:11:56,851 [INFO] ThirdPartyUpdaterWithRetryManager:96 - Updater plugin is busy. [5/15]
2024-12-19 19:11:58,448 [WARN] PackLoader:240 - Cannot read IP mode file for STMicroelectronics.X-CUBE-GNSS1.7.0.1
2024-12-19 19:11:58,550 [WARN] PackLoader:240 - Cannot read IP mode file for STMicroelectronics.X-CUBE-MEMS1.11.1.0
2024-12-19 19:11:58,563 [INFO] CheckServerUpdateThread:120 - End of CheckServer Thread
2024-12-19 19:11:58,739 [INFO] PopulateThirdPartyThread:66 - Ending populate Thread
2024-12-19 19:11:58,741 [INFO] ThirdParty:1030 - CMSIS Pack Vendor :STMicroelectronics X-CUBE-GNSS1 7.0.1
2024-12-19 19:11:58,741 [INFO] ThirdParty:1030 - CMSIS Pack Vendor :STMicroelectronics X-CUBE-MEMS1 11.1.0
2024-12-19 19:11:58,741 [INFO] LoadServerUpdatesThread:375 - End of LoadServerUpdate Thread
2024-12-19 19:12:00,499 [WARN] PackLoader:240 - Cannot read IP mode file for STMicroelectronics.FP-SNS-MOTENVWB1.1.4.0
2024-12-19 19:12:00,505 [WARN] PackLoader:240 - Cannot read IP mode file for STMicroelectronics.FP-ATR-ASTRA1.2.0.1
2024-12-19 19:12:00,513 [WARN] PackLoader:240 - Cannot read IP mode file for STMicroelectronics.X-CUBE-SMBUS.2.1.0
2024-12-19 19:12:00,519 [WARN] PackLoader:240 - Cannot read IP mode file for STMicroelectronics.X-CUBE-WB05N.1.1.0
2024-12-19 19:12:00,526 [WARN] PackLoader:240 - Cannot read IP mode file for STMicroelectronics.X-CUBE-TOUCHGFX.4.23.1
2024-12-19 19:12:00,530 [WARN] PackLoader:240 - Cannot read IP mode file for STMicroelectronics.X-CUBE-TOUCHGFX.4.23.0
2024-12-19 19:12:00,533 [WARN] PackLoader:240 - Cannot read IP mode file for STMicroelectronics.X-CUBE-TOUCHGFX.4.23.2
2024-12-19 19:12:00,549 [WARN] PackLoader:240 - Cannot read IP mode file for STMicroelectronics.X-CUBE-AZRTOS-F7.1.1.0
2024-12-19 19:12:00,558 [WARN] PackLoader:240 - Cannot read IP mode file for STMicroelectronics.FP-SNS-MOTENV1.4.3.2
2024-12-19 19:12:00,565 [ERROR] RealEvaluatedCondition:428 - Found unsupported composite condition: GROUP='STM32_MetaDataManager' CLASS='Data Exchange'
2024-12-19 19:12:00,565 [ERROR] RealEvaluatedCondition:428 - Found unsupported composite condition: CLASS='Data Exchange' GROUP='STM32_MetaDataManager'
2024-12-19 19:12:00,566 [WARN] PackLoader:240 - Cannot read IP mode file for STMicroelectronics.FP-SNS-MOTENV1.4.3.1
2024-12-19 19:12:00,573 [WARN] PackLoader:240 - Cannot read IP mode file for STMicroelectronics.FP-SNS-FLIGHT1.5.0.1
2024-12-19 19:12:00,613 [WARN] PackLoader:240 - Cannot read IP mode file for STMicroelectronics.X-CUBE-MEMS1.11.0.0
2024-12-19 19:12:00,748 [WARN] PackLoader:240 - Cannot read IP mode file for STMicroelectronics.X-CUBE-BLE1.6.2.4
2024-12-19 19:12:00,754 [WARN] PackLoader:240 - Cannot read IP mode file for STMicroelectronics.FP-SNS-FLIGHT1.5.0.2
2024-12-19 19:12:00,761 [WARN] PackLoader:240 - Cannot read IP mode file for STMicroelectronics.X-CUBE-DISPLAY.3.0.0
2024-12-19 19:12:00,768 [WARN] PackLoader:240 - Cannot read IP mode file for STMicroelectronics.X-CUBE-BLE1.7.0.0
2024-12-19 19:12:00,776 [WARN] PackLoader:240 - Cannot read IP mode file for STMicroelectronics.X-CUBE-NFC10.1.0.0
2024-12-19 19:12:00,788 [WARN] PackLoader:240 - Cannot read IP mode file for STMicroelectronics.X-CUBE-BLEMGR.4.0.0
2024-12-19 19:12:00,794 [WARN] PackLoader:240 - Cannot read IP mode file for STMicroelectronics.X-CUBE-TOUCHGFX.4.22.1
2024-12-19 19:12:00,803 [WARN] PackLoader:240 - Cannot read IP mode file for STMicroelectronics.X-CUBE-BLEMGR.3.1.0
2024-12-19 19:12:00,811 [WARN] PackLoader:240 - Cannot read IP mode file for STMicroelectronics.FP-SNS-SMARTAG2.1.2.0
2024-12-19 19:12:00,849 [WARN] PackLoader:240 - Cannot read IP mode file for STMicroelectronics.X-CUBE-MEMS1.11.1.0
2024-12-19 19:12:01,019 [INFO] LogOutputStream:77 - [STDOUT_REDIRECT] 1 : Invalid condition id : UX_CORESTACK_Condition cause : null
2024-12-19 19:12:01,020 [INFO] LogOutputStream:77 - [STDOUT_REDIRECT] 1 : Invalid condition id : UX_CORESTACK_Condition cause : null
2024-12-19 19:12:01,023 [INFO] LogOutputStream:77 - [STDOUT_REDIRECT] 1 : Invalid condition id : UX_CORESTACK_Condition cause : null
2024-12-19 19:12:01,025 [INFO] LogOutputStream:77 - [STDOUT_REDIRECT] 1 : Invalid condition id : UX_CORESTACK_Condition cause : null
2024-12-19 19:12:01,026 [INFO] LogOutputStream:77 - [STDOUT_REDIRECT] 1 : Invalid condition id : UX_CORESTACK_Condition cause : null
2024-12-19 19:12:01,030 [WARN] PackLoader:240 - Cannot read IP mode file for STMicroelectronics.X-CUBE-AZRTOS-WL.2.0.0
2024-12-19 19:12:01,039 [WARN] PackLoader:240 - Cannot read IP mode file for STMicroelectronics.FP-SNS-MOTENV1.5.0.0
2024-12-19 19:12:01,048 [WARN] PackLoader:240 - Cannot read IP mode file for wolfSSL.I-CUBE-wolfMQTT.1.19.0
2024-12-19 19:12:01,057 [WARN] PackLoader:240 - Cannot read IP mode file for WES.I-CUBE-Cesium.1.3.0
2024-12-19 19:12:01,065 [WARN] PackLoader:240 - Cannot read IP mode file for STMicroelectronics.X-CUBE-BLE2.3.3.0
2024-12-19 19:12:01,074 [WARN] PackLoader:240 - Cannot read IP mode file for STMicroelectronics.X-CUBE-NFC9.1.0.0
2024-12-19 19:12:01,083 [WARN] PackLoader:240 - Cannot read IP mode file for STMicroelectronics.X-CUBE-TCPP.4.1.0
2024-12-19 19:12:01,089 [WARN] PackLoader:240 - Cannot read IP mode file for STMicroelectronics.X-CUBE-TOUCHGFX.4.21.4
2024-12-19 19:12:01,097 [WARN] PackLoader:240 - Cannot read IP mode file for STMicroelectronics.X-CUBE-ALGOBUILD.1.3.0
2024-12-19 19:12:01,115 [WARN] PackLoader:240 - Cannot read IP mode file for STMicroelectronics.X-CUBE-AZRTOS-G0.1.1.0
2024-12-19 19:12:01,125 [WARN] PackLoader:240 - Cannot read IP mode file for STMicroelectronics.X-CUBE-SAFEA1.1.2.2
2024-12-19 19:12:01,134 [WARN] PackLoader:240 - Cannot read IP mode file for STMicroelectronics.X-CUBE-NFC4.3.0.0
2024-12-19 19:12:01,139 [WARN] PackLoader:240 - Cannot read IP mode file for wolfSSL.I-CUBE-wolfMQTT.1.18.0
2024-12-19 19:12:01,152 [WARN] PackLoader:240 - Cannot read IP mode file for EmbeddedOffice.I-CUBE-FS-RTOS.1.0.1
2024-12-19 19:12:01,152 [ERROR] ConditionMgr:805 - Attr not supported : Dmpu
2024-12-19 19:12:01,152 [ERROR] ConditionMgr:805 - Attr not supported : Dmpu
2024-12-19 19:12:01,153 [ERROR] ConditionMgr:805 - Attr not supported : Dmpu
2024-12-19 19:12:01,153 [ERROR] ConditionMgr:805 - Attr not supported : Dmpu
2024-12-19 19:12:01,153 [ERROR] ConditionMgr:805 - Attr not supported : Dmpu
2024-12-19 19:12:01,153 [ERROR] ConditionMgr:805 - Attr not supported : Dmpu
2024-12-19 19:12:01,153 [ERROR] ConditionMgr:805 - Attr not supported : Dmpu
2024-12-19 19:12:01,153 [ERROR] ConditionMgr:805 - Attr not supported : Dmpu
2024-12-19 19:12:01,153 [ERROR] ConditionMgr:805 - Attr not supported : Dmpu
2024-12-19 19:12:01,153 [ERROR] ConditionMgr:805 - Attr not supported : Dmpu
2024-12-19 19:12:01,154 [ERROR] ConditionMgr:805 - Attr not supported : Dmpu
2024-12-19 19:12:01,154 [ERROR] ConditionMgr:805 - Attr not supported : Dmpu
2024-12-19 19:12:01,154 [ERROR] ConditionMgr:805 - Attr not supported : Dmpu
2024-12-19 19:12:01,154 [ERROR] ConditionMgr:805 - Attr not supported : Dmpu
2024-12-19 19:12:01,154 [ERROR] ConditionMgr:805 - Attr not supported : Dmpu
2024-12-19 19:12:01,154 [ERROR] ConditionMgr:805 - Attr not supported : Dmpu
2024-12-19 19:12:01,154 [ERROR] ConditionMgr:805 - Attr not supported : Dmpu
2024-12-19 19:12:01,155 [ERROR] ConditionMgr:805 - Attr not supported : Dmpu
2024-12-19 19:12:01,155 [ERROR] ConditionMgr:805 - Attr not supported : Dmpu
2024-12-19 19:12:01,155 [ERROR] ConditionMgr:805 - Attr not supported : Dmpu
2024-12-19 19:12:01,155 [ERROR] ConditionMgr:805 - Attr not supported : Dmpu
2024-12-19 19:12:01,155 [ERROR] ConditionMgr:805 - Attr not supported : Dmpu
2024-12-19 19:12:01,155 [ERROR] ConditionMgr:805 - Attr not supported : Dmpu
2024-12-19 19:12:01,155 [ERROR] ConditionMgr:805 - Attr not supported : Dmpu
2024-12-19 19:12:01,155 [ERROR] ConditionMgr:805 - Attr not supported : Dmpu
2024-12-19 19:12:01,156 [ERROR] ConditionMgr:805 - Attr not supported : Dmpu
2024-12-19 19:12:01,156 [ERROR] ConditionMgr:805 - Attr not supported : Dmpu
2024-12-19 19:12:01,156 [ERROR] ConditionMgr:805 - Attr not supported : Dmpu
2024-12-19 19:12:01,156 [ERROR] ConditionMgr:805 - Attr not supported : Dmpu
2024-12-19 19:12:01,156 [ERROR] ConditionMgr:805 - Attr not supported : Dmpu
2024-12-19 19:12:01,156 [ERROR] ConditionMgr:805 - Attr not supported : Dmpu
2024-12-19 19:12:01,156 [ERROR] ConditionMgr:805 - Attr not supported : Dmpu
2024-12-19 19:12:01,156 [ERROR] ConditionMgr:805 - Attr not supported : Dmpu
2024-12-19 19:12:01,156 [ERROR] ConditionMgr:805 - Attr not supported : Dmpu
2024-12-19 19:12:01,157 [ERROR] ConditionMgr:805 - Attr not supported : Dmpu
2024-12-19 19:12:01,157 [ERROR] ConditionMgr:805 - Attr not supported : Dmpu
2024-12-19 19:12:01,157 [ERROR] ConditionMgr:805 - Attr not supported : Dmpu
2024-12-19 19:12:01,157 [ERROR] ConditionMgr:805 - Attr not supported : Dmpu
2024-12-19 19:12:01,157 [ERROR] ConditionMgr:805 - Attr not supported : Dmpu
2024-12-19 19:12:01,157 [ERROR] ConditionMgr:805 - Attr not supported : Dmpu
2024-12-19 19:12:01,157 [ERROR] ConditionMgr:805 - Attr not supported : Dmpu
2024-12-19 19:12:01,158 [ERROR] ConditionMgr:805 - Attr not supported : Dmpu
2024-12-19 19:12:01,158 [ERROR] ConditionMgr:805 - Attr not supported : Dmpu
2024-12-19 19:12:01,158 [ERROR] ConditionMgr:805 - Attr not supported : Dmpu
2024-12-19 19:12:01,158 [ERROR] ConditionMgr:805 - Attr not supported : Dmpu
2024-12-19 19:12:01,158 [ERROR] ConditionMgr:805 - Attr not supported : Dmpu
2024-12-19 19:12:01,158 [ERROR] ConditionMgr:805 - Attr not supported : Dmpu
2024-12-19 19:12:01,158 [ERROR] ConditionMgr:805 - Attr not supported : Dmpu
2024-12-19 19:12:01,159 [ERROR] ConditionMgr:805 - Attr not supported : Dmpu
2024-12-19 19:12:01,159 [ERROR] ConditionMgr:805 - Attr not supported : Dmpu
2024-12-19 19:12:01,159 [ERROR] ConditionMgr:805 - Attr not supported : Dmpu
2024-12-19 19:12:01,159 [ERROR] ConditionMgr:805 - Attr not supported : Dmpu
2024-12-19 19:12:01,159 [ERROR] ConditionMgr:805 - Attr not supported : Dmpu
2024-12-19 19:12:01,159 [ERROR] ConditionMgr:805 - Attr not supported : Dmpu
2024-12-19 19:12:01,159 [ERROR] ConditionMgr:805 - Attr not supported : Dmpu
2024-12-19 19:12:01,160 [ERROR] ConditionMgr:805 - Attr not supported : Dmpu
2024-12-19 19:12:01,160 [ERROR] ConditionMgr:805 - Attr not supported : Dmpu
2024-12-19 19:12:01,160 [ERROR] ConditionMgr:805 - Attr not supported : Dmpu
2024-12-19 19:12:01,160 [ERROR] ConditionMgr:805 - Attr not supported : Dmpu
2024-12-19 19:12:01,160 [ERROR] ConditionMgr:805 - Attr not supported : Dmpu
2024-12-19 19:12:01,160 [ERROR] ConditionMgr:805 - Attr not supported : Dmpu
2024-12-19 19:12:01,160 [ERROR] ConditionMgr:805 - Attr not supported : Dmpu
2024-12-19 19:12:01,160 [ERROR] ConditionMgr:805 - Attr not supported : Dmpu
2024-12-19 19:12:01,161 [ERROR] ConditionMgr:805 - Attr not supported : Dmpu
2024-12-19 19:12:01,170 [WARN] PackLoader:240 - Cannot read IP mode file for STMicroelectronics.X-CUBE-BLEMGR.3.0.0
2024-12-19 19:12:01,178 [ERROR] Engine:466 - C:\Users\machi\.stm32cubemx\thirdparties\pdsc\STMicroelectronics.X-CUBE-TCPP.4.2.0.pdsc: PDSC version is not supported
2024-12-19 19:12:01,186 [WARN] PackLoader:240 - Cannot read IP mode file for RealThread.X-CUBE-RT-Thread_Nano.4.1.1
2024-12-19 19:12:01,193 [WARN] PackLoader:240 - Cannot read IP mode file for STMicroelectronics.FP-ATR-SIGFOX1.3.2.0
2024-12-19 19:12:01,200 [WARN] ConditionMgr:438 - getConditionDescription Invalid condition id : Cortex-A Device cause : null
2024-12-19 19:12:01,212 [WARN] ConditionMgr:1039 - genDependencies : Invalid condition id : Cortex-A Device cause : null
2024-12-19 19:12:01,212 [WARN] ConditionMgr:1039 - genDependencies : Invalid condition id : Cortex-A Device cause : null
2024-12-19 19:12:01,212 [WARN] ConditionMgr:1039 - genDependencies : Invalid condition id : Cortex-A Device cause : null
2024-12-19 19:12:01,220 [WARN] PackLoader:240 - Cannot read IP mode file for STMicroelectronics.X-CUBE-EEPRMA1.5.1.0
2024-12-19 19:12:01,259 [WARN] PackLoader:240 - Cannot read IP mode file for SEGGER.I-CUBE-embOS.1.3.1
2024-12-19 19:12:01,299 [WARN] PackLoader:240 - Cannot read IP mode file for STMicroelectronics.X-CUBE-ALGOBUILD.1.4.0
2024-12-19 19:12:01,306 [WARN] PackLoader:240 - Cannot read IP mode file for STMicroelectronics.X-CUBE-AI.9.1.0
2024-12-19 19:12:01,313 [WARN] PackLoader:240 - Cannot read IP mode file for STMicroelectronics.X-CUBE-GNSS1.6.0.0
2024-12-19 19:12:01,331 [WARN] PackLoader:240 - Cannot read IP mode file for STMicroelectronics.X-CUBE-AZRTOS-F4.1.1.0
2024-12-19 19:12:01,339 [WARN] PackLoader:240 - Cannot read IP mode file for wolfSSL.I-CUBE-wolfSSL.5.6.0
2024-12-19 19:12:01,346 [WARN] PackLoader:240 - Cannot read IP mode file for STMicroelectronics.X-CUBE-ISPU.2.1.0
2024-12-19 19:12:01,353 [WARN] PackLoader:240 - Cannot read IP mode file for STMicroelectronics.X-CUBE-FREERTOS.1.2.0
2024-12-19 19:12:01,371 [WARN] PackLoader:240 - Cannot read IP mode file for STMicroelectronics.X-CUBE-AZRTOS-L5.2.0.0
2024-12-19 19:12:01,406 [WARN] PackLoader:240 - Cannot read IP mode file for STMicroelectronics.X-CUBE-MEMS1.9.6.0
2024-12-19 19:12:01,548 [WARN] PackLoader:240 - Cannot read IP mode file for STMicroelectronics.X-CUBE-EEPRMA1.4.2.0
2024-12-19 19:12:01,558 [WARN] PackLoader:240 - Cannot read IP mode file for STMicroelectronics.X-CUBE-NFC6.3.1.0
2024-12-19 19:12:01,571 [WARN] PackLoader:240 - Cannot read IP mode file for ITTIA_DB.I-CUBE-ITTIADB.8.8.0
2024-12-19 19:12:01,581 [WARN] PackLoader:240 - Cannot read IP mode file for emotas.I-CUBE-CANOPEN.1.1.3
2024-12-19 19:12:01,591 [WARN] PackLoader:240 - Cannot read IP mode file for STMicroelectronics.X-CUBE-BLEMGR.2.0.0
2024-12-19 19:12:01,614 [WARN] PackLoader:240 - Cannot read IP mode file for STMicroelectronics.X-CUBE-DPower.1.2.0
2024-12-19 19:12:01,619 [WARN] PackLoader:240 - Cannot read IP mode file for STMicroelectronics.X-CUBE-AI.9.0.0
2024-12-19 19:12:01,637 [WARN] ConditionMgr:438 - getConditionDescription Invalid condition id : UX DEVICE CLASS RTOS Condition cause : null
2024-12-19 19:12:01,637 [WARN] ConditionMgr:438 - getConditionDescription Invalid condition id : UX DEVICE CLASS RTOS Condition cause : null
2024-12-19 19:12:01,640 [WARN] PackLoader:240 - Cannot read IP mode file for STMicroelectronics.X-CUBE-AZRTOS-H7.3.1.0
2024-12-19 19:12:01,642 [WARN] ConditionMgr:1039 - genDependencies : Invalid condition id : UX DEVICE CLASS RTOS Condition cause : null
2024-12-19 19:12:01,642 [WARN] ConditionMgr:1039 - genDependencies : Invalid condition id : UX DEVICE CLASS RTOS Condition cause : null
2024-12-19 19:12:01,642 [WARN] ConditionMgr:1039 - genDependencies : Invalid condition id : UX DEVICE CLASS RTOS Condition cause : null
2024-12-19 19:12:01,643 [WARN] ConditionMgr:1039 - genDependencies : Invalid condition id : UX DEVICE CLASS RTOS Condition cause : null
2024-12-19 19:12:01,643 [WARN] ConditionMgr:1039 - genDependencies : Invalid condition id : UX DEVICE CLASS RTOS Condition cause : null
2024-12-19 19:12:01,649 [WARN] PackLoader:240 - Cannot read IP mode file for STMicroelectronics.X-CUBE-FREERTOS.1.3.0
2024-12-19 19:12:01,657 [WARN] PackLoader:240 - Cannot read IP mode file for STMicroelectronics.X-CUBE-NFC7.1.0.1
2024-12-19 19:12:01,663 [WARN] PackLoader:240 - Cannot read IP mode file for wolfSSL.I-CUBE-wolfTPM.3.2.0
2024-12-19 19:12:01,669 [WARN] PackLoader:240 - Cannot read IP mode file for STMicroelectronics.X-CUBE-NFC6.3.0.0
2024-12-19 19:12:01,677 [WARN] PackLoader:240 - Cannot read IP mode file for STMicroelectronics.X-CUBE-EEPRMA1.4.1.0
2024-12-19 19:12:01,683 [WARN] PackLoader:240 - Cannot read IP mode file for STMicroelectronics.X-CUBE-AI.8.1.0
2024-12-19 19:12:01,702 [WARN] ConditionMgr:438 - getConditionDescription Invalid condition id : LAN8742 Phy interface Condition cause : null
2024-12-19 19:12:01,702 [WARN] PackLoader:240 - Cannot read IP mode file for STMicroelectronics.X-CUBE-AZRTOS-L4.2.0.0
2024-12-19 19:12:01,703 [WARN] ConditionMgr:1039 - genDependencies : Invalid condition id : LAN8742 Phy interface Condition cause : null
2024-12-19 19:12:01,704 [WARN] ConditionMgr:1039 - genDependencies : Invalid condition id : LAN8742 Phy interface Condition cause : null
2024-12-19 19:12:01,704 [WARN] ConditionMgr:1039 - genDependencies : Invalid condition id : LAN8742 Phy interface Condition cause : null
2024-12-19 19:12:01,713 [WARN] PackLoader:240 - Cannot read IP mode file for STMicroelectronics.X-CUBE-SFXS2LP1.4.0.0
2024-12-19 19:12:01,719 [WARN] PackLoader:240 - Cannot read IP mode file for STMicroelectronics.X-CUBE-ISPU.1.1.0
2024-12-19 19:12:01,738 [WARN] PackLoader:240 - Cannot read IP mode file for STMicroelectronics.X-CUBE-AZRTOS-H7.3.3.0
2024-12-19 19:12:01,751 [WARN] PackLoader:240 - Cannot read IP mode file for STMicroelectronics.X-CUBE-IPS.3.0.0
2024-12-19 19:12:01,768 [WARN] ConditionMgr:438 - getConditionDescription Invalid condition id : UX DEVICE CLASS RTOS Condition cause : null
2024-12-19 19:12:01,768 [WARN] ConditionMgr:438 - getConditionDescription Invalid condition id : UX DEVICE CLASS RTOS Condition cause : null
2024-12-19 19:12:01,770 [WARN] PackLoader:240 - Cannot read IP mode file for STMicroelectronics.X-CUBE-AZRTOS-WB.2.0.0
2024-12-19 19:12:01,771 [WARN] ConditionMgr:1039 - genDependencies : Invalid condition id : UX DEVICE CLASS RTOS Condition cause : null
2024-12-19 19:12:01,771 [WARN] ConditionMgr:1039 - genDependencies : Invalid condition id : UX DEVICE CLASS RTOS Condition cause : null
2024-12-19 19:12:01,772 [WARN] ConditionMgr:1039 - genDependencies : Invalid condition id : UX DEVICE CLASS RTOS Condition cause : null
2024-12-19 19:12:01,772 [WARN] ConditionMgr:1039 - genDependencies : Invalid condition id : UX DEVICE CLASS RTOS Condition cause : null
2024-12-19 19:12:01,772 [WARN] ConditionMgr:1039 - genDependencies : Invalid condition id : UX DEVICE CLASS RTOS Condition cause : null
2024-12-19 19:12:01,778 [WARN] PackLoader:240 - Cannot read IP mode file for STMicroelectronics.X-CUBE-FREERTOS.1.0.1
2024-12-19 19:12:01,783 [WARN] PackLoader:240 - Cannot read IP mode file for STMicroelectronics.X-CUBE-GNSS1.7.0.0
2024-12-19 19:12:01,789 [WARN] PackLoader:240 - Cannot read IP mode file for STMicroelectronics.X-CUBE-GNSS1.7.0.1
2024-12-19 19:12:01,797 [WARN] PackLoader:240 - Cannot read IP mode file for STMicroelectronics.FP-SNS-STBOX1.2.0.0
2024-12-19 19:12:01,812 [WARN] PackLoader:240 - Cannot read IP mode file for STMicroelectronics.X-CUBE-AZRTOS-L5.1.1.0
2024-12-19 19:12:01,818 [WARN] PackLoader:240 - Cannot read IP mode file for STMicroelectronics.X-CUBE-AI.8.0.1
2024-12-19 19:12:01,832 [WARN] PackLoader:240 - Cannot read IP mode file for STMicroelectronics.X-CUBE-SUBG2.5.0.0
2024-12-19 19:12:01,843 [WARN] PackLoader:240 - Cannot read IP mode file for Cesanta.I-CUBE-Mongoose.7.13.0
2024-12-19 19:12:01,858 [WARN] PackLoader:240 - Cannot read IP mode file for STMicroelectronics.X-CUBE-AZRTOS-G4.2.0.0
2024-12-19 19:12:01,874 [WARN] PackLoader:240 - Cannot read IP mode file for STMicroelectronics.X-CUBE-TOF1.3.3.0
2024-12-19 19:12:01,894 [WARN] PackLoader:240 - Cannot read IP mode file for Infineon.AIROC-Wi-Fi-Bluetooth-STM32.1.5.1
2024-12-19 19:12:01,900 [WARN] PackLoader:240 - Cannot read IP mode file for STMicroelectronics.FP-SNS-MOTENVWB1.1.3.0
2024-12-19 19:12:01,905 [WARN] PackLoader:240 - Cannot read IP mode file for STMicroelectronics.FP-SNS-MOTENVWB1.1.3.1
2024-12-19 19:12:01,910 [WARN] PackLoader:240 - Cannot read IP mode file for STMicroelectronics.X-CUBE-ISPU.2.0.0
2024-12-19 19:12:01,916 [WARN] PackLoader:240 - Cannot read IP mode file for STMicroelectronics.X-CUBE-ALS.1.0.2
2024-12-19 19:12:01,947 [WARN] PackLoader:240 - Cannot read IP mode file for STMicroelectronics.X-CUBE-MEMS1.10.0.0
2024-12-19 19:12:02,033 [WARN] PackLoader:240 - Cannot read IP mode file for STMicroelectronics.X-CUBE-FREERTOS.1.1.0
2024-12-19 19:12:02,038 [WARN] PackLoader:240 - Cannot read IP mode file for STMicroelectronics.X-CUBE-TOUCHGFX.4.24.0
2024-12-19 19:12:02,042 [WARN] PackLoader:240 - Cannot read IP mode file for STMicroelectronics.X-CUBE-TOUCHGFX.4.24.1
2024-12-19 19:12:02,050 [WARN] PackLoader:240 - Cannot read IP mode file for portGmbH.I-Cube-SoM-uGOAL.1.1.0
2024-12-19 19:12:02,055 [WARN] PackLoader:240 - Cannot read IP mode file for STMicroelectronics.X-CUBE-ALS.1.0.1
2024-12-19 19:12:02,065 [WARN] PackLoader:240 - Cannot read IP mode file for STMicroelectronics.X-CUBE-AZRTOS-WB.1.1.0
2024-12-19 19:12:02,082 [WARN] PackLoader:240 - Cannot read IP mode file for STMicroelectronics.X-CUBE-AZRTOS-H7RS.1.0.0
2024-12-19 19:12:02,088 [WARN] PackLoader:240 - Cannot read IP mode file for STMicroelectronics.FP-ATR-ASTRA1.2.0.0
2024-12-19 19:12:02,096 [WARN] PackLoader:240 - Cannot read IP mode file for STMicroelectronics.X-CUBE-TOF1.3.4.2
2024-12-19 19:12:02,120 [WARN] PackLoader:240 - Cannot read IP mode file for STMicroelectronics.X-CUBE-TOF1.3.4.0
2024-12-19 19:12:02,149 [WARN] PackLoader:240 - Cannot read IP mode file for STMicroelectronics.X-CUBE-TOF1.3.4.1
2024-12-19 19:12:02,208 [WARN] PackLoader:240 - Cannot read IP mode file for STMicroelectronics.X-CUBE-AZRTOS-H7.3.2.0
2024-12-19 19:12:02,220 [WARN] PackLoader:240 - Cannot read IP mode file for wolfSSL.I-CUBE-wolfSSH.1.4.17
2024-12-19 19:12:02,221 [INFO] ThirdParty:978 - Integrity check success = true
2024-12-19 19:12:02,221 [INFO] IntegrityCheckThread:100 - exiting critical section [integrity check]
2024-12-19 19:12:02,221 [INFO] IntegrityCheckThread:103 - End integrity checks thread
2024-12-19 20:16:19,002 [ERROR] LogOutputStream:75 - [STDERR_REDIRECT] 
