2024-12-01 13:27:46,769 [INFO] Activator:176 - 


2024-12-01 13:27:46,769 [INFO] Activator:177 - !SESSION log4j initialized
2024-12-01 13:27:49,469 [INFO] LogOutputStream:77 - [STDOUT_REDIRECT] 
2024-12-01 13:27:51,788 [INFO] ApplicationProperties:184 - Using Application install path: C:\ST\STM32CubeIDE_1.16.0\STM32CubeIDE\plugins\com.st.stm32cube.common.mx_6.12.0.202406281431
2024-12-01 13:27:51,802 [INFO] DbMcusXml:78 - Set database path to: C:\ST\STM32CubeIDE_1.16.0\STM32CubeIDE\plugins\com.st.stm32cube.common.mx_6.12.0.202406281431\\db\/mcu/
2024-12-01 13:27:51,802 [INFO] ApiDb:274 - Set plugin database path to: C:\ST\STM32CubeIDE_1.16.0\STM32CubeIDE\plugins\com.st.stm32cube.common.mx_6.12.0.202406281431\\db\/plugins/boardmanager/
2024-12-01 13:27:51,802 [WARN] ApiDb:259 - Overriding images path with different value:  => C:\ST\STM32CubeIDE_1.16.0\STM32CubeIDE\plugins\com.st.stm32cube.common.mx_6.12.0.202406281431\\db\/plugins/mcufinder/images/
2024-12-01 13:27:51,811 [INFO] ApiDb:250 - Set database path to: C:\Users\machi\.stmcufinder\plugins\mcufinder//mcu/
2024-12-01 13:27:51,812 [INFO] DbMcusAds:125 - Set database path to: C:\Users\machi\.stmcufinder\plugins\mcufinder//mcu/
2024-12-01 13:27:51,814 [INFO] CrossReferenceDbSqlite:203 - Set database path to: C:\Users\machi\.stmcufinder\plugins\mcufinder//mcu/cs/
2024-12-01 13:27:51,917 [INFO] RulesReader:64 - Compatibility file has been processed (297 Rules)
2024-12-01 13:27:51,992 [INFO] DbMcusXml:78 - Set database path to: C:\ST\STM32CubeIDE_1.16.0\STM32CubeIDE\plugins\com.st.stm32cube.common.mx_6.12.0.202406281431\\db\/mcu/
2024-12-01 13:27:51,992 [INFO] ApiDb:274 - Set plugin database path to: C:\ST\STM32CubeIDE_1.16.0\STM32CubeIDE\plugins\com.st.stm32cube.common.mx_6.12.0.202406281431\\db\/plugins/boardmanager/
2024-12-01 13:27:51,992 [INFO] ApiDb:261 - Set plugin images path to: C:\ST\STM32CubeIDE_1.16.0\STM32CubeIDE\plugins\com.st.stm32cube.common.mx_6.12.0.202406281431\\db\/plugins/mcufinder/images/
2024-12-01 13:27:51,992 [WARN] DbFile:41 - Overriding database path with different value: C:\Users\machi\.stmcufinder\plugins\mcufinder/ => C:\Users\machi\.stmcufinder\plugins\mcufinder
2024-12-01 13:27:51,993 [INFO] ApiDb:250 - Set database path to: C:\Users\machi\.stmcufinder\plugins\mcufinder//mcu/
2024-12-01 13:27:51,993 [WARN] DbFile:41 - Overriding database path with different value: C:\Users\machi\.stmcufinder\plugins\mcufinder/ => C:\Users\machi\.stmcufinder\plugins\mcufinder
2024-12-01 13:27:51,993 [INFO] DbMcusAds:125 - Set database path to: C:\Users\machi\.stmcufinder\plugins\mcufinder//mcu/
2024-12-01 13:27:51,993 [WARN] DbFile:41 - Overriding database path with different value: C:\Users\machi\.stmcufinder\plugins\mcufinder/ => C:\Users\machi\.stmcufinder\plugins\mcufinder
2024-12-01 13:27:51,993 [WARN] DbFile:41 - Overriding database path with different value: C:\Users\machi\.stmcufinder\plugins\mcufinder/ => C:\Users\machi\.stmcufinder\plugins\mcufinder
2024-12-01 13:27:51,993 [INFO] CrossReferenceDbSqlite:203 - Set database path to: C:\Users\machi\.stmcufinder\plugins\mcufinder//mcu/cs/
2024-12-01 13:27:52,064 [INFO] MainPanel:268 - HeapMemory: 268435456
2024-12-01 13:27:52,128 [INFO] DbMcusXml:78 - Set database path to: C:\ST\STM32CubeIDE_1.16.0\STM32CubeIDE\plugins\com.st.stm32cube.common.mx_6.12.0.202406281431\\db\/mcu/
2024-12-01 13:27:52,128 [INFO] ApiDb:274 - Set plugin database path to: C:\ST\STM32CubeIDE_1.16.0\STM32CubeIDE\plugins\com.st.stm32cube.common.mx_6.12.0.202406281431\\db\/plugins/boardmanager/
2024-12-01 13:27:52,128 [INFO] ApiDb:261 - Set plugin images path to: C:\ST\STM32CubeIDE_1.16.0\STM32CubeIDE\plugins\com.st.stm32cube.common.mx_6.12.0.202406281431\\db\/plugins/mcufinder/images/
2024-12-01 13:27:52,129 [WARN] DbFile:41 - Overriding database path with different value: C:\Users\machi\.stmcufinder\plugins\mcufinder/ => C:\Users\machi\.stmcufinder\plugins\mcufinder
2024-12-01 13:27:52,129 [INFO] ApiDb:250 - Set database path to: C:\Users\machi\.stmcufinder\plugins\mcufinder//mcu/
2024-12-01 13:27:52,129 [WARN] DbFile:41 - Overriding database path with different value: C:\Users\machi\.stmcufinder\plugins\mcufinder/ => C:\Users\machi\.stmcufinder\plugins\mcufinder
2024-12-01 13:27:52,129 [INFO] DbMcusAds:125 - Set database path to: C:\Users\machi\.stmcufinder\plugins\mcufinder//mcu/
2024-12-01 13:27:52,129 [WARN] DbFile:41 - Overriding database path with different value: C:\Users\machi\.stmcufinder\plugins\mcufinder/ => C:\Users\machi\.stmcufinder\plugins\mcufinder
2024-12-01 13:27:52,129 [WARN] DbFile:41 - Overriding database path with different value: C:\Users\machi\.stmcufinder\plugins\mcufinder/ => C:\Users\machi\.stmcufinder\plugins\mcufinder
2024-12-01 13:27:52,129 [INFO] CrossReferenceDbSqlite:203 - Set database path to: C:\Users\machi\.stmcufinder\plugins\mcufinder//mcu/cs/
2024-12-01 13:27:52,148 [INFO] ApplicationProperties:184 - Using Application install path: C:\ST\STM32CubeIDE_1.16.0\STM32CubeIDE\plugins\com.st.stm32cube.common.mx_6.12.0.202406281431
2024-12-01 13:27:52,149 [INFO] PluginManage:196 - Search for loadable plugins [exclusion list=, ]
2024-12-01 13:27:52,150 [INFO] PluginManage:310 - Check plugin analytics
2024-12-01 13:27:52,334 [INFO] AnalyticsPlugin:253 - Accepted Software Licenses: STM32CubeMX.6.10.0,STM32CubeMX.6.11.1,STM32CubeMX.6.12.0
2024-12-01 13:27:52,334 [INFO] AnalyticsPlugin:255 - Accepted CMSIS Pack Licenses: 
2024-12-01 13:27:52,335 [INFO] AnalyticsPlugin:257 - Accepted Firmware Licenses: FW.F4.1.27.0,FW.F4.1.28.0,FW.F7.1.17.0
2024-12-01 13:27:52,337 [INFO] PluginManage:359 - Loaded plugin analytics (category:tool,tabindex:-1)
2024-12-01 13:27:52,338 [INFO] PluginManage:310 - Check plugin cadmodel
2024-12-01 13:27:52,343 [INFO] CADModel:105 - Init CAD model plugin
2024-12-01 13:27:52,343 [INFO] PluginManage:359 - Loaded plugin cadmodel (category:power,tabindex:5)
2024-12-01 13:27:52,343 [INFO] PluginManage:310 - Check plugin clock
2024-12-01 13:27:52,351 [INFO] PluginManage:359 - Loaded plugin clock (category:base,tabindex:2)
2024-12-01 13:27:52,352 [INFO] PluginManage:310 - Check plugin ddr
2024-12-01 13:27:52,353 [INFO] PluginManage:359 - Loaded plugin ddr (category:tool,tabindex:6)
2024-12-01 13:27:52,354 [INFO] PluginManage:310 - Check plugin filemanager
2024-12-01 13:27:52,510 [INFO] PluginManage:359 - Loaded plugin filemanager (category:base,tabindex:10)
2024-12-01 13:27:52,511 [INFO] PluginManage:310 - Check plugin ipmanager
2024-12-01 13:27:52,518 [INFO] PluginManage:359 - Loaded plugin ipmanager (category:base,tabindex:5)
2024-12-01 13:27:52,518 [INFO] PluginManage:310 - Check plugin lpbam
2024-12-01 13:27:52,526 [INFO] PluginManage:359 - Loaded plugin lpbam (category:base,tabindex:0)
2024-12-01 13:27:52,526 [INFO] PluginManage:310 - Check plugin memorymap
2024-12-01 13:27:52,537 [INFO] PluginManage:359 - Loaded plugin memorymap (category:base,tabindex:4)
2024-12-01 13:27:52,537 [INFO] PluginManage:310 - Check plugin pinoutandconfiguration
2024-12-01 13:27:52,545 [INFO] PluginManage:359 - Loaded plugin pinoutandconfiguration (category:base,tabindex:1)
2024-12-01 13:27:52,545 [INFO] PluginManage:310 - Check plugin pinoutconfig
2024-12-01 13:27:52,666 [WARN] SupportedApi:132 - Cannot load RTOS API schema: s4s-elt-must-match.1: The content of 'definitions' must match (annotation?, (simpleType | complexType)?, (unique | key | keyref)*)). A problem was found starting at: attribute.
2024-12-01 13:27:52,799 [INFO] PluginManage:359 - Loaded plugin pinoutconfig (category:base,tabindex:0)
2024-12-01 13:27:52,799 [INFO] PluginManage:310 - Check plugin power
2024-12-01 13:27:52,811 [INFO] PluginManage:359 - Loaded plugin power (category:power,tabindex:4)
2024-12-01 13:27:52,811 [INFO] PluginManage:310 - Check plugin projectmanager
2024-12-01 13:27:52,829 [INFO] PluginManage:359 - Loaded plugin projectmanager (category:projectmanager,tabindex:4)
2024-12-01 13:27:52,829 [INFO] PluginManage:310 - Check plugin rif
2024-12-01 13:27:52,834 [INFO] PluginManage:359 - Loaded plugin rif (category:base,tabindex:3)
2024-12-01 13:27:52,834 [INFO] PluginManage:310 - Check plugin thirdparty
2024-12-01 13:27:52,955 [INFO] PluginManage:359 - Loaded plugin thirdparty (category:base,tabindex:-1)
2024-12-01 13:27:52,955 [WARN] IntegrityCheckThread:84 - waiting for thirdparty lock release [integrity check]
2024-12-01 13:27:52,955 [INFO] PluginManage:310 - Check plugin tools
2024-12-01 13:27:52,956 [INFO] IntegrityCheckThread:86 - entering critical section [integrity check]
2024-12-01 13:27:52,956 [INFO] ThirdPartyUpdaterWithRetryManager:70 - Updater plugin not ready yet. [1/15]
2024-12-01 13:27:52,960 [INFO] PluginManage:359 - Loaded plugin tools (category:base,tabindex:7)
2024-12-01 13:27:52,960 [INFO] PluginManage:310 - Check plugin tutovideos
2024-12-01 13:27:53,099 [INFO] PluginManage:359 - Loaded plugin tutovideos (category:base,tabindex:-1)
2024-12-01 13:27:53,099 [INFO] PluginManage:310 - Check plugin updater
2024-12-01 13:27:53,114 [INFO] PluginManage:359 - Loaded plugin updater (category:base,tabindex:12)
2024-12-01 13:27:53,115 [INFO] PluginManage:310 - Check plugin userauth
2024-12-01 13:27:53,120 [INFO] UserAuth:113 - Init User Auth plugin
2024-12-01 13:27:53,120 [INFO] PluginManage:359 - Loaded plugin userauth (category:base,tabindex:14)
2024-12-01 13:27:53,121 [INFO] PluginManage:283 - PluginManage : Loaded plugins [18]
2024-12-01 13:27:53,305 [INFO] PinOutPanel:1561 - setPackage(No Configuration,No Configuration)
2024-12-01 13:27:53,397 [INFO] CADModel:165 - CPN selected for project level
2024-12-01 13:27:53,397 [INFO] CADModel:114 - Register for checkConnection events
2024-12-01 13:27:53,411 [INFO] IPUIPlugin:80 - create IPUIPlugin
2024-12-01 13:27:53,411 [INFO] PluginManager:220 - loadIPPluginJar : add adc
2024-12-01 13:27:53,414 [INFO] IPUIPlugin:80 - create IPUIPlugin
2024-12-01 13:27:53,414 [INFO] PluginManager:220 - loadIPPluginJar : add aes
2024-12-01 13:27:53,416 [INFO] IPUIPlugin:80 - create IPUIPlugin
2024-12-01 13:27:53,416 [INFO] PluginManager:220 - loadIPPluginJar : add can
2024-12-01 13:27:53,418 [INFO] IPUIPlugin:80 - create IPUIPlugin
2024-12-01 13:27:53,418 [INFO] PluginManager:220 - loadIPPluginJar : add comp
2024-12-01 13:27:53,420 [INFO] IPUIPlugin:80 - create IPUIPlugin
2024-12-01 13:27:53,420 [INFO] PluginManager:220 - loadIPPluginJar : add cryp
2024-12-01 13:27:53,422 [INFO] IPUIPlugin:80 - create IPUIPlugin
2024-12-01 13:27:53,422 [INFO] PluginManager:220 - loadIPPluginJar : add ddr_ctrl_phy
2024-12-01 13:27:53,424 [INFO] IPUIPlugin:80 - create IPUIPlugin
2024-12-01 13:27:53,425 [INFO] PluginManager:220 - loadIPPluginJar : add dfsdm
2024-12-01 13:27:53,428 [INFO] IPUIPlugin:80 - create IPUIPlugin
2024-12-01 13:27:53,428 [INFO] PluginManager:220 - loadIPPluginJar : add dma
2024-12-01 13:27:53,431 [INFO] IPUIPlugin:80 - create IPUIPlugin
2024-12-01 13:27:53,431 [INFO] PluginManager:220 - loadIPPluginJar : add dma3
2024-12-01 13:27:53,433 [INFO] IPUIPlugin:80 - create IPUIPlugin
2024-12-01 13:27:53,433 [INFO] PluginManager:220 - loadIPPluginJar : add extmemmanager
2024-12-01 13:27:53,435 [INFO] IPUIPlugin:80 - create IPUIPlugin
2024-12-01 13:27:53,435 [INFO] PluginManager:220 - loadIPPluginJar : add fatfs
2024-12-01 13:27:53,439 [INFO] IPUIPlugin:80 - create IPUIPlugin
2024-12-01 13:27:53,439 [INFO] PluginManager:220 - loadIPPluginJar : add fmc
2024-12-01 13:27:53,445 [INFO] IPUIPlugin:80 - create IPUIPlugin
2024-12-01 13:27:53,445 [INFO] PluginManager:220 - loadIPPluginJar : add freertos
2024-12-01 13:27:53,447 [INFO] IPUIPlugin:80 - create IPUIPlugin
2024-12-01 13:27:53,447 [INFO] PluginManager:220 - loadIPPluginJar : add genericplugin
2024-12-01 13:27:53,449 [INFO] IPUIPlugin:80 - create IPUIPlugin
2024-12-01 13:27:53,449 [INFO] PluginManager:220 - loadIPPluginJar : add gfxmmu
2024-12-01 13:27:53,455 [INFO] IPUIPlugin:80 - create IPUIPlugin
2024-12-01 13:27:53,455 [INFO] PluginManager:220 - loadIPPluginJar : add gic
2024-12-01 13:27:53,458 [INFO] IPUIPlugin:80 - create IPUIPlugin
2024-12-01 13:27:53,458 [INFO] PluginManager:220 - loadIPPluginJar : add gpio
2024-12-01 13:27:53,461 [INFO] IPUIPlugin:80 - create IPUIPlugin
2024-12-01 13:27:53,461 [INFO] PluginManager:220 - loadIPPluginJar : add gtzc
2024-12-01 13:27:53,463 [INFO] IPUIPlugin:80 - create IPUIPlugin
2024-12-01 13:27:53,463 [INFO] PluginManager:220 - loadIPPluginJar : add hash
2024-12-01 13:27:53,465 [INFO] IPUIPlugin:80 - create IPUIPlugin
2024-12-01 13:27:53,466 [INFO] PluginManager:220 - loadIPPluginJar : add i2c
2024-12-01 13:27:53,468 [INFO] IPUIPlugin:80 - create IPUIPlugin
2024-12-01 13:27:53,469 [INFO] PluginManager:220 - loadIPPluginJar : add i2s
2024-12-01 13:27:53,472 [INFO] IPUIPlugin:80 - create IPUIPlugin
2024-12-01 13:27:53,472 [INFO] PluginManager:220 - loadIPPluginJar : add i3c
2024-12-01 13:27:53,477 [INFO] IPUIPlugin:80 - create IPUIPlugin
2024-12-01 13:27:53,478 [INFO] PluginManager:220 - loadIPPluginJar : add ipddr
2024-12-01 13:27:53,483 [INFO] IPUIPlugin:80 - create IPUIPlugin
2024-12-01 13:27:53,484 [INFO] PluginManager:220 - loadIPPluginJar : add linkedlist
2024-12-01 13:27:53,488 [INFO] IPUIPlugin:80 - create IPUIPlugin
2024-12-01 13:27:53,488 [INFO] PluginManager:220 - loadIPPluginJar : add lorawan
2024-12-01 13:27:53,490 [INFO] IPUIPlugin:80 - create IPUIPlugin
2024-12-01 13:27:53,490 [INFO] PluginManager:220 - loadIPPluginJar : add ltdc
2024-12-01 13:27:53,494 [INFO] IPUIPlugin:80 - create IPUIPlugin
2024-12-01 13:27:53,494 [INFO] PluginManager:220 - loadIPPluginJar : add mdma
2024-12-01 13:27:53,498 [INFO] IPUIPlugin:80 - create IPUIPlugin
2024-12-01 13:27:53,498 [INFO] PluginManager:220 - loadIPPluginJar : add nvic
2024-12-01 13:27:53,504 [INFO] IPUIPlugin:80 - create IPUIPlugin
2024-12-01 13:27:53,504 [INFO] PluginManager:220 - loadIPPluginJar : add opamp
2024-12-01 13:27:53,509 [INFO] IPUIPlugin:80 - create IPUIPlugin
2024-12-01 13:27:53,510 [INFO] PluginManager:220 - loadIPPluginJar : add openamp
2024-12-01 13:27:53,517 [INFO] IPUIPlugin:80 - create IPUIPlugin
2024-12-01 13:27:53,517 [INFO] PluginManager:220 - loadIPPluginJar : add pdm2pcm
2024-12-01 13:27:53,524 [INFO] IPUIPlugin:80 - create IPUIPlugin
2024-12-01 13:27:53,525 [INFO] PluginManager:220 - loadIPPluginJar : add plateformsettings
2024-12-01 13:27:53,527 [INFO] IPUIPlugin:80 - create IPUIPlugin
2024-12-01 13:27:53,527 [INFO] PluginManager:220 - loadIPPluginJar : add quadspi
2024-12-01 13:27:53,530 [INFO] IPUIPlugin:80 - create IPUIPlugin
2024-12-01 13:27:53,531 [INFO] PluginManager:220 - loadIPPluginJar : add radio
2024-12-01 13:27:53,534 [INFO] IPUIPlugin:80 - create IPUIPlugin
2024-12-01 13:27:53,535 [INFO] PluginManager:220 - loadIPPluginJar : add resmgrutility
2024-12-01 13:27:53,538 [INFO] IPUIPlugin:80 - create IPUIPlugin
2024-12-01 13:27:53,538 [INFO] PluginManager:220 - loadIPPluginJar : add sai
2024-12-01 13:27:53,540 [INFO] IPUIPlugin:80 - create IPUIPlugin
2024-12-01 13:27:53,540 [INFO] PluginManager:220 - loadIPPluginJar : add spi
2024-12-01 13:27:53,548 [INFO] IPUIPlugin:80 - create IPUIPlugin
2024-12-01 13:27:53,548 [INFO] PluginManager:220 - loadIPPluginJar : add stm32_wpan
2024-12-01 13:27:53,550 [INFO] IPUIPlugin:80 - create IPUIPlugin
2024-12-01 13:27:53,550 [INFO] PluginManager:220 - loadIPPluginJar : add tim
2024-12-01 13:27:53,553 [INFO] IPUIPlugin:80 - create IPUIPlugin
2024-12-01 13:27:53,553 [INFO] PluginManager:220 - loadIPPluginJar : add touchsensing
2024-12-01 13:27:53,556 [INFO] IPUIPlugin:80 - create IPUIPlugin
2024-12-01 13:27:53,556 [INFO] PluginManager:220 - loadIPPluginJar : add tracer_emb
2024-12-01 13:27:53,558 [INFO] IPUIPlugin:80 - create IPUIPlugin
2024-12-01 13:27:53,558 [INFO] PluginManager:220 - loadIPPluginJar : add ts
2024-12-01 13:27:53,561 [INFO] IPUIPlugin:80 - create IPUIPlugin
2024-12-01 13:27:53,561 [INFO] PluginManager:220 - loadIPPluginJar : add tsc
2024-12-01 13:27:53,563 [INFO] IPUIPlugin:80 - create IPUIPlugin
2024-12-01 13:27:53,563 [INFO] PluginManager:220 - loadIPPluginJar : add ucpd
2024-12-01 13:27:53,565 [INFO] IPUIPlugin:80 - create IPUIPlugin
2024-12-01 13:27:53,565 [INFO] PluginManager:220 - loadIPPluginJar : add usart
2024-12-01 13:27:53,568 [INFO] IPUIPlugin:80 - create IPUIPlugin
2024-12-01 13:27:53,568 [INFO] PluginManager:220 - loadIPPluginJar : add usbx
2024-12-01 13:27:53,694 [INFO] CADModel:165 - CPN selected for project level
2024-12-01 13:27:53,694 [INFO] CADModel:114 - Register for checkConnection events
2024-12-01 13:27:53,694 [FATAL] Updater:334 - Updater called before beeing initialized
2024-12-01 13:27:53,694 [ERROR] CADModel:125 - Updater not yet initialized, retry later 
2024-12-01 13:27:53,803 [INFO] CADModel:165 - CPN selected for project level
2024-12-01 13:27:53,803 [INFO] CADModel:114 - Register for checkConnection events
2024-12-01 13:27:53,804 [FATAL] Updater:334 - Updater called before beeing initialized
2024-12-01 13:27:53,804 [ERROR] CADModel:125 - Updater not yet initialized, retry later 
2024-12-01 13:27:53,806 [FATAL] Updater:334 - Updater called before beeing initialized
2024-12-01 13:27:53,927 [FATAL] Updater:334 - Updater called before beeing initialized
2024-12-01 13:27:53,931 [INFO] DbMcusAds:53 - JSON generation date=Fri Sep 20 22:04:23 KST 2024 (1726837463113)
2024-12-01 13:27:53,932 [FATAL] Updater:334 - Updater called before beeing initialized
2024-12-01 13:27:53,966 [WARN] DetailPanel:346 - Failed to get advertising image, set to default
2024-12-01 13:27:54,069 [FATAL] Updater:334 - Updater called before beeing initialized
2024-12-01 13:27:54,070 [FATAL] Updater:334 - Updater called before beeing initialized
2024-12-01 13:27:54,071 [FATAL] Updater:334 - Updater called before beeing initialized
2024-12-01 13:27:54,071 [WARN] DetailPanel:346 - Failed to get advertising image, set to default
2024-12-01 13:27:54,072 [FATAL] Updater:334 - Updater called before beeing initialized
2024-12-01 13:27:54,130 [ERROR] Updater:1164 - MainUpdater not yet initialized. External WinMGr cannot be set.
2024-12-01 13:27:54,133 [INFO] Updater:1100 - Updater Version found : 6.12.0
2024-12-01 13:27:54,157 [INFO] ApplicationProperties:184 - Using Application install path: C:\ST\STM32CubeIDE_1.16.0\STM32CubeIDE\plugins\com.st.stm32cube.common.mx_6.12.0.202406281431
2024-12-01 13:27:54,887 [ERROR] ConfigurationRetriever:142 - IOException on connection: Read timed out
2024-12-01 13:27:55,957 [INFO] ThirdPartyUpdaterWithRetryManager:70 - Updater plugin not ready yet. [2/15]
2024-12-01 13:27:56,071 [INFO] MainUpdater:2873 - connection check result : 10
2024-12-01 13:27:56,072 [INFO] MainUpdater:290 - Updater Check For Update Now.
2024-12-01 13:27:56,073 [INFO] MicroXplorer:498 - Change Database Version : DB.6.0.120
2024-12-01 13:27:56,084 [INFO] McuFinderGlobals:63 - Set McuFinder mode to 2 (CubeIDE integrated)
2024-12-01 13:27:56,085 [INFO] UserAuth:417 - Internet connection configuration mode: 1
2024-12-01 13:27:56,108 [INFO] JxBrowserEngine:152 - Initiate JxBrowser Engine with user profile folder
2024-12-01 13:27:56,248 [INFO] CheckServerUpdateThread:120 - End of CheckServer Thread
2024-12-01 13:27:56,896 [INFO] WebApp:167 - Instantiating new browser for Auth
2024-12-01 13:27:57,744 [INFO] WebApp:448 - Apply proxy settings
2024-12-01 13:27:57,745 [INFO] WebApp:533 - Chromium requires no authentication
2024-12-01 13:27:57,754 [INFO] WebApp:476 - Direct internet connection detected
2024-12-01 13:27:57,775 [INFO] WebApp:869 - Register for checkConnection events
2024-12-01 13:27:57,775 [INFO] WebApp:448 - Apply proxy settings
2024-12-01 13:27:57,775 [INFO] WebApp:533 - Chromium requires no authentication
2024-12-01 13:27:57,775 [INFO] WebApp:476 - Direct internet connection detected
2024-12-01 13:27:57,938 [INFO] WebApp:220 - Starting web application
2024-12-01 13:27:57,938 [INFO] WebApp:578 - Web application path used C:\ST\STM32CubeIDE_1.16.0\STM32CubeIDE\plugins\com.st.stm32cube.common.mx_6.12.0.202406281431\db\plugins\mcufinder\reactClient1\index.html
2024-12-01 13:27:58,026 [INFO] UserAuth:417 - Internet connection configuration mode: 1
2024-12-01 13:27:58,226 [INFO] WebApp:186 - Connection restablished
2024-12-01 13:27:59,456 [WARN] PackLoader:240 - Cannot read IP mode file for STMicroelectronics.FP-SNS-MOTENVWB1.1.4.0
2024-12-01 13:27:59,465 [WARN] PackLoader:240 - Cannot read IP mode file for STMicroelectronics.FP-ATR-ASTRA1.2.0.1
2024-12-01 13:27:59,477 [WARN] PackLoader:240 - Cannot read IP mode file for STMicroelectronics.X-CUBE-SMBUS.2.1.0
2024-12-01 13:27:59,490 [WARN] PackLoader:240 - Cannot read IP mode file for STMicroelectronics.X-CUBE-WB05N.1.1.0
2024-12-01 13:27:59,504 [WARN] PackLoader:240 - Cannot read IP mode file for STMicroelectronics.X-CUBE-TOUCHGFX.4.23.0
2024-12-01 13:27:59,508 [WARN] PackLoader:240 - Cannot read IP mode file for STMicroelectronics.X-CUBE-TOUCHGFX.4.23.2
2024-12-01 13:27:59,544 [WARN] PackLoader:240 - Cannot read IP mode file for STMicroelectronics.X-CUBE-AZRTOS-F7.1.1.0
2024-12-01 13:27:59,561 [WARN] PackLoader:240 - Cannot read IP mode file for STMicroelectronics.FP-SNS-MOTENV1.4.3.2
2024-12-01 13:27:59,651 [WARN] PackLoader:240 - Cannot read IP mode file for STMicroelectronics.X-CUBE-MEMS1.11.0.0
2024-12-01 13:27:59,835 [WARN] PackLoader:240 - Cannot read IP mode file for STMicroelectronics.X-CUBE-BLE1.6.2.4
2024-12-01 13:27:59,841 [WARN] PackLoader:240 - Cannot read IP mode file for STMicroelectronics.FP-SNS-FLIGHT1.5.0.2
2024-12-01 13:27:59,845 [WARN] PackLoader:240 - Cannot read IP mode file for STMicroelectronics.X-CUBE-BLE1.7.0.0
2024-12-01 13:27:59,854 [WARN] PackLoader:240 - Cannot read IP mode file for STMicroelectronics.X-CUBE-NFC10.1.0.0
2024-12-01 13:27:59,862 [WARN] PackLoader:240 - Cannot read IP mode file for emotas.I-CUBE-CANOPEN.1.3.0
2024-12-01 13:27:59,866 [WARN] PackLoader:240 - Cannot read IP mode file for STMicroelectronics.X-CUBE-TOUCHGFX.4.22.0
2024-12-01 13:27:59,869 [WARN] PackLoader:240 - Cannot read IP mode file for STMicroelectronics.X-CUBE-TOUCHGFX.4.22.1
2024-12-01 13:27:59,877 [WARN] PackLoader:240 - Cannot read IP mode file for STMicroelectronics.X-CUBE-BLEMGR.3.1.0
2024-12-01 13:27:59,888 [WARN] PackLoader:240 - Cannot read IP mode file for STMicroelectronics.FP-SNS-SMARTAG2.1.2.0
2024-12-01 13:27:59,896 [INFO] LogOutputStream:77 - [STDOUT_REDIRECT] 1 : Invalid condition id : UX_CORESTACK_Condition cause : null
2024-12-01 13:27:59,897 [INFO] LogOutputStream:77 - [STDOUT_REDIRECT] 1 : Invalid condition id : UX_CORESTACK_Condition cause : null
2024-12-01 13:27:59,898 [INFO] LogOutputStream:77 - [STDOUT_REDIRECT] 1 : Invalid condition id : UX_CORESTACK_Condition cause : null
2024-12-01 13:27:59,899 [INFO] LogOutputStream:77 - [STDOUT_REDIRECT] 1 : Invalid condition id : UX_CORESTACK_Condition cause : null
2024-12-01 13:27:59,900 [INFO] LogOutputStream:77 - [STDOUT_REDIRECT] 1 : Invalid condition id : UX_CORESTACK_Condition cause : null
2024-12-01 13:27:59,904 [WARN] PackLoader:240 - Cannot read IP mode file for STMicroelectronics.X-CUBE-AZRTOS-WL.2.0.0
2024-12-01 13:27:59,908 [WARN] PackLoader:240 - Cannot read IP mode file for STMicroelectronics.FP-SNS-MOTENV1.5.0.0
2024-12-01 13:27:59,918 [WARN] PackLoader:240 - Cannot read IP mode file for wolfSSL.I-CUBE-wolfMQTT.1.19.0
2024-12-01 13:27:59,926 [WARN] PackLoader:240 - Cannot read IP mode file for WES.I-CUBE-Cesium.1.3.0
2024-12-01 13:27:59,935 [WARN] PackLoader:240 - Cannot read IP mode file for STMicroelectronics.X-CUBE-TOF1.3.2.0
2024-12-01 13:27:59,946 [WARN] PackLoader:240 - Cannot read IP mode file for STMicroelectronics.X-CUBE-NFC9.1.0.0
2024-12-01 13:27:59,953 [WARN] PackLoader:240 - Cannot read IP mode file for STMicroelectronics.X-CUBE-TCPP.4.1.0
2024-12-01 13:27:59,957 [WARN] PackLoader:240 - Cannot read IP mode file for STMicroelectronics.X-CUBE-TOUCHGFX.4.21.1
2024-12-01 13:27:59,961 [WARN] PackLoader:240 - Cannot read IP mode file for STMicroelectronics.X-CUBE-AI.7.3.0
2024-12-01 13:27:59,967 [WARN] PackLoader:240 - Cannot read IP mode file for STMicroelectronics.X-CUBE-ALGOBUILD.1.3.0
2024-12-01 13:27:59,980 [WARN] PackLoader:240 - Cannot read IP mode file for STMicroelectronics.X-CUBE-AZRTOS-G0.1.1.0
2024-12-01 13:27:59,989 [WARN] PackLoader:240 - Cannot read IP mode file for STMicroelectronics.X-CUBE-SAFEA1.1.2.2
2024-12-01 13:28:00,002 [WARN] PackLoader:240 - Cannot read IP mode file for EmbeddedOffice.I-CUBE-FS-RTOS.1.0.1
2024-12-01 13:28:00,003 [ERROR] ConditionMgr:805 - Attr not supported : Dmpu
2024-12-01 13:28:00,003 [ERROR] ConditionMgr:805 - Attr not supported : Dmpu
2024-12-01 13:28:00,003 [ERROR] ConditionMgr:805 - Attr not supported : Dmpu
2024-12-01 13:28:00,003 [ERROR] ConditionMgr:805 - Attr not supported : Dmpu
2024-12-01 13:28:00,004 [ERROR] ConditionMgr:805 - Attr not supported : Dmpu
2024-12-01 13:28:00,004 [ERROR] ConditionMgr:805 - Attr not supported : Dmpu
2024-12-01 13:28:00,004 [ERROR] ConditionMgr:805 - Attr not supported : Dmpu
2024-12-01 13:28:00,004 [ERROR] ConditionMgr:805 - Attr not supported : Dmpu
2024-12-01 13:28:00,004 [ERROR] ConditionMgr:805 - Attr not supported : Dmpu
2024-12-01 13:28:00,004 [ERROR] ConditionMgr:805 - Attr not supported : Dmpu
2024-12-01 13:28:00,004 [ERROR] ConditionMgr:805 - Attr not supported : Dmpu
2024-12-01 13:28:00,004 [ERROR] ConditionMgr:805 - Attr not supported : Dmpu
2024-12-01 13:28:00,004 [ERROR] ConditionMgr:805 - Attr not supported : Dmpu
2024-12-01 13:28:00,005 [ERROR] ConditionMgr:805 - Attr not supported : Dmpu
2024-12-01 13:28:00,005 [ERROR] ConditionMgr:805 - Attr not supported : Dmpu
2024-12-01 13:28:00,005 [ERROR] ConditionMgr:805 - Attr not supported : Dmpu
2024-12-01 13:28:00,005 [ERROR] ConditionMgr:805 - Attr not supported : Dmpu
2024-12-01 13:28:00,005 [ERROR] ConditionMgr:805 - Attr not supported : Dmpu
2024-12-01 13:28:00,005 [ERROR] ConditionMgr:805 - Attr not supported : Dmpu
2024-12-01 13:28:00,005 [ERROR] ConditionMgr:805 - Attr not supported : Dmpu
2024-12-01 13:28:00,005 [ERROR] ConditionMgr:805 - Attr not supported : Dmpu
2024-12-01 13:28:00,005 [ERROR] ConditionMgr:805 - Attr not supported : Dmpu
2024-12-01 13:28:00,005 [ERROR] ConditionMgr:805 - Attr not supported : Dmpu
2024-12-01 13:28:00,005 [ERROR] ConditionMgr:805 - Attr not supported : Dmpu
2024-12-01 13:28:00,005 [ERROR] ConditionMgr:805 - Attr not supported : Dmpu
2024-12-01 13:28:00,005 [ERROR] ConditionMgr:805 - Attr not supported : Dmpu
2024-12-01 13:28:00,006 [ERROR] ConditionMgr:805 - Attr not supported : Dmpu
2024-12-01 13:28:00,006 [ERROR] ConditionMgr:805 - Attr not supported : Dmpu
2024-12-01 13:28:00,006 [ERROR] ConditionMgr:805 - Attr not supported : Dmpu
2024-12-01 13:28:00,006 [ERROR] ConditionMgr:805 - Attr not supported : Dmpu
2024-12-01 13:28:00,006 [ERROR] ConditionMgr:805 - Attr not supported : Dmpu
2024-12-01 13:28:00,006 [ERROR] ConditionMgr:805 - Attr not supported : Dmpu
2024-12-01 13:28:00,006 [ERROR] ConditionMgr:805 - Attr not supported : Dmpu
2024-12-01 13:28:00,006 [ERROR] ConditionMgr:805 - Attr not supported : Dmpu
2024-12-01 13:28:00,006 [ERROR] ConditionMgr:805 - Attr not supported : Dmpu
2024-12-01 13:28:00,006 [ERROR] ConditionMgr:805 - Attr not supported : Dmpu
2024-12-01 13:28:00,006 [ERROR] ConditionMgr:805 - Attr not supported : Dmpu
2024-12-01 13:28:00,006 [ERROR] ConditionMgr:805 - Attr not supported : Dmpu
2024-12-01 13:28:00,007 [ERROR] ConditionMgr:805 - Attr not supported : Dmpu
2024-12-01 13:28:00,007 [ERROR] ConditionMgr:805 - Attr not supported : Dmpu
2024-12-01 13:28:00,007 [ERROR] ConditionMgr:805 - Attr not supported : Dmpu
2024-12-01 13:28:00,007 [ERROR] ConditionMgr:805 - Attr not supported : Dmpu
2024-12-01 13:28:00,007 [ERROR] ConditionMgr:805 - Attr not supported : Dmpu
2024-12-01 13:28:00,007 [ERROR] ConditionMgr:805 - Attr not supported : Dmpu
2024-12-01 13:28:00,007 [ERROR] ConditionMgr:805 - Attr not supported : Dmpu
2024-12-01 13:28:00,007 [ERROR] ConditionMgr:805 - Attr not supported : Dmpu
2024-12-01 13:28:00,007 [ERROR] ConditionMgr:805 - Attr not supported : Dmpu
2024-12-01 13:28:00,008 [ERROR] ConditionMgr:805 - Attr not supported : Dmpu
2024-12-01 13:28:00,008 [ERROR] ConditionMgr:805 - Attr not supported : Dmpu
2024-12-01 13:28:00,008 [ERROR] ConditionMgr:805 - Attr not supported : Dmpu
2024-12-01 13:28:00,008 [ERROR] ConditionMgr:805 - Attr not supported : Dmpu
2024-12-01 13:28:00,008 [ERROR] ConditionMgr:805 - Attr not supported : Dmpu
2024-12-01 13:28:00,008 [ERROR] ConditionMgr:805 - Attr not supported : Dmpu
2024-12-01 13:28:00,008 [ERROR] ConditionMgr:805 - Attr not supported : Dmpu
2024-12-01 13:28:00,008 [ERROR] ConditionMgr:805 - Attr not supported : Dmpu
2024-12-01 13:28:00,008 [ERROR] ConditionMgr:805 - Attr not supported : Dmpu
2024-12-01 13:28:00,008 [ERROR] ConditionMgr:805 - Attr not supported : Dmpu
2024-12-01 13:28:00,009 [ERROR] ConditionMgr:805 - Attr not supported : Dmpu
2024-12-01 13:28:00,009 [ERROR] ConditionMgr:805 - Attr not supported : Dmpu
2024-12-01 13:28:00,009 [ERROR] ConditionMgr:805 - Attr not supported : Dmpu
2024-12-01 13:28:00,009 [ERROR] ConditionMgr:805 - Attr not supported : Dmpu
2024-12-01 13:28:00,009 [ERROR] ConditionMgr:805 - Attr not supported : Dmpu
2024-12-01 13:28:00,009 [ERROR] ConditionMgr:805 - Attr not supported : Dmpu
2024-12-01 13:28:00,009 [ERROR] ConditionMgr:805 - Attr not supported : Dmpu
2024-12-01 13:28:00,023 [WARN] PackLoader:240 - Cannot read IP mode file for STMicroelectronics.X-CUBE-BLEMGR.3.0.0
2024-12-01 13:28:00,033 [WARN] PackLoader:240 - Cannot read IP mode file for STMicroelectronics.X-CUBE-BLEMGR.1.3.0
2024-12-01 13:28:00,041 [WARN] PackLoader:240 - Cannot read IP mode file for RealThread.X-CUBE-RT-Thread_Nano.4.1.1
2024-12-01 13:28:00,047 [WARN] ConditionMgr:438 - getConditionDescription Invalid condition id : Cortex-A Device cause : null
2024-12-01 13:28:00,071 [WARN] ConditionMgr:1039 - genDependencies : Invalid condition id : Cortex-A Device cause : null
2024-12-01 13:28:00,071 [WARN] ConditionMgr:1039 - genDependencies : Invalid condition id : Cortex-A Device cause : null
2024-12-01 13:28:00,071 [WARN] ConditionMgr:1039 - genDependencies : Invalid condition id : Cortex-A Device cause : null
2024-12-01 13:28:00,078 [WARN] PackLoader:240 - Cannot read IP mode file for STMicroelectronics.X-CUBE-EEPRMA1.5.1.0
2024-12-01 13:28:00,111 [WARN] PackLoader:240 - Cannot read IP mode file for STMicroelectronics.X-CUBE-MEMS1.9.5.0
2024-12-01 13:28:00,248 [WARN] PackLoader:240 - Cannot read IP mode file for SEGGER.I-CUBE-embOS.1.3.1
2024-12-01 13:28:00,292 [WARN] PackLoader:240 - Cannot read IP mode file for STMicroelectronics.X-CUBE-ALGOBUILD.1.4.0
2024-12-01 13:28:00,295 [WARN] PackLoader:240 - Cannot read IP mode file for STMicroelectronics.X-CUBE-AI.9.1.0
2024-12-01 13:28:00,300 [WARN] PackLoader:240 - Cannot read IP mode file for STMicroelectronics.X-CUBE-GNSS1.6.0.0
2024-12-01 13:28:00,312 [WARN] PackLoader:240 - Cannot read IP mode file for STMicroelectronics.X-CUBE-AZRTOS-F4.1.1.0
2024-12-01 13:28:00,319 [WARN] PackLoader:240 - Cannot read IP mode file for wolfSSL.I-CUBE-wolfSSL.5.6.3
2024-12-01 13:28:00,323 [WARN] PackLoader:240 - Cannot read IP mode file for STMicroelectronics.X-CUBE-ISPU.2.1.0
2024-12-01 13:28:00,328 [WARN] PackLoader:240 - Cannot read IP mode file for STMicroelectronics.X-CUBE-FREERTOS.1.2.0
2024-12-01 13:28:00,339 [WARN] PackLoader:240 - Cannot read IP mode file for STMicroelectronics.X-CUBE-AZRTOS-L5.2.0.0
2024-12-01 13:28:00,390 [WARN] PackLoader:240 - Cannot read IP mode file for STMicroelectronics.X-CUBE-MEMS1.9.6.0
2024-12-01 13:28:00,533 [WARN] PackLoader:240 - Cannot read IP mode file for STMicroelectronics.X-CUBE-EEPRMA1.4.2.0
2024-12-01 13:28:00,539 [WARN] PackLoader:240 - Cannot read IP mode file for STMicroelectronics.X-CUBE-NFC6.3.1.0
2024-12-01 13:28:00,546 [WARN] PackLoader:240 - Cannot read IP mode file for ITTIA_DB.I-CUBE-ITTIADB.8.8.0
2024-12-01 13:28:00,554 [WARN] PackLoader:240 - Cannot read IP mode file for STMicroelectronics.X-CUBE-BLEMGR.2.0.0
2024-12-01 13:28:00,562 [WARN] PackLoader:240 - Cannot read IP mode file for STMicroelectronics.X-CUBE-DPower.1.2.0
2024-12-01 13:28:00,565 [WARN] PackLoader:240 - Cannot read IP mode file for STMicroelectronics.X-CUBE-AI.9.0.0
2024-12-01 13:28:00,583 [WARN] ConditionMgr:438 - getConditionDescription Invalid condition id : UX DEVICE CLASS RTOS Condition cause : null
2024-12-01 13:28:00,583 [WARN] ConditionMgr:438 - getConditionDescription Invalid condition id : UX DEVICE CLASS RTOS Condition cause : null
2024-12-01 13:28:00,586 [WARN] PackLoader:240 - Cannot read IP mode file for STMicroelectronics.X-CUBE-AZRTOS-H7.3.1.0
2024-12-01 13:28:00,587 [WARN] ConditionMgr:1039 - genDependencies : Invalid condition id : UX DEVICE CLASS RTOS Condition cause : null
2024-12-01 13:28:00,587 [WARN] ConditionMgr:1039 - genDependencies : Invalid condition id : UX DEVICE CLASS RTOS Condition cause : null
2024-12-01 13:28:00,588 [WARN] ConditionMgr:1039 - genDependencies : Invalid condition id : UX DEVICE CLASS RTOS Condition cause : null
2024-12-01 13:28:00,588 [WARN] ConditionMgr:1039 - genDependencies : Invalid condition id : UX DEVICE CLASS RTOS Condition cause : null
2024-12-01 13:28:00,588 [WARN] ConditionMgr:1039 - genDependencies : Invalid condition id : UX DEVICE CLASS RTOS Condition cause : null
2024-12-01 13:28:00,594 [WARN] PackLoader:240 - Cannot read IP mode file for STMicroelectronics.X-CUBE-NFC7.1.0.1
2024-12-01 13:28:00,598 [WARN] PackLoader:240 - Cannot read IP mode file for STMicroelectronics.X-CUBE-NFC7.1.0.0
2024-12-01 13:28:00,603 [WARN] PackLoader:240 - Cannot read IP mode file for wolfSSL.I-CUBE-wolfTPM.3.2.0
2024-12-01 13:28:00,610 [WARN] PackLoader:240 - Cannot read IP mode file for STMicroelectronics.X-CUBE-NFC6.3.0.0
2024-12-01 13:28:00,617 [WARN] PackLoader:240 - Cannot read IP mode file for STMicroelectronics.X-CUBE-EEPRMA1.4.1.0
2024-12-01 13:28:00,621 [WARN] PackLoader:240 - Cannot read IP mode file for STMicroelectronics.X-CUBE-AI.8.1.0
2024-12-01 13:28:00,636 [WARN] ConditionMgr:438 - getConditionDescription Invalid condition id : LAN8742 Phy interface Condition cause : null
2024-12-01 13:28:00,637 [WARN] PackLoader:240 - Cannot read IP mode file for STMicroelectronics.X-CUBE-AZRTOS-L4.2.0.0
2024-12-01 13:28:00,638 [WARN] ConditionMgr:1039 - genDependencies : Invalid condition id : LAN8742 Phy interface Condition cause : null
2024-12-01 13:28:00,638 [WARN] ConditionMgr:1039 - genDependencies : Invalid condition id : LAN8742 Phy interface Condition cause : null
2024-12-01 13:28:00,639 [WARN] ConditionMgr:1039 - genDependencies : Invalid condition id : LAN8742 Phy interface Condition cause : null
2024-12-01 13:28:00,643 [WARN] PackLoader:240 - Cannot read IP mode file for STMicroelectronics.X-CUBE-ISPU.1.1.0
2024-12-01 13:28:00,662 [WARN] PackLoader:240 - Cannot read IP mode file for STMicroelectronics.X-CUBE-AZRTOS-H7.3.3.0
2024-12-01 13:28:00,674 [WARN] PackLoader:240 - Cannot read IP mode file for STMicroelectronics.X-CUBE-IPS.3.0.0
2024-12-01 13:28:00,693 [WARN] ConditionMgr:438 - getConditionDescription Invalid condition id : UX DEVICE CLASS RTOS Condition cause : null
2024-12-01 13:28:00,693 [WARN] ConditionMgr:438 - getConditionDescription Invalid condition id : UX DEVICE CLASS RTOS Condition cause : null
2024-12-01 13:28:00,695 [WARN] PackLoader:240 - Cannot read IP mode file for STMicroelectronics.X-CUBE-AZRTOS-WB.2.0.0
2024-12-01 13:28:00,696 [WARN] ConditionMgr:1039 - genDependencies : Invalid condition id : UX DEVICE CLASS RTOS Condition cause : null
2024-12-01 13:28:00,697 [WARN] ConditionMgr:1039 - genDependencies : Invalid condition id : UX DEVICE CLASS RTOS Condition cause : null
2024-12-01 13:28:00,697 [WARN] ConditionMgr:1039 - genDependencies : Invalid condition id : UX DEVICE CLASS RTOS Condition cause : null
2024-12-01 13:28:00,698 [WARN] ConditionMgr:1039 - genDependencies : Invalid condition id : UX DEVICE CLASS RTOS Condition cause : null
2024-12-01 13:28:00,698 [WARN] ConditionMgr:1039 - genDependencies : Invalid condition id : UX DEVICE CLASS RTOS Condition cause : null
2024-12-01 13:28:00,704 [WARN] PackLoader:240 - Cannot read IP mode file for STMicroelectronics.X-CUBE-FREERTOS.1.0.1
2024-12-01 13:28:00,711 [WARN] PackLoader:240 - Cannot read IP mode file for STMicroelectronics.X-CUBE-GNSS1.7.0.0
2024-12-01 13:28:00,721 [WARN] PackLoader:240 - Cannot read IP mode file for STMicroelectronics.FP-SNS-STBOX1.2.0.0
2024-12-01 13:28:00,740 [WARN] PackLoader:240 - Cannot read IP mode file for STMicroelectronics.X-CUBE-AZRTOS-L5.1.1.0
2024-12-01 13:28:00,752 [WARN] PackLoader:240 - Cannot read IP mode file for STMicroelectronics.X-CUBE-AI.8.0.1
2024-12-01 13:28:00,758 [WARN] PackLoader:240 - Cannot read IP mode file for Cesanta.I-CUBE-Mongoose.7.13.0
2024-12-01 13:28:00,768 [WARN] PackLoader:240 - Cannot read IP mode file for STMicroelectronics.X-CUBE-TOF1.3.3.1
2024-12-01 13:28:00,795 [WARN] PackLoader:240 - Cannot read IP mode file for STMicroelectronics.X-CUBE-AZRTOS-G4.2.0.0
2024-12-01 13:28:00,801 [WARN] PackLoader:240 - Cannot read IP mode file for STMicroelectronics.FP-ATR-ASTRA1.1.1.1
2024-12-01 13:28:00,814 [WARN] PackLoader:240 - Cannot read IP mode file for Infineon.AIROC-Wi-Fi-Bluetooth-STM32.1.5.1
2024-12-01 13:28:00,824 [WARN] PackLoader:240 - Cannot read IP mode file for STMicroelectronics.FP-SNS-MOTENVWB1.1.3.0
2024-12-01 13:28:00,828 [WARN] PackLoader:240 - Cannot read IP mode file for STMicroelectronics.FP-SNS-MOTENVWB1.1.3.1
2024-12-01 13:28:00,833 [WARN] PackLoader:240 - Cannot read IP mode file for STMicroelectronics.X-CUBE-ISPU.2.0.0
2024-12-01 13:28:00,838 [WARN] PackLoader:240 - Cannot read IP mode file for STMicroelectronics.X-CUBE-ALS.1.0.2
2024-12-01 13:28:00,892 [WARN] PackLoader:240 - Cannot read IP mode file for STMicroelectronics.X-CUBE-MEMS1.10.0.0
2024-12-01 13:28:01,035 [WARN] PackLoader:240 - Cannot read IP mode file for STMicroelectronics.X-CUBE-FREERTOS.1.1.0
2024-12-01 13:28:01,038 [WARN] PackLoader:240 - Cannot read IP mode file for STMicroelectronics.X-CUBE-TOUCHGFX.4.24.0
2024-12-01 13:28:01,041 [WARN] PackLoader:240 - Cannot read IP mode file for STMicroelectronics.X-CUBE-TOUCHGFX.4.24.1
2024-12-01 13:28:01,047 [WARN] PackLoader:240 - Cannot read IP mode file for portGmbH.I-Cube-SoM-uGOAL.1.1.0
2024-12-01 13:28:01,053 [WARN] PackLoader:240 - Cannot read IP mode file for STMicroelectronics.X-CUBE-ALS.1.0.1
2024-12-01 13:28:01,068 [WARN] PackLoader:240 - Cannot read IP mode file for STMicroelectronics.X-CUBE-AZRTOS-WB.1.1.0
2024-12-01 13:28:01,081 [WARN] PackLoader:240 - Cannot read IP mode file for STMicroelectronics.X-CUBE-AZRTOS-H7RS.1.0.0
2024-12-01 13:28:01,088 [WARN] PackLoader:240 - Cannot read IP mode file for STMicroelectronics.FP-ATR-ASTRA1.2.0.0
2024-12-01 13:28:01,100 [WARN] PackLoader:240 - Cannot read IP mode file for STMicroelectronics.X-CUBE-TOF1.3.4.2
2024-12-01 13:28:01,112 [WARN] PackLoader:240 - Cannot read IP mode file for STMicroelectronics.X-CUBE-TOF1.3.4.0
2024-12-01 13:28:01,130 [WARN] PackLoader:240 - Cannot read IP mode file for STMicroelectronics.X-CUBE-TOF1.3.4.1
2024-12-01 13:28:01,148 [WARN] PackLoader:240 - Cannot read IP mode file for STMicroelectronics.X-CUBE-AZRTOS-H7.3.2.0
2024-12-01 13:28:01,156 [WARN] PackLoader:240 - Cannot read IP mode file for wolfSSL.I-CUBE-wolfSSH.1.4.17
2024-12-01 13:28:01,157 [INFO] ThirdParty:978 - Integrity check success = true
2024-12-01 13:28:01,157 [INFO] IntegrityCheckThread:100 - exiting critical section [integrity check]
2024-12-01 13:28:01,157 [INFO] IntegrityCheckThread:103 - End integrity checks thread
2024-12-01 14:19:48,260 [ERROR] LogOutputStream:75 - [STDERR_REDIRECT] 
2024-12-01 14:34:38,657 [INFO] Activator:176 - 


2024-12-01 14:34:38,658 [INFO] Activator:177 - !SESSION log4j initialized
2024-12-01 14:34:44,389 [INFO] LogOutputStream:77 - [STDOUT_REDIRECT] 
2024-12-01 14:34:45,969 [INFO] ApplicationProperties:184 - Using Application install path: C:\ST\STM32CubeIDE_1.16.0\STM32CubeIDE\plugins\com.st.stm32cube.common.mx_6.12.0.202406281431
2024-12-01 14:34:45,986 [INFO] DbMcusXml:78 - Set database path to: C:\ST\STM32CubeIDE_1.16.0\STM32CubeIDE\plugins\com.st.stm32cube.common.mx_6.12.0.202406281431\\db\/mcu/
2024-12-01 14:34:45,987 [INFO] ApiDb:274 - Set plugin database path to: C:\ST\STM32CubeIDE_1.16.0\STM32CubeIDE\plugins\com.st.stm32cube.common.mx_6.12.0.202406281431\\db\/plugins/boardmanager/
2024-12-01 14:34:45,987 [WARN] ApiDb:259 - Overriding images path with different value:  => C:\ST\STM32CubeIDE_1.16.0\STM32CubeIDE\plugins\com.st.stm32cube.common.mx_6.12.0.202406281431\\db\/plugins/mcufinder/images/
2024-12-01 14:34:45,996 [INFO] ApiDb:250 - Set database path to: C:\Users\machi\.stmcufinder\plugins\mcufinder//mcu/
2024-12-01 14:34:45,998 [INFO] DbMcusAds:125 - Set database path to: C:\Users\machi\.stmcufinder\plugins\mcufinder//mcu/
2024-12-01 14:34:46,000 [INFO] CrossReferenceDbSqlite:203 - Set database path to: C:\Users\machi\.stmcufinder\plugins\mcufinder//mcu/cs/
2024-12-01 14:34:46,129 [INFO] RulesReader:64 - Compatibility file has been processed (297 Rules)
2024-12-01 14:34:46,230 [INFO] DbMcusXml:78 - Set database path to: C:\ST\STM32CubeIDE_1.16.0\STM32CubeIDE\plugins\com.st.stm32cube.common.mx_6.12.0.202406281431\\db\/mcu/
2024-12-01 14:34:46,230 [INFO] ApiDb:274 - Set plugin database path to: C:\ST\STM32CubeIDE_1.16.0\STM32CubeIDE\plugins\com.st.stm32cube.common.mx_6.12.0.202406281431\\db\/plugins/boardmanager/
2024-12-01 14:34:46,230 [INFO] ApiDb:261 - Set plugin images path to: C:\ST\STM32CubeIDE_1.16.0\STM32CubeIDE\plugins\com.st.stm32cube.common.mx_6.12.0.202406281431\\db\/plugins/mcufinder/images/
2024-12-01 14:34:46,231 [WARN] DbFile:41 - Overriding database path with different value: C:\Users\machi\.stmcufinder\plugins\mcufinder/ => C:\Users\machi\.stmcufinder\plugins\mcufinder
2024-12-01 14:34:46,231 [INFO] ApiDb:250 - Set database path to: C:\Users\machi\.stmcufinder\plugins\mcufinder//mcu/
2024-12-01 14:34:46,231 [WARN] DbFile:41 - Overriding database path with different value: C:\Users\machi\.stmcufinder\plugins\mcufinder/ => C:\Users\machi\.stmcufinder\plugins\mcufinder
2024-12-01 14:34:46,231 [INFO] DbMcusAds:125 - Set database path to: C:\Users\machi\.stmcufinder\plugins\mcufinder//mcu/
2024-12-01 14:34:46,231 [WARN] DbFile:41 - Overriding database path with different value: C:\Users\machi\.stmcufinder\plugins\mcufinder/ => C:\Users\machi\.stmcufinder\plugins\mcufinder
2024-12-01 14:34:46,231 [WARN] DbFile:41 - Overriding database path with different value: C:\Users\machi\.stmcufinder\plugins\mcufinder/ => C:\Users\machi\.stmcufinder\plugins\mcufinder
2024-12-01 14:34:46,231 [INFO] CrossReferenceDbSqlite:203 - Set database path to: C:\Users\machi\.stmcufinder\plugins\mcufinder//mcu/cs/
2024-12-01 14:34:46,298 [INFO] MainPanel:268 - HeapMemory: 268435456
2024-12-01 14:34:46,363 [INFO] DbMcusXml:78 - Set database path to: C:\ST\STM32CubeIDE_1.16.0\STM32CubeIDE\plugins\com.st.stm32cube.common.mx_6.12.0.202406281431\\db\/mcu/
2024-12-01 14:34:46,363 [INFO] ApiDb:274 - Set plugin database path to: C:\ST\STM32CubeIDE_1.16.0\STM32CubeIDE\plugins\com.st.stm32cube.common.mx_6.12.0.202406281431\\db\/plugins/boardmanager/
2024-12-01 14:34:46,363 [INFO] ApiDb:261 - Set plugin images path to: C:\ST\STM32CubeIDE_1.16.0\STM32CubeIDE\plugins\com.st.stm32cube.common.mx_6.12.0.202406281431\\db\/plugins/mcufinder/images/
2024-12-01 14:34:46,363 [WARN] DbFile:41 - Overriding database path with different value: C:\Users\machi\.stmcufinder\plugins\mcufinder/ => C:\Users\machi\.stmcufinder\plugins\mcufinder
2024-12-01 14:34:46,363 [INFO] ApiDb:250 - Set database path to: C:\Users\machi\.stmcufinder\plugins\mcufinder//mcu/
2024-12-01 14:34:46,363 [WARN] DbFile:41 - Overriding database path with different value: C:\Users\machi\.stmcufinder\plugins\mcufinder/ => C:\Users\machi\.stmcufinder\plugins\mcufinder
2024-12-01 14:34:46,363 [INFO] DbMcusAds:125 - Set database path to: C:\Users\machi\.stmcufinder\plugins\mcufinder//mcu/
2024-12-01 14:34:46,363 [WARN] DbFile:41 - Overriding database path with different value: C:\Users\machi\.stmcufinder\plugins\mcufinder/ => C:\Users\machi\.stmcufinder\plugins\mcufinder
2024-12-01 14:34:46,364 [WARN] DbFile:41 - Overriding database path with different value: C:\Users\machi\.stmcufinder\plugins\mcufinder/ => C:\Users\machi\.stmcufinder\plugins\mcufinder
2024-12-01 14:34:46,364 [INFO] CrossReferenceDbSqlite:203 - Set database path to: C:\Users\machi\.stmcufinder\plugins\mcufinder//mcu/cs/
2024-12-01 14:34:46,378 [INFO] ApplicationProperties:184 - Using Application install path: C:\ST\STM32CubeIDE_1.16.0\STM32CubeIDE\plugins\com.st.stm32cube.common.mx_6.12.0.202406281431
2024-12-01 14:34:46,379 [INFO] PluginManage:196 - Search for loadable plugins [exclusion list=, ]
2024-12-01 14:34:46,380 [INFO] PluginManage:310 - Check plugin analytics
2024-12-01 14:34:46,555 [INFO] AnalyticsPlugin:253 - Accepted Software Licenses: STM32CubeMX.6.10.0,STM32CubeMX.6.11.1,STM32CubeMX.6.12.0
2024-12-01 14:34:46,556 [INFO] AnalyticsPlugin:255 - Accepted CMSIS Pack Licenses: 
2024-12-01 14:34:46,556 [INFO] AnalyticsPlugin:257 - Accepted Firmware Licenses: FW.F4.1.27.0,FW.F4.1.28.0,FW.F7.1.17.0
2024-12-01 14:34:46,560 [INFO] PluginManage:359 - Loaded plugin analytics (category:tool,tabindex:-1)
2024-12-01 14:34:46,560 [INFO] PluginManage:310 - Check plugin cadmodel
2024-12-01 14:34:46,566 [INFO] CADModel:105 - Init CAD model plugin
2024-12-01 14:34:46,567 [INFO] PluginManage:359 - Loaded plugin cadmodel (category:power,tabindex:5)
2024-12-01 14:34:46,567 [INFO] PluginManage:310 - Check plugin clock
2024-12-01 14:34:46,581 [INFO] PluginManage:359 - Loaded plugin clock (category:base,tabindex:2)
2024-12-01 14:34:46,581 [INFO] PluginManage:310 - Check plugin ddr
2024-12-01 14:34:46,583 [INFO] PluginManage:359 - Loaded plugin ddr (category:tool,tabindex:6)
2024-12-01 14:34:46,583 [INFO] PluginManage:310 - Check plugin filemanager
2024-12-01 14:34:46,734 [INFO] PluginManage:359 - Loaded plugin filemanager (category:base,tabindex:10)
2024-12-01 14:34:46,735 [INFO] PluginManage:310 - Check plugin ipmanager
2024-12-01 14:34:46,742 [INFO] PluginManage:359 - Loaded plugin ipmanager (category:base,tabindex:5)
2024-12-01 14:34:46,742 [INFO] PluginManage:310 - Check plugin lpbam
2024-12-01 14:34:46,749 [INFO] PluginManage:359 - Loaded plugin lpbam (category:base,tabindex:0)
2024-12-01 14:34:46,749 [INFO] PluginManage:310 - Check plugin memorymap
2024-12-01 14:34:46,761 [INFO] PluginManage:359 - Loaded plugin memorymap (category:base,tabindex:4)
2024-12-01 14:34:46,761 [INFO] PluginManage:310 - Check plugin pinoutandconfiguration
2024-12-01 14:34:46,774 [INFO] PluginManage:359 - Loaded plugin pinoutandconfiguration (category:base,tabindex:1)
2024-12-01 14:34:46,775 [INFO] PluginManage:310 - Check plugin pinoutconfig
2024-12-01 14:34:46,859 [WARN] SupportedApi:132 - Cannot load RTOS API schema: s4s-elt-must-match.1: The content of 'definitions' must match (annotation?, (simpleType | complexType)?, (unique | key | keyref)*)). A problem was found starting at: attribute.
2024-12-01 14:34:46,981 [INFO] PluginManage:359 - Loaded plugin pinoutconfig (category:base,tabindex:0)
2024-12-01 14:34:46,981 [INFO] PluginManage:310 - Check plugin power
2024-12-01 14:34:46,997 [INFO] PluginManage:359 - Loaded plugin power (category:power,tabindex:4)
2024-12-01 14:34:46,997 [INFO] PluginManage:310 - Check plugin projectmanager
2024-12-01 14:34:47,022 [INFO] PluginManage:359 - Loaded plugin projectmanager (category:projectmanager,tabindex:4)
2024-12-01 14:34:47,022 [INFO] PluginManage:310 - Check plugin rif
2024-12-01 14:34:47,032 [INFO] PluginManage:359 - Loaded plugin rif (category:base,tabindex:3)
2024-12-01 14:34:47,033 [INFO] PluginManage:310 - Check plugin thirdparty
2024-12-01 14:34:47,218 [WARN] IntegrityCheckThread:84 - waiting for thirdparty lock release [integrity check]
2024-12-01 14:34:47,218 [INFO] IntegrityCheckThread:86 - entering critical section [integrity check]
2024-12-01 14:34:47,219 [INFO] PluginManage:359 - Loaded plugin thirdparty (category:base,tabindex:-1)
2024-12-01 14:34:47,219 [INFO] PluginManage:310 - Check plugin tools
2024-12-01 14:34:47,219 [INFO] ThirdPartyUpdaterWithRetryManager:70 - Updater plugin not ready yet. [1/15]
2024-12-01 14:34:47,224 [INFO] PluginManage:359 - Loaded plugin tools (category:base,tabindex:7)
2024-12-01 14:34:47,224 [INFO] PluginManage:310 - Check plugin tutovideos
2024-12-01 14:34:47,410 [INFO] PluginManage:359 - Loaded plugin tutovideos (category:base,tabindex:-1)
2024-12-01 14:34:47,410 [INFO] PluginManage:310 - Check plugin updater
2024-12-01 14:34:47,430 [INFO] PluginManage:359 - Loaded plugin updater (category:base,tabindex:12)
2024-12-01 14:34:47,430 [INFO] PluginManage:310 - Check plugin userauth
2024-12-01 14:34:47,434 [INFO] UserAuth:113 - Init User Auth plugin
2024-12-01 14:34:47,434 [INFO] PluginManage:359 - Loaded plugin userauth (category:base,tabindex:14)
2024-12-01 14:34:47,435 [INFO] PluginManage:283 - PluginManage : Loaded plugins [18]
2024-12-01 14:34:47,639 [INFO] PinOutPanel:1561 - setPackage(No Configuration,No Configuration)
2024-12-01 14:34:47,722 [INFO] CADModel:165 - CPN selected for project level
2024-12-01 14:34:47,722 [INFO] CADModel:114 - Register for checkConnection events
2024-12-01 14:34:47,736 [INFO] IPUIPlugin:80 - create IPUIPlugin
2024-12-01 14:34:47,736 [INFO] PluginManager:220 - loadIPPluginJar : add adc
2024-12-01 14:34:47,739 [INFO] IPUIPlugin:80 - create IPUIPlugin
2024-12-01 14:34:47,739 [INFO] PluginManager:220 - loadIPPluginJar : add aes
2024-12-01 14:34:47,741 [INFO] IPUIPlugin:80 - create IPUIPlugin
2024-12-01 14:34:47,741 [INFO] PluginManager:220 - loadIPPluginJar : add can
2024-12-01 14:34:47,743 [INFO] IPUIPlugin:80 - create IPUIPlugin
2024-12-01 14:34:47,743 [INFO] PluginManager:220 - loadIPPluginJar : add comp
2024-12-01 14:34:47,745 [INFO] IPUIPlugin:80 - create IPUIPlugin
2024-12-01 14:34:47,745 [INFO] PluginManager:220 - loadIPPluginJar : add cryp
2024-12-01 14:34:47,750 [INFO] IPUIPlugin:80 - create IPUIPlugin
2024-12-01 14:34:47,750 [INFO] PluginManager:220 - loadIPPluginJar : add ddr_ctrl_phy
2024-12-01 14:34:47,752 [INFO] IPUIPlugin:80 - create IPUIPlugin
2024-12-01 14:34:47,753 [INFO] PluginManager:220 - loadIPPluginJar : add dfsdm
2024-12-01 14:34:47,757 [INFO] IPUIPlugin:80 - create IPUIPlugin
2024-12-01 14:34:47,757 [INFO] PluginManager:220 - loadIPPluginJar : add dma
2024-12-01 14:34:47,760 [INFO] IPUIPlugin:80 - create IPUIPlugin
2024-12-01 14:34:47,760 [INFO] PluginManager:220 - loadIPPluginJar : add dma3
2024-12-01 14:34:47,763 [INFO] IPUIPlugin:80 - create IPUIPlugin
2024-12-01 14:34:47,763 [INFO] PluginManager:220 - loadIPPluginJar : add extmemmanager
2024-12-01 14:34:47,764 [INFO] IPUIPlugin:80 - create IPUIPlugin
2024-12-01 14:34:47,764 [INFO] PluginManager:220 - loadIPPluginJar : add fatfs
2024-12-01 14:34:47,768 [INFO] IPUIPlugin:80 - create IPUIPlugin
2024-12-01 14:34:47,768 [INFO] PluginManager:220 - loadIPPluginJar : add fmc
2024-12-01 14:34:47,772 [INFO] IPUIPlugin:80 - create IPUIPlugin
2024-12-01 14:34:47,772 [INFO] PluginManager:220 - loadIPPluginJar : add freertos
2024-12-01 14:34:47,774 [INFO] IPUIPlugin:80 - create IPUIPlugin
2024-12-01 14:34:47,774 [INFO] PluginManager:220 - loadIPPluginJar : add genericplugin
2024-12-01 14:34:47,776 [INFO] IPUIPlugin:80 - create IPUIPlugin
2024-12-01 14:34:47,776 [INFO] PluginManager:220 - loadIPPluginJar : add gfxmmu
2024-12-01 14:34:47,780 [INFO] IPUIPlugin:80 - create IPUIPlugin
2024-12-01 14:34:47,780 [INFO] PluginManager:220 - loadIPPluginJar : add gic
2024-12-01 14:34:47,783 [INFO] IPUIPlugin:80 - create IPUIPlugin
2024-12-01 14:34:47,784 [INFO] PluginManager:220 - loadIPPluginJar : add gpio
2024-12-01 14:34:47,786 [INFO] IPUIPlugin:80 - create IPUIPlugin
2024-12-01 14:34:47,786 [INFO] PluginManager:220 - loadIPPluginJar : add gtzc
2024-12-01 14:34:47,788 [INFO] IPUIPlugin:80 - create IPUIPlugin
2024-12-01 14:34:47,788 [INFO] PluginManager:220 - loadIPPluginJar : add hash
2024-12-01 14:34:47,791 [INFO] IPUIPlugin:80 - create IPUIPlugin
2024-12-01 14:34:47,791 [INFO] PluginManager:220 - loadIPPluginJar : add i2c
2024-12-01 14:34:47,793 [INFO] IPUIPlugin:80 - create IPUIPlugin
2024-12-01 14:34:47,793 [INFO] PluginManager:220 - loadIPPluginJar : add i2s
2024-12-01 14:34:47,795 [INFO] IPUIPlugin:80 - create IPUIPlugin
2024-12-01 14:34:47,795 [INFO] PluginManager:220 - loadIPPluginJar : add i3c
2024-12-01 14:34:47,798 [INFO] IPUIPlugin:80 - create IPUIPlugin
2024-12-01 14:34:47,798 [INFO] PluginManager:220 - loadIPPluginJar : add ipddr
2024-12-01 14:34:47,803 [INFO] IPUIPlugin:80 - create IPUIPlugin
2024-12-01 14:34:47,803 [INFO] PluginManager:220 - loadIPPluginJar : add linkedlist
2024-12-01 14:34:47,807 [INFO] IPUIPlugin:80 - create IPUIPlugin
2024-12-01 14:34:47,807 [INFO] PluginManager:220 - loadIPPluginJar : add lorawan
2024-12-01 14:34:47,808 [INFO] IPUIPlugin:80 - create IPUIPlugin
2024-12-01 14:34:47,809 [INFO] PluginManager:220 - loadIPPluginJar : add ltdc
2024-12-01 14:34:47,813 [INFO] IPUIPlugin:80 - create IPUIPlugin
2024-12-01 14:34:47,813 [INFO] PluginManager:220 - loadIPPluginJar : add mdma
2024-12-01 14:34:47,816 [INFO] IPUIPlugin:80 - create IPUIPlugin
2024-12-01 14:34:47,816 [INFO] PluginManager:220 - loadIPPluginJar : add nvic
2024-12-01 14:34:47,819 [INFO] IPUIPlugin:80 - create IPUIPlugin
2024-12-01 14:34:47,819 [INFO] PluginManager:220 - loadIPPluginJar : add opamp
2024-12-01 14:34:47,826 [INFO] IPUIPlugin:80 - create IPUIPlugin
2024-12-01 14:34:47,826 [INFO] PluginManager:220 - loadIPPluginJar : add openamp
2024-12-01 14:34:47,829 [INFO] IPUIPlugin:80 - create IPUIPlugin
2024-12-01 14:34:47,829 [INFO] PluginManager:220 - loadIPPluginJar : add pdm2pcm
2024-12-01 14:34:47,834 [INFO] IPUIPlugin:80 - create IPUIPlugin
2024-12-01 14:34:47,836 [INFO] PluginManager:220 - loadIPPluginJar : add plateformsettings
2024-12-01 14:34:47,838 [INFO] IPUIPlugin:80 - create IPUIPlugin
2024-12-01 14:34:47,838 [INFO] PluginManager:220 - loadIPPluginJar : add quadspi
2024-12-01 14:34:47,840 [INFO] IPUIPlugin:80 - create IPUIPlugin
2024-12-01 14:34:47,840 [INFO] PluginManager:220 - loadIPPluginJar : add radio
2024-12-01 14:34:47,843 [INFO] IPUIPlugin:80 - create IPUIPlugin
2024-12-01 14:34:47,843 [INFO] PluginManager:220 - loadIPPluginJar : add resmgrutility
2024-12-01 14:34:47,846 [INFO] IPUIPlugin:80 - create IPUIPlugin
2024-12-01 14:34:47,846 [INFO] PluginManager:220 - loadIPPluginJar : add sai
2024-12-01 14:34:47,848 [INFO] IPUIPlugin:80 - create IPUIPlugin
2024-12-01 14:34:47,848 [INFO] PluginManager:220 - loadIPPluginJar : add spi
2024-12-01 14:34:47,852 [INFO] IPUIPlugin:80 - create IPUIPlugin
2024-12-01 14:34:47,852 [INFO] PluginManager:220 - loadIPPluginJar : add stm32_wpan
2024-12-01 14:34:47,854 [INFO] IPUIPlugin:80 - create IPUIPlugin
2024-12-01 14:34:47,854 [INFO] PluginManager:220 - loadIPPluginJar : add tim
2024-12-01 14:34:47,856 [INFO] IPUIPlugin:80 - create IPUIPlugin
2024-12-01 14:34:47,857 [INFO] PluginManager:220 - loadIPPluginJar : add touchsensing
2024-12-01 14:34:47,858 [INFO] IPUIPlugin:80 - create IPUIPlugin
2024-12-01 14:34:47,858 [INFO] PluginManager:220 - loadIPPluginJar : add tracer_emb
2024-12-01 14:34:47,860 [INFO] IPUIPlugin:80 - create IPUIPlugin
2024-12-01 14:34:47,860 [INFO] PluginManager:220 - loadIPPluginJar : add ts
2024-12-01 14:34:47,863 [INFO] IPUIPlugin:80 - create IPUIPlugin
2024-12-01 14:34:47,863 [INFO] PluginManager:220 - loadIPPluginJar : add tsc
2024-12-01 14:34:47,865 [INFO] IPUIPlugin:80 - create IPUIPlugin
2024-12-01 14:34:47,866 [INFO] PluginManager:220 - loadIPPluginJar : add ucpd
2024-12-01 14:34:47,868 [INFO] IPUIPlugin:80 - create IPUIPlugin
2024-12-01 14:34:47,868 [INFO] PluginManager:220 - loadIPPluginJar : add usart
2024-12-01 14:34:47,871 [INFO] IPUIPlugin:80 - create IPUIPlugin
2024-12-01 14:34:47,871 [INFO] PluginManager:220 - loadIPPluginJar : add usbx
2024-12-01 14:34:48,002 [INFO] CADModel:165 - CPN selected for project level
2024-12-01 14:34:48,003 [INFO] CADModel:114 - Register for checkConnection events
2024-12-01 14:34:48,004 [FATAL] Updater:334 - Updater called before beeing initialized
2024-12-01 14:34:48,004 [ERROR] CADModel:125 - Updater not yet initialized, retry later 
2024-12-01 14:34:48,112 [INFO] CADModel:165 - CPN selected for project level
2024-12-01 14:34:48,112 [INFO] CADModel:114 - Register for checkConnection events
2024-12-01 14:34:48,112 [FATAL] Updater:334 - Updater called before beeing initialized
2024-12-01 14:34:48,112 [ERROR] CADModel:125 - Updater not yet initialized, retry later 
2024-12-01 14:34:48,114 [FATAL] Updater:334 - Updater called before beeing initialized
2024-12-01 14:34:48,233 [FATAL] Updater:334 - Updater called before beeing initialized
2024-12-01 14:34:48,239 [INFO] DbMcusAds:53 - JSON generation date=Fri Sep 20 22:04:23 KST 2024 (1726837463113)
2024-12-01 14:34:48,239 [FATAL] Updater:334 - Updater called before beeing initialized
2024-12-01 14:34:48,271 [WARN] DetailPanel:346 - Failed to get advertising image, set to default
2024-12-01 14:34:48,361 [FATAL] Updater:334 - Updater called before beeing initialized
2024-12-01 14:34:48,362 [FATAL] Updater:334 - Updater called before beeing initialized
2024-12-01 14:34:48,362 [FATAL] Updater:334 - Updater called before beeing initialized
2024-12-01 14:34:48,363 [WARN] DetailPanel:346 - Failed to get advertising image, set to default
2024-12-01 14:34:48,363 [FATAL] Updater:334 - Updater called before beeing initialized
2024-12-01 14:34:48,411 [ERROR] Updater:1164 - MainUpdater not yet initialized. External WinMGr cannot be set.
2024-12-01 14:34:48,414 [INFO] Updater:1100 - Updater Version found : 6.12.0
2024-12-01 14:34:48,430 [INFO] ApplicationProperties:184 - Using Application install path: C:\ST\STM32CubeIDE_1.16.0\STM32CubeIDE\plugins\com.st.stm32cube.common.mx_6.12.0.202406281431
2024-12-01 14:34:48,857 [INFO] MainUpdater:2873 - connection check result : 10
2024-12-01 14:34:48,858 [INFO] MainUpdater:290 - Updater Check For Update Now.
2024-12-01 14:34:48,858 [INFO] MicroXplorer:498 - Change Database Version : DB.6.0.120
2024-12-01 14:34:48,866 [INFO] McuFinderGlobals:63 - Set McuFinder mode to 2 (CubeIDE integrated)
2024-12-01 14:34:48,867 [INFO] UserAuth:417 - Internet connection configuration mode: 1
2024-12-01 14:34:48,890 [INFO] JxBrowserEngine:152 - Initiate JxBrowser Engine with user profile folder
2024-12-01 14:34:49,023 [INFO] CheckServerUpdateThread:120 - End of CheckServer Thread
2024-12-01 14:34:49,640 [INFO] WebApp:167 - Instantiating new browser for Auth
2024-12-01 14:34:50,386 [INFO] WebApp:448 - Apply proxy settings
2024-12-01 14:34:50,386 [INFO] WebApp:533 - Chromium requires no authentication
2024-12-01 14:34:50,394 [INFO] WebApp:476 - Direct internet connection detected
2024-12-01 14:34:50,418 [INFO] WebApp:869 - Register for checkConnection events
2024-12-01 14:34:50,418 [INFO] WebApp:448 - Apply proxy settings
2024-12-01 14:34:50,418 [INFO] WebApp:533 - Chromium requires no authentication
2024-12-01 14:34:50,419 [INFO] WebApp:476 - Direct internet connection detected
2024-12-01 14:34:50,563 [INFO] WebApp:220 - Starting web application
2024-12-01 14:34:50,563 [INFO] WebApp:578 - Web application path used C:\ST\STM32CubeIDE_1.16.0\STM32CubeIDE\plugins\com.st.stm32cube.common.mx_6.12.0.202406281431\db\plugins\mcufinder\reactClient1\index.html
2024-12-01 14:34:50,644 [WARN] PackLoader:240 - Cannot read IP mode file for STMicroelectronics.FP-SNS-MOTENVWB1.1.4.0
2024-12-01 14:34:50,661 [INFO] UserAuth:417 - Internet connection configuration mode: 1
2024-12-01 14:34:50,661 [WARN] PackLoader:240 - Cannot read IP mode file for STMicroelectronics.FP-ATR-ASTRA1.2.0.1
2024-12-01 14:34:50,679 [WARN] PackLoader:240 - Cannot read IP mode file for STMicroelectronics.X-CUBE-SMBUS.2.1.0
2024-12-01 14:34:50,693 [WARN] PackLoader:240 - Cannot read IP mode file for STMicroelectronics.X-CUBE-WB05N.1.1.0
2024-12-01 14:34:50,703 [WARN] PackLoader:240 - Cannot read IP mode file for STMicroelectronics.X-CUBE-TOUCHGFX.4.23.0
2024-12-01 14:34:50,706 [WARN] PackLoader:240 - Cannot read IP mode file for STMicroelectronics.X-CUBE-TOUCHGFX.4.23.2
2024-12-01 14:34:50,744 [WARN] PackLoader:240 - Cannot read IP mode file for STMicroelectronics.X-CUBE-AZRTOS-F7.1.1.0
2024-12-01 14:34:50,759 [WARN] PackLoader:240 - Cannot read IP mode file for STMicroelectronics.FP-SNS-MOTENV1.4.3.2
2024-12-01 14:34:50,818 [INFO] WebApp:186 - Connection restablished
2024-12-01 14:34:50,863 [WARN] PackLoader:240 - Cannot read IP mode file for STMicroelectronics.X-CUBE-MEMS1.11.0.0
2024-12-01 14:34:51,057 [WARN] PackLoader:240 - Cannot read IP mode file for STMicroelectronics.X-CUBE-BLE1.6.2.4
2024-12-01 14:34:51,063 [WARN] PackLoader:240 - Cannot read IP mode file for STMicroelectronics.FP-SNS-FLIGHT1.5.0.2
2024-12-01 14:34:51,067 [WARN] PackLoader:240 - Cannot read IP mode file for STMicroelectronics.X-CUBE-BLE1.7.0.0
2024-12-01 14:34:51,074 [WARN] PackLoader:240 - Cannot read IP mode file for STMicroelectronics.X-CUBE-NFC10.1.0.0
2024-12-01 14:34:51,095 [WARN] PackLoader:240 - Cannot read IP mode file for emotas.I-CUBE-CANOPEN.1.3.0
2024-12-01 14:34:51,100 [WARN] PackLoader:240 - Cannot read IP mode file for STMicroelectronics.X-CUBE-TOUCHGFX.4.22.0
2024-12-01 14:34:51,104 [WARN] PackLoader:240 - Cannot read IP mode file for STMicroelectronics.X-CUBE-TOUCHGFX.4.22.1
2024-12-01 14:34:51,114 [WARN] PackLoader:240 - Cannot read IP mode file for STMicroelectronics.X-CUBE-BLEMGR.3.1.0
2024-12-01 14:34:51,121 [WARN] PackLoader:240 - Cannot read IP mode file for STMicroelectronics.FP-SNS-SMARTAG2.1.2.0
2024-12-01 14:34:51,130 [INFO] LogOutputStream:77 - [STDOUT_REDIRECT] 1 : Invalid condition id : UX_CORESTACK_Condition cause : null
2024-12-01 14:34:51,131 [INFO] LogOutputStream:77 - [STDOUT_REDIRECT] 1 : Invalid condition id : UX_CORESTACK_Condition cause : null
2024-12-01 14:34:51,133 [INFO] LogOutputStream:77 - [STDOUT_REDIRECT] 1 : Invalid condition id : UX_CORESTACK_Condition cause : null
2024-12-01 14:34:51,134 [INFO] LogOutputStream:77 - [STDOUT_REDIRECT] 1 : Invalid condition id : UX_CORESTACK_Condition cause : null
2024-12-01 14:34:51,136 [INFO] LogOutputStream:77 - [STDOUT_REDIRECT] 1 : Invalid condition id : UX_CORESTACK_Condition cause : null
2024-12-01 14:34:51,139 [WARN] PackLoader:240 - Cannot read IP mode file for STMicroelectronics.X-CUBE-AZRTOS-WL.2.0.0
2024-12-01 14:34:51,145 [WARN] PackLoader:240 - Cannot read IP mode file for STMicroelectronics.FP-SNS-MOTENV1.5.0.0
2024-12-01 14:34:51,152 [WARN] PackLoader:240 - Cannot read IP mode file for wolfSSL.I-CUBE-wolfMQTT.1.19.0
2024-12-01 14:34:51,163 [WARN] PackLoader:240 - Cannot read IP mode file for WES.I-CUBE-Cesium.1.3.0
2024-12-01 14:34:51,179 [WARN] PackLoader:240 - Cannot read IP mode file for STMicroelectronics.X-CUBE-TOF1.3.2.0
2024-12-01 14:34:51,196 [WARN] PackLoader:240 - Cannot read IP mode file for STMicroelectronics.X-CUBE-NFC9.1.0.0
2024-12-01 14:34:51,208 [WARN] PackLoader:240 - Cannot read IP mode file for STMicroelectronics.X-CUBE-TCPP.4.1.0
2024-12-01 14:34:51,216 [WARN] PackLoader:240 - Cannot read IP mode file for STMicroelectronics.X-CUBE-TOUCHGFX.4.21.1
2024-12-01 14:34:51,225 [WARN] PackLoader:240 - Cannot read IP mode file for STMicroelectronics.X-CUBE-AI.7.3.0
2024-12-01 14:34:51,236 [WARN] PackLoader:240 - Cannot read IP mode file for STMicroelectronics.X-CUBE-ALGOBUILD.1.3.0
2024-12-01 14:34:51,255 [WARN] PackLoader:240 - Cannot read IP mode file for STMicroelectronics.X-CUBE-AZRTOS-G0.1.1.0
2024-12-01 14:34:51,267 [WARN] PackLoader:240 - Cannot read IP mode file for STMicroelectronics.X-CUBE-SAFEA1.1.2.2
2024-12-01 14:34:51,283 [WARN] PackLoader:240 - Cannot read IP mode file for EmbeddedOffice.I-CUBE-FS-RTOS.1.0.1
2024-12-01 14:34:51,284 [ERROR] ConditionMgr:805 - Attr not supported : Dmpu
2024-12-01 14:34:51,284 [ERROR] ConditionMgr:805 - Attr not supported : Dmpu
2024-12-01 14:34:51,284 [ERROR] ConditionMgr:805 - Attr not supported : Dmpu
2024-12-01 14:34:51,284 [ERROR] ConditionMgr:805 - Attr not supported : Dmpu
2024-12-01 14:34:51,284 [ERROR] ConditionMgr:805 - Attr not supported : Dmpu
2024-12-01 14:34:51,285 [ERROR] ConditionMgr:805 - Attr not supported : Dmpu
2024-12-01 14:34:51,285 [ERROR] ConditionMgr:805 - Attr not supported : Dmpu
2024-12-01 14:34:51,285 [ERROR] ConditionMgr:805 - Attr not supported : Dmpu
2024-12-01 14:34:51,285 [ERROR] ConditionMgr:805 - Attr not supported : Dmpu
2024-12-01 14:34:51,285 [ERROR] ConditionMgr:805 - Attr not supported : Dmpu
2024-12-01 14:34:51,285 [ERROR] ConditionMgr:805 - Attr not supported : Dmpu
2024-12-01 14:34:51,285 [ERROR] ConditionMgr:805 - Attr not supported : Dmpu
2024-12-01 14:34:51,285 [ERROR] ConditionMgr:805 - Attr not supported : Dmpu
2024-12-01 14:34:51,285 [ERROR] ConditionMgr:805 - Attr not supported : Dmpu
2024-12-01 14:34:51,285 [ERROR] ConditionMgr:805 - Attr not supported : Dmpu
2024-12-01 14:34:51,286 [ERROR] ConditionMgr:805 - Attr not supported : Dmpu
2024-12-01 14:34:51,286 [ERROR] ConditionMgr:805 - Attr not supported : Dmpu
2024-12-01 14:34:51,286 [ERROR] ConditionMgr:805 - Attr not supported : Dmpu
2024-12-01 14:34:51,286 [ERROR] ConditionMgr:805 - Attr not supported : Dmpu
2024-12-01 14:34:51,286 [ERROR] ConditionMgr:805 - Attr not supported : Dmpu
2024-12-01 14:34:51,286 [ERROR] ConditionMgr:805 - Attr not supported : Dmpu
2024-12-01 14:34:51,286 [ERROR] ConditionMgr:805 - Attr not supported : Dmpu
2024-12-01 14:34:51,286 [ERROR] ConditionMgr:805 - Attr not supported : Dmpu
2024-12-01 14:34:51,286 [ERROR] ConditionMgr:805 - Attr not supported : Dmpu
2024-12-01 14:34:51,286 [ERROR] ConditionMgr:805 - Attr not supported : Dmpu
2024-12-01 14:34:51,286 [ERROR] ConditionMgr:805 - Attr not supported : Dmpu
2024-12-01 14:34:51,287 [ERROR] ConditionMgr:805 - Attr not supported : Dmpu
2024-12-01 14:34:51,287 [ERROR] ConditionMgr:805 - Attr not supported : Dmpu
2024-12-01 14:34:51,287 [ERROR] ConditionMgr:805 - Attr not supported : Dmpu
2024-12-01 14:34:51,287 [ERROR] ConditionMgr:805 - Attr not supported : Dmpu
2024-12-01 14:34:51,287 [ERROR] ConditionMgr:805 - Attr not supported : Dmpu
2024-12-01 14:34:51,287 [ERROR] ConditionMgr:805 - Attr not supported : Dmpu
2024-12-01 14:34:51,287 [ERROR] ConditionMgr:805 - Attr not supported : Dmpu
2024-12-01 14:34:51,287 [ERROR] ConditionMgr:805 - Attr not supported : Dmpu
2024-12-01 14:34:51,287 [ERROR] ConditionMgr:805 - Attr not supported : Dmpu
2024-12-01 14:34:51,288 [ERROR] ConditionMgr:805 - Attr not supported : Dmpu
2024-12-01 14:34:51,288 [ERROR] ConditionMgr:805 - Attr not supported : Dmpu
2024-12-01 14:34:51,288 [ERROR] ConditionMgr:805 - Attr not supported : Dmpu
2024-12-01 14:34:51,288 [ERROR] ConditionMgr:805 - Attr not supported : Dmpu
2024-12-01 14:34:51,288 [ERROR] ConditionMgr:805 - Attr not supported : Dmpu
2024-12-01 14:34:51,288 [ERROR] ConditionMgr:805 - Attr not supported : Dmpu
2024-12-01 14:34:51,288 [ERROR] ConditionMgr:805 - Attr not supported : Dmpu
2024-12-01 14:34:51,288 [ERROR] ConditionMgr:805 - Attr not supported : Dmpu
2024-12-01 14:34:51,289 [ERROR] ConditionMgr:805 - Attr not supported : Dmpu
2024-12-01 14:34:51,289 [ERROR] ConditionMgr:805 - Attr not supported : Dmpu
2024-12-01 14:34:51,289 [ERROR] ConditionMgr:805 - Attr not supported : Dmpu
2024-12-01 14:34:51,289 [ERROR] ConditionMgr:805 - Attr not supported : Dmpu
2024-12-01 14:34:51,289 [ERROR] ConditionMgr:805 - Attr not supported : Dmpu
2024-12-01 14:34:51,289 [ERROR] ConditionMgr:805 - Attr not supported : Dmpu
2024-12-01 14:34:51,289 [ERROR] ConditionMgr:805 - Attr not supported : Dmpu
2024-12-01 14:34:51,289 [ERROR] ConditionMgr:805 - Attr not supported : Dmpu
2024-12-01 14:34:51,289 [ERROR] ConditionMgr:805 - Attr not supported : Dmpu
2024-12-01 14:34:51,289 [ERROR] ConditionMgr:805 - Attr not supported : Dmpu
2024-12-01 14:34:51,290 [ERROR] ConditionMgr:805 - Attr not supported : Dmpu
2024-12-01 14:34:51,290 [ERROR] ConditionMgr:805 - Attr not supported : Dmpu
2024-12-01 14:34:51,290 [ERROR] ConditionMgr:805 - Attr not supported : Dmpu
2024-12-01 14:34:51,290 [ERROR] ConditionMgr:805 - Attr not supported : Dmpu
2024-12-01 14:34:51,290 [ERROR] ConditionMgr:805 - Attr not supported : Dmpu
2024-12-01 14:34:51,290 [ERROR] ConditionMgr:805 - Attr not supported : Dmpu
2024-12-01 14:34:51,290 [ERROR] ConditionMgr:805 - Attr not supported : Dmpu
2024-12-01 14:34:51,290 [ERROR] ConditionMgr:805 - Attr not supported : Dmpu
2024-12-01 14:34:51,290 [ERROR] ConditionMgr:805 - Attr not supported : Dmpu
2024-12-01 14:34:51,290 [ERROR] ConditionMgr:805 - Attr not supported : Dmpu
2024-12-01 14:34:51,290 [ERROR] ConditionMgr:805 - Attr not supported : Dmpu
2024-12-01 14:34:51,301 [WARN] PackLoader:240 - Cannot read IP mode file for STMicroelectronics.X-CUBE-BLEMGR.3.0.0
2024-12-01 14:34:51,313 [WARN] PackLoader:240 - Cannot read IP mode file for STMicroelectronics.X-CUBE-BLEMGR.1.3.0
2024-12-01 14:34:51,325 [WARN] PackLoader:240 - Cannot read IP mode file for RealThread.X-CUBE-RT-Thread_Nano.4.1.1
2024-12-01 14:34:51,336 [WARN] ConditionMgr:438 - getConditionDescription Invalid condition id : Cortex-A Device cause : null
2024-12-01 14:34:51,356 [WARN] ConditionMgr:1039 - genDependencies : Invalid condition id : Cortex-A Device cause : null
2024-12-01 14:34:51,356 [WARN] ConditionMgr:1039 - genDependencies : Invalid condition id : Cortex-A Device cause : null
2024-12-01 14:34:51,356 [WARN] ConditionMgr:1039 - genDependencies : Invalid condition id : Cortex-A Device cause : null
2024-12-01 14:34:51,365 [WARN] PackLoader:240 - Cannot read IP mode file for STMicroelectronics.X-CUBE-EEPRMA1.5.1.0
2024-12-01 14:34:51,409 [WARN] PackLoader:240 - Cannot read IP mode file for STMicroelectronics.X-CUBE-MEMS1.9.5.0
2024-12-01 14:34:51,546 [WARN] PackLoader:240 - Cannot read IP mode file for SEGGER.I-CUBE-embOS.1.3.1
2024-12-01 14:34:51,599 [WARN] PackLoader:240 - Cannot read IP mode file for STMicroelectronics.X-CUBE-ALGOBUILD.1.4.0
2024-12-01 14:34:51,602 [WARN] PackLoader:240 - Cannot read IP mode file for STMicroelectronics.X-CUBE-AI.9.1.0
2024-12-01 14:34:51,608 [WARN] PackLoader:240 - Cannot read IP mode file for STMicroelectronics.X-CUBE-GNSS1.6.0.0
2024-12-01 14:34:51,624 [WARN] PackLoader:240 - Cannot read IP mode file for STMicroelectronics.X-CUBE-AZRTOS-F4.1.1.0
2024-12-01 14:34:51,632 [WARN] PackLoader:240 - Cannot read IP mode file for wolfSSL.I-CUBE-wolfSSL.5.6.3
2024-12-01 14:34:51,637 [WARN] PackLoader:240 - Cannot read IP mode file for STMicroelectronics.X-CUBE-ISPU.2.1.0
2024-12-01 14:34:51,644 [WARN] PackLoader:240 - Cannot read IP mode file for STMicroelectronics.X-CUBE-FREERTOS.1.2.0
2024-12-01 14:34:51,661 [WARN] PackLoader:240 - Cannot read IP mode file for STMicroelectronics.X-CUBE-AZRTOS-L5.2.0.0
2024-12-01 14:34:51,692 [WARN] PackLoader:240 - Cannot read IP mode file for STMicroelectronics.X-CUBE-MEMS1.9.6.0
2024-12-01 14:34:51,923 [WARN] PackLoader:240 - Cannot read IP mode file for STMicroelectronics.X-CUBE-EEPRMA1.4.2.0
2024-12-01 14:34:51,933 [WARN] PackLoader:240 - Cannot read IP mode file for STMicroelectronics.X-CUBE-NFC6.3.1.0
2024-12-01 14:34:51,945 [WARN] PackLoader:240 - Cannot read IP mode file for ITTIA_DB.I-CUBE-ITTIADB.8.8.0
2024-12-01 14:34:51,954 [WARN] PackLoader:240 - Cannot read IP mode file for STMicroelectronics.X-CUBE-BLEMGR.2.0.0
2024-12-01 14:34:51,962 [WARN] PackLoader:240 - Cannot read IP mode file for STMicroelectronics.X-CUBE-DPower.1.2.0
2024-12-01 14:34:51,967 [WARN] PackLoader:240 - Cannot read IP mode file for STMicroelectronics.X-CUBE-AI.9.0.0
2024-12-01 14:34:51,987 [WARN] ConditionMgr:438 - getConditionDescription Invalid condition id : UX DEVICE CLASS RTOS Condition cause : null
2024-12-01 14:34:51,988 [WARN] ConditionMgr:438 - getConditionDescription Invalid condition id : UX DEVICE CLASS RTOS Condition cause : null
2024-12-01 14:34:51,991 [WARN] PackLoader:240 - Cannot read IP mode file for STMicroelectronics.X-CUBE-AZRTOS-H7.3.1.0
2024-12-01 14:34:51,992 [WARN] ConditionMgr:1039 - genDependencies : Invalid condition id : UX DEVICE CLASS RTOS Condition cause : null
2024-12-01 14:34:51,993 [WARN] ConditionMgr:1039 - genDependencies : Invalid condition id : UX DEVICE CLASS RTOS Condition cause : null
2024-12-01 14:34:51,993 [WARN] ConditionMgr:1039 - genDependencies : Invalid condition id : UX DEVICE CLASS RTOS Condition cause : null
2024-12-01 14:34:51,994 [WARN] ConditionMgr:1039 - genDependencies : Invalid condition id : UX DEVICE CLASS RTOS Condition cause : null
2024-12-01 14:34:51,994 [WARN] ConditionMgr:1039 - genDependencies : Invalid condition id : UX DEVICE CLASS RTOS Condition cause : null
2024-12-01 14:34:52,002 [WARN] PackLoader:240 - Cannot read IP mode file for STMicroelectronics.X-CUBE-NFC7.1.0.1
2024-12-01 14:34:52,008 [WARN] PackLoader:240 - Cannot read IP mode file for STMicroelectronics.X-CUBE-NFC7.1.0.0
2024-12-01 14:34:52,015 [WARN] PackLoader:240 - Cannot read IP mode file for wolfSSL.I-CUBE-wolfTPM.3.2.0
2024-12-01 14:34:52,022 [WARN] PackLoader:240 - Cannot read IP mode file for STMicroelectronics.X-CUBE-NFC6.3.0.0
2024-12-01 14:34:52,030 [WARN] PackLoader:240 - Cannot read IP mode file for STMicroelectronics.X-CUBE-EEPRMA1.4.1.0
2024-12-01 14:34:52,036 [WARN] PackLoader:240 - Cannot read IP mode file for STMicroelectronics.X-CUBE-AI.8.1.0
2024-12-01 14:34:52,053 [WARN] ConditionMgr:438 - getConditionDescription Invalid condition id : LAN8742 Phy interface Condition cause : null
2024-12-01 14:34:52,054 [WARN] PackLoader:240 - Cannot read IP mode file for STMicroelectronics.X-CUBE-AZRTOS-L4.2.0.0
2024-12-01 14:34:52,055 [WARN] ConditionMgr:1039 - genDependencies : Invalid condition id : LAN8742 Phy interface Condition cause : null
2024-12-01 14:34:52,055 [WARN] ConditionMgr:1039 - genDependencies : Invalid condition id : LAN8742 Phy interface Condition cause : null
2024-12-01 14:34:52,056 [WARN] ConditionMgr:1039 - genDependencies : Invalid condition id : LAN8742 Phy interface Condition cause : null
2024-12-01 14:34:52,063 [WARN] PackLoader:240 - Cannot read IP mode file for STMicroelectronics.X-CUBE-ISPU.1.1.0
2024-12-01 14:34:52,084 [WARN] PackLoader:240 - Cannot read IP mode file for STMicroelectronics.X-CUBE-AZRTOS-H7.3.3.0
2024-12-01 14:34:52,098 [WARN] PackLoader:240 - Cannot read IP mode file for STMicroelectronics.X-CUBE-IPS.3.0.0
2024-12-01 14:34:52,115 [WARN] ConditionMgr:438 - getConditionDescription Invalid condition id : UX DEVICE CLASS RTOS Condition cause : null
2024-12-01 14:34:52,115 [WARN] ConditionMgr:438 - getConditionDescription Invalid condition id : UX DEVICE CLASS RTOS Condition cause : null
2024-12-01 14:34:52,118 [WARN] PackLoader:240 - Cannot read IP mode file for STMicroelectronics.X-CUBE-AZRTOS-WB.2.0.0
2024-12-01 14:34:52,118 [WARN] ConditionMgr:1039 - genDependencies : Invalid condition id : UX DEVICE CLASS RTOS Condition cause : null
2024-12-01 14:34:52,118 [WARN] ConditionMgr:1039 - genDependencies : Invalid condition id : UX DEVICE CLASS RTOS Condition cause : null
2024-12-01 14:34:52,119 [WARN] ConditionMgr:1039 - genDependencies : Invalid condition id : UX DEVICE CLASS RTOS Condition cause : null
2024-12-01 14:34:52,119 [WARN] ConditionMgr:1039 - genDependencies : Invalid condition id : UX DEVICE CLASS RTOS Condition cause : null
2024-12-01 14:34:52,119 [WARN] ConditionMgr:1039 - genDependencies : Invalid condition id : UX DEVICE CLASS RTOS Condition cause : null
2024-12-01 14:34:52,125 [WARN] PackLoader:240 - Cannot read IP mode file for STMicroelectronics.X-CUBE-FREERTOS.1.0.1
2024-12-01 14:34:52,131 [WARN] PackLoader:240 - Cannot read IP mode file for STMicroelectronics.X-CUBE-GNSS1.7.0.0
2024-12-01 14:34:52,140 [WARN] PackLoader:240 - Cannot read IP mode file for STMicroelectronics.FP-SNS-STBOX1.2.0.0
2024-12-01 14:34:52,163 [WARN] PackLoader:240 - Cannot read IP mode file for STMicroelectronics.X-CUBE-AZRTOS-L5.1.1.0
2024-12-01 14:34:52,172 [WARN] PackLoader:240 - Cannot read IP mode file for STMicroelectronics.X-CUBE-AI.8.0.1
2024-12-01 14:34:52,184 [WARN] PackLoader:240 - Cannot read IP mode file for Cesanta.I-CUBE-Mongoose.7.13.0
2024-12-01 14:34:52,195 [WARN] PackLoader:240 - Cannot read IP mode file for STMicroelectronics.X-CUBE-TOF1.3.3.1
2024-12-01 14:34:52,221 [WARN] PackLoader:240 - Cannot read IP mode file for STMicroelectronics.X-CUBE-AZRTOS-G4.2.0.0
2024-12-01 14:34:52,227 [WARN] PackLoader:240 - Cannot read IP mode file for STMicroelectronics.FP-ATR-ASTRA1.1.1.1
2024-12-01 14:34:52,238 [WARN] PackLoader:240 - Cannot read IP mode file for Infineon.AIROC-Wi-Fi-Bluetooth-STM32.1.5.1
2024-12-01 14:34:52,248 [WARN] PackLoader:240 - Cannot read IP mode file for STMicroelectronics.FP-SNS-MOTENVWB1.1.3.0
2024-12-01 14:34:52,254 [WARN] PackLoader:240 - Cannot read IP mode file for STMicroelectronics.FP-SNS-MOTENVWB1.1.3.1
2024-12-01 14:34:52,262 [WARN] PackLoader:240 - Cannot read IP mode file for STMicroelectronics.X-CUBE-ISPU.2.0.0
2024-12-01 14:34:52,269 [WARN] PackLoader:240 - Cannot read IP mode file for STMicroelectronics.X-CUBE-ALS.1.0.2
2024-12-01 14:34:52,329 [WARN] PackLoader:240 - Cannot read IP mode file for STMicroelectronics.X-CUBE-MEMS1.10.0.0
2024-12-01 14:34:52,449 [WARN] PackLoader:240 - Cannot read IP mode file for STMicroelectronics.X-CUBE-FREERTOS.1.1.0
2024-12-01 14:34:52,453 [WARN] PackLoader:240 - Cannot read IP mode file for STMicroelectronics.X-CUBE-TOUCHGFX.4.24.0
2024-12-01 14:34:52,455 [WARN] PackLoader:240 - Cannot read IP mode file for STMicroelectronics.X-CUBE-TOUCHGFX.4.24.1
2024-12-01 14:34:52,460 [WARN] PackLoader:240 - Cannot read IP mode file for portGmbH.I-Cube-SoM-uGOAL.1.1.0
2024-12-01 14:34:52,464 [WARN] PackLoader:240 - Cannot read IP mode file for STMicroelectronics.X-CUBE-ALS.1.0.1
2024-12-01 14:34:52,472 [WARN] PackLoader:240 - Cannot read IP mode file for STMicroelectronics.X-CUBE-AZRTOS-WB.1.1.0
2024-12-01 14:34:52,486 [WARN] PackLoader:240 - Cannot read IP mode file for STMicroelectronics.X-CUBE-AZRTOS-H7RS.1.0.0
2024-12-01 14:34:52,490 [WARN] PackLoader:240 - Cannot read IP mode file for STMicroelectronics.FP-ATR-ASTRA1.2.0.0
2024-12-01 14:34:52,498 [WARN] PackLoader:240 - Cannot read IP mode file for STMicroelectronics.X-CUBE-TOF1.3.4.2
2024-12-01 14:34:52,511 [WARN] PackLoader:240 - Cannot read IP mode file for STMicroelectronics.X-CUBE-TOF1.3.4.0
2024-12-01 14:34:52,523 [WARN] PackLoader:240 - Cannot read IP mode file for STMicroelectronics.X-CUBE-TOF1.3.4.1
2024-12-01 14:34:52,541 [WARN] PackLoader:240 - Cannot read IP mode file for STMicroelectronics.X-CUBE-AZRTOS-H7.3.2.0
2024-12-01 14:34:52,547 [WARN] PackLoader:240 - Cannot read IP mode file for wolfSSL.I-CUBE-wolfSSH.1.4.17
2024-12-01 14:34:52,548 [INFO] ThirdParty:978 - Integrity check success = true
2024-12-01 14:34:52,548 [INFO] IntegrityCheckThread:100 - exiting critical section [integrity check]
2024-12-01 14:34:52,548 [INFO] IntegrityCheckThread:103 - End integrity checks thread
2024-12-01 14:35:15,954 [ERROR] LogOutputStream:75 - [STDERR_REDIRECT] 
